<?xml version="1.0" encoding="UTF-8"?>
<testsuites name="FR_06" time="348.525" tests="7" failures="7" errors="0">
   <testsuite name="FR_06" tests="7" failures="7" errors="0" time="348.525" skipped="0" timestamp="2022-07-20 11:46:42" hostname="ASUS - LAPTOP-U8BGHACE" id="Test Suites/FR_06">
      <properties>
         <property name="deviceName" value=""/>
         <property name="devicePlatform" value=""/>
         <property name="logFolder" value="E:\\Telkom University\\SEMESTER 7\\KP\\Magang - Birutekno\\QA\\Soca-AI\\Reports\\20220720_114640\\FR_06\\20220720_114640"/>
         <property name="logFiles" value="E:\\Telkom University\\SEMESTER 7\\KP\\Magang - Birutekno\\QA\\Soca-AI\\Reports\\20220720_114640\\FR_06\\20220720_114640\\execution0.log"/>
         <property name="attachments" value="E:\\Telkom University\\SEMESTER 7\\KP\\Magang - Birutekno\\QA\\Soca-AI\\Reports\\20220720_114640\\FR_06\\20220720_114640\\1658292458232.png, E:\\Telkom University\\SEMESTER 7\\KP\\Magang - Birutekno\\QA\\Soca-AI\\Reports\\20220720_114640\\FR_06\\20220720_114640\\1658292512841.png, E:\\Telkom University\\SEMESTER 7\\KP\\Magang - Birutekno\\QA\\Soca-AI\\Reports\\20220720_114640\\FR_06\\20220720_114640\\1658292560803.png, E:\\Telkom University\\SEMESTER 7\\KP\\Magang - Birutekno\\QA\\Soca-AI\\Reports\\20220720_114640\\FR_06\\20220720_114640\\1658292609148.png, E:\\Telkom University\\SEMESTER 7\\KP\\Magang - Birutekno\\QA\\Soca-AI\\Reports\\20220720_114640\\FR_06\\20220720_114640\\1658292656500.png, E:\\Telkom University\\SEMESTER 7\\KP\\Magang - Birutekno\\QA\\Soca-AI\\Reports\\20220720_114640\\FR_06\\20220720_114640\\1658292704016.png, E:\\Telkom University\\SEMESTER 7\\KP\\Magang - Birutekno\\QA\\Soca-AI\\Reports\\20220720_114640\\FR_06\\20220720_114640\\1658292751107.png"/>
         <property name="hostName" value="ASUS - LAPTOP-U8BGHACE"/>
         <property name="os" value="Windows 10 64bit"/>
         <property name="katalonVersion" value="8.4.0.208"/>
         <property name="browser" value="Chrome 103.0.5060.114"/>
         <property name="hostAddress" value="192.168.0.5"/>
         <property name="sessionId" value="4704bfc3586181328c4b43b874d78c92"/>
         <property name="seleniumVersion" value="3.141.59"/>
         <property name="proxyInformation" value="ProxyInformation { proxyOption=NO_PROXY, proxyServerType=HTTP, username=, password=********, proxyServerAddress=, proxyServerPort=0, executionList=&quot;&quot;, isApplyToDesiredCapabilities=true }"/>
         <property name="platform" value="Windows 10"/>
      </properties>
      <testcase name="Test Cases/TC_38" time="55.343" classname="Test Cases/TC_38" status="FAILED">
         <failure type="FAILED" message="Test Cases/TC_38 FAILED.
Reason:
com.kms.katalon.core.exception.StepFailedException: Unable to click on object 'Object Repository/tc38/Page_soca-ai-proctoring-dashboard/svg_(Selected time)_bi-chevron-up b-icon bi'
	at com.kms.katalon.core.webui.keyword.internal.WebUIKeywordMain.stepFailed(WebUIKeywordMain.groovy:64)
	at com.kms.katalon.core.webui.keyword.internal.WebUIKeywordMain.runKeyword(WebUIKeywordMain.groovy:26)
	at com.kms.katalon.core.webui.keyword.builtin.ClickKeyword.click(ClickKeyword.groovy:74)
	at com.kms.katalon.core.webui.keyword.builtin.ClickKeyword.execute(ClickKeyword.groovy:40)
	at com.kms.katalon.core.keyword.internal.KeywordExecutor.executeKeywordForPlatform(KeywordExecutor.groovy:74)
	at com.kms.katalon.core.webui.keyword.WebUiBuiltInKeywords.click(WebUiBuiltInKeywords.groovy:620)
	at com.kms.katalon.core.webui.keyword.WebUiBuiltInKeywords$click$1.call(Unknown Source)
	at TC_38.run(TC_38:73)
	at com.kms.katalon.core.main.ScriptEngine.run(ScriptEngine.java:194)
	at com.kms.katalon.core.main.ScriptEngine.runScriptAsRawText(ScriptEngine.java:119)
	at com.kms.katalon.core.main.TestCaseExecutor.runScript(TestCaseExecutor.java:445)
	at com.kms.katalon.core.main.TestCaseExecutor.doExecute(TestCaseExecutor.java:436)
	at com.kms.katalon.core.main.TestCaseExecutor.processExecutionPhase(TestCaseExecutor.java:415)
	at com.kms.katalon.core.main.TestCaseExecutor.accessMainPhase(TestCaseExecutor.java:407)
	at com.kms.katalon.core.main.TestCaseExecutor.execute(TestCaseExecutor.java:284)
	at com.kms.katalon.core.common.CommonExecutor.accessTestCaseMainPhase(CommonExecutor.java:65)
	at com.kms.katalon.core.main.TestSuiteExecutor.accessTestSuiteMainPhase(TestSuiteExecutor.java:144)
	at com.kms.katalon.core.main.TestSuiteExecutor.execute(TestSuiteExecutor.java:106)
	at com.kms.katalon.core.main.TestCaseMain.startTestSuite(TestCaseMain.java:185)
	at com.kms.katalon.core.main.TestCaseMain$startTestSuite$0.call(Unknown Source)
	at TempTestSuite1658292400137.run(TempTestSuite1658292400137.groovy:36)
Caused by: com.kms.katalon.core.webui.exception.WebElementNotFoundException: Web element with id: 'Object Repository/tc38/Page_soca-ai-proctoring-dashboard/svg_(Selected time)_bi-chevron-up b-icon bi' located by '(.//*[normalize-space(text()) and normalize-space(.)='(Selected time)'])[1]/following::*[name()='svg'][5]' not found
	at com.kms.katalon.core.webui.common.WebUiCommonHelper.findWebElement(WebUiCommonHelper.java:1370)
	at com.kms.katalon.core.webui.keyword.internal.WebUIAbstractKeyword.findWebElement(WebUIAbstractKeyword.groovy:27)
	at com.kms.katalon.core.webui.keyword.builtin.ClickKeyword$_click_closure1.doCall(ClickKeyword.groovy:65)
	at com.kms.katalon.core.webui.keyword.builtin.ClickKeyword$_click_closure1.call(ClickKeyword.groovy)
	at com.kms.katalon.core.webui.keyword.internal.WebUIKeywordMain.runKeyword(WebUIKeywordMain.groovy:20)
	... 19 more
"/>
         <system-out><![CDATA[2022-07-20 11:46:43 - [TEST_CASE][FAILED] - Test Cases/TC_38: Test Cases/TC_38 FAILED.
Reason:
com.kms.katalon.core.exception.StepFailedException: Unable to click on object 'Object Repository/tc38/Page_soca-ai-proctoring-dashboard/svg_(Selected time)_bi-chevron-up b-icon bi'
	at com.kms.katalon.core.webui.keyword.internal.WebUIKeywordMain.stepFailed(WebUIKeywordMain.groovy:64)
	at com.kms.katalon.core.webui.keyword.internal.WebUIKeywordMain.runKeyword(WebUIKeywordMain.groovy:26)
	at com.kms.katalon.core.webui.keyword.builtin.ClickKeyword.click(ClickKeyword.groovy:74)
	at com.kms.katalon.core.webui.keyword.builtin.ClickKeyword.execute(ClickKeyword.groovy:40)
	at com.kms.katalon.core.keyword.internal.KeywordExecutor.executeKeywordForPlatform(KeywordExecutor.groovy:74)
	at com.kms.katalon.core.webui.keyword.WebUiBuiltInKeywords.click(WebUiBuiltInKeywords.groovy:620)
	at com.kms.katalon.core.webui.keyword.WebUiBuiltInKeywords$click$1.call(Unknown Source)
	at TC_38.run(TC_38:73)
	at com.kms.katalon.core.main.ScriptEngine.run(ScriptEngine.java:194)
	at com.kms.katalon.core.main.ScriptEngine.runScriptAsRawText(ScriptEngine.java:119)
	at com.kms.katalon.core.main.TestCaseExecutor.runScript(TestCaseExecutor.java:445)
	at com.kms.katalon.core.main.TestCaseExecutor.doExecute(TestCaseExecutor.java:436)
	at com.kms.katalon.core.main.TestCaseExecutor.processExecutionPhase(TestCaseExecutor.java:415)
	at com.kms.katalon.core.main.TestCaseExecutor.accessMainPhase(TestCaseExecutor.java:407)
	at com.kms.katalon.core.main.TestCaseExecutor.execute(TestCaseExecutor.java:284)
	at com.kms.katalon.core.common.CommonExecutor.accessTestCaseMainPhase(CommonExecutor.java:65)
	at com.kms.katalon.core.main.TestSuiteExecutor.accessTestSuiteMainPhase(TestSuiteExecutor.java:144)
	at com.kms.katalon.core.main.TestSuiteExecutor.execute(TestSuiteExecutor.java:106)
	at com.kms.katalon.core.main.TestCaseMain.startTestSuite(TestCaseMain.java:185)
	at com.kms.katalon.core.main.TestCaseMain$startTestSuite$0.call(Unknown Source)
	at TempTestSuite1658292400137.run(TempTestSuite1658292400137.groovy:36)
Caused by: com.kms.katalon.core.webui.exception.WebElementNotFoundException: Web element with id: 'Object Repository/tc38/Page_soca-ai-proctoring-dashboard/svg_(Selected time)_bi-chevron-up b-icon bi' located by '(.//*[normalize-space(text()) and normalize-space(.)='(Selected time)'])[1]/following::*[name()='svg'][5]' not found
	at com.kms.katalon.core.webui.common.WebUiCommonHelper.findWebElement(WebUiCommonHelper.java:1370)
	at com.kms.katalon.core.webui.keyword.internal.WebUIAbstractKeyword.findWebElement(WebUIAbstractKeyword.groovy:27)
	at com.kms.katalon.core.webui.keyword.builtin.ClickKeyword$_click_closure1.doCall(ClickKeyword.groovy:65)
	at com.kms.katalon.core.webui.keyword.builtin.ClickKeyword$_click_closure1.call(ClickKeyword.groovy)
	at com.kms.katalon.core.webui.keyword.internal.WebUIKeywordMain.runKeyword(WebUIKeywordMain.groovy:20)
	... 19 more


2022-07-20 11:46:43 - [TEST_STEP][PASSED] - openBrowser(""): Browser is opened with url: ''

2022-07-20 11:46:43 - [MESSAGE][INFO] - Starting 'Chrome' driver

2022-07-20 11:46:43 - [MESSAGE][INFO] - Action delay is set to 0 milliseconds

2022-07-20 11:46:46 - [MESSAGE][PASSED] - Browser is opened with url: ''

2022-07-20 11:46:46 - [TEST_STEP][PASSED] - navigateToUrl("https://soca.ai/home"): Navigate to 'https://soca.ai/home' successfully

2022-07-20 11:46:47 - [MESSAGE][PASSED] - Navigate to 'https://soca.ai/home' successfully

2022-07-20 11:46:47 - [TEST_STEP][PASSED] - click(findTestObject("Object Repository/tc38/Page_soca.ai/a_Sign In")): Object: 'Object Repository/tc38/Page_soca.ai/a_Sign In' is clicked on

2022-07-20 11:46:49 - [MESSAGE][PASSED] - Object: 'Object Repository/tc38/Page_soca.ai/a_Sign In' is clicked on

2022-07-20 11:46:49 - [TEST_STEP][PASSED] - setText(findTestObject("Object Repository/tc38/Page_soca-dashboarduser/input_Email_form-control"), "kp3skp.dev@gmail.com"): Text 'kp3skp.dev@gmail.com' is set on object 'Object Repository/tc38/Page_soca-dashboarduser/input_Email_form-control'

2022-07-20 11:46:50 - [MESSAGE][PASSED] - Text 'kp3skp.dev@gmail.com' is set on object 'Object Repository/tc38/Page_soca-dashboarduser/input_Email_form-control'

2022-07-20 11:46:50 - [TEST_STEP][PASSED] - setEncryptedText(findTestObject("Object Repository/tc38/Page_soca-dashboarduser/input_Password_form-control mb-2"), "RigbBhfdqODKcAsiUrg+1Q=="): Text ****** has been set on object 'Object Repository/tc38/Page_soca-dashboarduser/input_Password_form-control mb-2'

2022-07-20 11:46:50 - [MESSAGE][PASSED] - Text ****** has been set on object 'Object Repository/tc38/Page_soca-dashboarduser/input_Password_form-control mb-2'

2022-07-20 11:46:50 - [TEST_STEP][PASSED] - click(findTestObject("Object Repository/tc38/Page_soca-dashboarduser/button_Sign In")): Object: 'Object Repository/tc38/Page_soca-dashboarduser/button_Sign In' is clicked on

2022-07-20 11:46:51 - [MESSAGE][PASSED] - Object: 'Object Repository/tc38/Page_soca-dashboarduser/button_Sign In' is clicked on

2022-07-20 11:46:51 - [TEST_STEP][PASSED] - click(findTestObject("Object Repository/tc38/Page_soca-dashboarduser/button_OK")): Object: 'Object Repository/tc38/Page_soca-dashboarduser/button_OK' is clicked on

2022-07-20 11:46:52 - [MESSAGE][PASSED] - Object: 'Object Repository/tc38/Page_soca-dashboarduser/button_OK' is clicked on

2022-07-20 11:46:52 - [TEST_STEP][PASSED] - click(findTestObject("Object Repository/tc38/Page_soca-dashboarduser/a_Projects")): Object: 'Object Repository/tc38/Page_soca-dashboarduser/a_Projects' is clicked on

2022-07-20 11:46:54 - [MESSAGE][PASSED] - Object: 'Object Repository/tc38/Page_soca-dashboarduser/a_Projects' is clicked on

2022-07-20 11:46:54 - [TEST_STEP][PASSED] - click(findTestObject("Object Repository/tc38/Page_soca-dashboarduser/button_Dashboard")): Object: 'Object Repository/tc38/Page_soca-dashboarduser/button_Dashboard' is clicked on

2022-07-20 11:46:55 - [MESSAGE][PASSED] - Object: 'Object Repository/tc38/Page_soca-dashboarduser/button_Dashboard' is clicked on

2022-07-20 11:46:55 - [TEST_STEP][PASSED] - click(findTestObject("Object Repository/tc38/Page_soca-ai-proctoring-dashboard/span_Schedule")): Object: 'Object Repository/tc38/Page_soca-ai-proctoring-dashboard/span_Schedule' is clicked on

2022-07-20 11:46:58 - [MESSAGE][PASSED] - Object: 'Object Repository/tc38/Page_soca-ai-proctoring-dashboard/span_Schedule' is clicked on

2022-07-20 11:46:58 - [TEST_STEP][PASSED] - selectOptionByValue(findTestObject("Object Repository/tc38/Page_soca-ai-proctoring-dashboard/select_--Select Event Name--Ujiantesuas"), "62d75991aed847c7e3028120", true): All options with value '62d75991aed847c7e3028120' are selected in object 'Object Repository/tc38/Page_soca-ai-proctoring-dashboard/select_--Select Event Name--Ujiantesuas'  using regular expression

2022-07-20 11:46:59 - [MESSAGE][PASSED] - All options with value '62d75991aed847c7e3028120' are selected in object 'Object Repository/tc38/Page_soca-ai-proctoring-dashboard/select_--Select Event Name--Ujiantesuas'  using regular expression

2022-07-20 11:46:59 - [TEST_STEP][PASSED] - selectOptionByValue(findTestObject("tc38/Page_soca-ai-proctoring-dashboard/select_Expired TimeDuration"), "time", true): All options with value 'time' are selected in object 'Object Repository/tc38/Page_soca-ai-proctoring-dashboard/select_Expired TimeDuration'  using regular expression

2022-07-20 11:47:00 - [MESSAGE][PASSED] - All options with value 'time' are selected in object 'Object Repository/tc38/Page_soca-ai-proctoring-dashboard/select_Expired TimeDuration'  using regular expression

2022-07-20 11:47:00 - [TEST_STEP][PASSED] - setText(findTestObject("tc38/Page_soca-ai-proctoring-dashboard/input_Schedule Name_description"), "Sesi pagi"): Text 'Sesi pagi' is set on object 'Object Repository/tc38/Page_soca-ai-proctoring-dashboard/input_Schedule Name_description'

2022-07-20 11:47:01 - [MESSAGE][PASSED] - Text 'Sesi pagi' is set on object 'Object Repository/tc38/Page_soca-ai-proctoring-dashboard/input_Schedule Name_description'

2022-07-20 11:47:01 - [TEST_STEP][PASSED] - click(findTestObject("Object Repository/tc38/Page_soca-ai-proctoring-dashboard/label_No date selected")): Object: 'Object Repository/tc38/Page_soca-ai-proctoring-dashboard/label_No date selected' is clicked on

2022-07-20 11:47:01 - [MESSAGE][PASSED] - Object: 'Object Repository/tc38/Page_soca-ai-proctoring-dashboard/label_No date selected' is clicked on

2022-07-20 11:47:01 - [TEST_STEP][PASSED] - click(findTestObject("Object Repository/tc38/Page_soca-ai-proctoring-dashboard/span_20")): Object: 'Object Repository/tc38/Page_soca-ai-proctoring-dashboard/span_20' is clicked on

2022-07-20 11:47:02 - [MESSAGE][PASSED] - Object: 'Object Repository/tc38/Page_soca-ai-proctoring-dashboard/span_20' is clicked on

2022-07-20 11:47:02 - [TEST_STEP][PASSED] - click(findTestObject("Object Repository/tc38/Page_soca-ai-proctoring-dashboard/label_No date selected_1")): Object: 'Object Repository/tc38/Page_soca-ai-proctoring-dashboard/label_No date selected_1' is clicked on

2022-07-20 11:47:02 - [MESSAGE][PASSED] - Object: 'Object Repository/tc38/Page_soca-ai-proctoring-dashboard/label_No date selected_1' is clicked on

2022-07-20 11:47:02 - [TEST_STEP][PASSED] - click(findTestObject("Object Repository/tc38/Page_soca-ai-proctoring-dashboard/span_25")): Object: 'Object Repository/tc38/Page_soca-ai-proctoring-dashboard/span_25' is clicked on

2022-07-20 11:47:03 - [MESSAGE][PASSED] - Object: 'Object Repository/tc38/Page_soca-ai-proctoring-dashboard/span_25' is clicked on

2022-07-20 11:47:03 - [TEST_STEP][PASSED] - doubleClick(findTestObject("Object Repository/tc38/Page_soca-ai-proctoring-dashboard/svg_No time selected_bi-chevron-up b-icon bi")): Object: 'Object Repository/tc38/Page_soca-ai-proctoring-dashboard/svg_No time selected_bi-chevron-up b-icon bi' is double clicked on

2022-07-20 11:47:03 - [MESSAGE][PASSED] - Object: 'Object Repository/tc38/Page_soca-ai-proctoring-dashboard/svg_No time selected_bi-chevron-up b-icon bi' is double clicked on

2022-07-20 11:47:03 - [TEST_STEP][PASSED] - click(findTestObject("Object Repository/tc38/Page_soca-ai-proctoring-dashboard/svg_No time selected_bi-chevron-up b-icon bi")): Object: 'Object Repository/tc38/Page_soca-ai-proctoring-dashboard/svg_No time selected_bi-chevron-up b-icon bi' is clicked on

2022-07-20 11:47:04 - [MESSAGE][PASSED] - Object: 'Object Repository/tc38/Page_soca-ai-proctoring-dashboard/svg_No time selected_bi-chevron-up b-icon bi' is clicked on

2022-07-20 11:47:04 - [TEST_STEP][PASSED] - click(findTestObject("Object Repository/tc38/Page_soca-ai-proctoring-dashboard/svg_No time selected_bi-chevron-up b-icon bi")): Object: 'Object Repository/tc38/Page_soca-ai-proctoring-dashboard/svg_No time selected_bi-chevron-up b-icon bi' is clicked on

2022-07-20 11:47:04 - [MESSAGE][PASSED] - Object: 'Object Repository/tc38/Page_soca-ai-proctoring-dashboard/svg_No time selected_bi-chevron-up b-icon bi' is clicked on

2022-07-20 11:47:04 - [TEST_STEP][PASSED] - click(findTestObject("Object Repository/tc38/Page_soca-ai-proctoring-dashboard/svg_No time selected_bi-chevron-up b-icon bi")): Object: 'Object Repository/tc38/Page_soca-ai-proctoring-dashboard/svg_No time selected_bi-chevron-up b-icon bi' is clicked on

2022-07-20 11:47:05 - [MESSAGE][PASSED] - Object: 'Object Repository/tc38/Page_soca-ai-proctoring-dashboard/svg_No time selected_bi-chevron-up b-icon bi' is clicked on

2022-07-20 11:47:05 - [TEST_STEP][PASSED] - click(findTestObject("Object Repository/tc38/Page_soca-ai-proctoring-dashboard/svg_No time selected_bi-chevron-up b-icon bi")): Object: 'Object Repository/tc38/Page_soca-ai-proctoring-dashboard/svg_No time selected_bi-chevron-up b-icon bi' is clicked on

2022-07-20 11:47:05 - [MESSAGE][PASSED] - Object: 'Object Repository/tc38/Page_soca-ai-proctoring-dashboard/svg_No time selected_bi-chevron-up b-icon bi' is clicked on

2022-07-20 11:47:05 - [TEST_STEP][PASSED] - click(findTestObject("Object Repository/tc38/Page_soca-ai-proctoring-dashboard/svg_No time selected_bi-chevron-up b-icon bi")): Object: 'Object Repository/tc38/Page_soca-ai-proctoring-dashboard/svg_No time selected_bi-chevron-up b-icon bi' is clicked on

2022-07-20 11:47:06 - [MESSAGE][PASSED] - Object: 'Object Repository/tc38/Page_soca-ai-proctoring-dashboard/svg_No time selected_bi-chevron-up b-icon bi' is clicked on

2022-07-20 11:47:06 - [TEST_STEP][PASSED] - doubleClick(findTestObject("Object Repository/tc38/Page_soca-ai-proctoring-dashboard/svg_No time selected_bi-chevron-up b-icon bi")): Object: 'Object Repository/tc38/Page_soca-ai-proctoring-dashboard/svg_No time selected_bi-chevron-up b-icon bi' is double clicked on

2022-07-20 11:47:06 - [MESSAGE][PASSED] - Object: 'Object Repository/tc38/Page_soca-ai-proctoring-dashboard/svg_No time selected_bi-chevron-up b-icon bi' is double clicked on

2022-07-20 11:47:06 - [TEST_STEP][PASSED] - click(findTestObject("Object Repository/tc38/Page_soca-ai-proctoring-dashboard/svg_No time selected_bi-chevron-up b-icon bi")): Object: 'Object Repository/tc38/Page_soca-ai-proctoring-dashboard/svg_No time selected_bi-chevron-up b-icon bi' is clicked on

2022-07-20 11:47:07 - [MESSAGE][PASSED] - Object: 'Object Repository/tc38/Page_soca-ai-proctoring-dashboard/svg_No time selected_bi-chevron-up b-icon bi' is clicked on

2022-07-20 11:47:07 - [TEST_STEP][FAILED] - click(findTestObject("Object Repository/tc38/Page_soca-ai-proctoring-dashboard/svg_(Selected time)_bi-chevron-up b-icon bi")): Unable to click on object 'Object Repository/tc38/Page_soca-ai-proctoring-dashboard/svg_(Selected time)_bi-chevron-up b-icon bi' (Root cause: com.kms.katalon.core.exception.StepFailedException: Unable to click on object 'Object Repository/tc38/Page_soca-ai-proctoring-dashboard/svg_(Selected time)_bi-chevron-up b-icon bi'
	at com.kms.katalon.core.webui.keyword.internal.WebUIKeywordMain.stepFailed(WebUIKeywordMain.groovy:64)
	at com.kms.katalon.core.webui.keyword.internal.WebUIKeywordMain.runKeyword(WebUIKeywordMain.groovy:26)
	at com.kms.katalon.core.webui.keyword.builtin.ClickKeyword.click(ClickKeyword.groovy:74)
	at com.kms.katalon.core.webui.keyword.builtin.ClickKeyword.execute(ClickKeyword.groovy:40)
	at com.kms.katalon.core.keyword.internal.KeywordExecutor.executeKeywordForPlatform(KeywordExecutor.groovy:74)
	at com.kms.katalon.core.webui.keyword.WebUiBuiltInKeywords.click(WebUiBuiltInKeywords.groovy:620)
	at com.kms.katalon.core.webui.keyword.WebUiBuiltInKeywords$click$1.call(Unknown Source)
	at TC_38.run(TC_38:73)
	at com.kms.katalon.core.main.ScriptEngine.run(ScriptEngine.java:194)
	at com.kms.katalon.core.main.ScriptEngine.runScriptAsRawText(ScriptEngine.java:119)
	at com.kms.katalon.core.main.TestCaseExecutor.runScript(TestCaseExecutor.java:445)
	at com.kms.katalon.core.main.TestCaseExecutor.doExecute(TestCaseExecutor.java:436)
	at com.kms.katalon.core.main.TestCaseExecutor.processExecutionPhase(TestCaseExecutor.java:415)
	at com.kms.katalon.core.main.TestCaseExecutor.accessMainPhase(TestCaseExecutor.java:407)
	at com.kms.katalon.core.main.TestCaseExecutor.execute(TestCaseExecutor.java:284)
	at com.kms.katalon.core.common.CommonExecutor.accessTestCaseMainPhase(CommonExecutor.java:65)
	at com.kms.katalon.core.main.TestSuiteExecutor.accessTestSuiteMainPhase(TestSuiteExecutor.java:144)
	at com.kms.katalon.core.main.TestSuiteExecutor.execute(TestSuiteExecutor.java:106)
	at com.kms.katalon.core.main.TestCaseMain.startTestSuite(TestCaseMain.java:185)
	at com.kms.katalon.core.main.TestCaseMain$startTestSuite$0.call(Unknown Source)
	at TempTestSuite1658292400137.run(TempTestSuite1658292400137.groovy:36)
Caused by: com.kms.katalon.core.webui.exception.WebElementNotFoundException: Web element with id: 'Object Repository/tc38/Page_soca-ai-proctoring-dashboard/svg_(Selected time)_bi-chevron-up b-icon bi' located by '(.//*[normalize-space(text()) and normalize-space(.)='(Selected time)'])[1]/following::*[name()='svg'][5]' not found
	at com.kms.katalon.core.webui.common.WebUiCommonHelper.findWebElement(WebUiCommonHelper.java:1370)
	at com.kms.katalon.core.webui.keyword.internal.WebUIAbstractKeyword.findWebElement(WebUIAbstractKeyword.groovy:27)
	at com.kms.katalon.core.webui.keyword.builtin.ClickKeyword$_click_closure1.doCall(ClickKeyword.groovy:65)
	at com.kms.katalon.core.webui.keyword.builtin.ClickKeyword$_click_closure1.call(ClickKeyword.groovy)
	at com.kms.katalon.core.webui.keyword.internal.WebUIKeywordMain.runKeyword(WebUIKeywordMain.groovy:20)
	at com.kms.katalon.core.webui.keyword.builtin.ClickKeyword.click(ClickKeyword.groovy:74)
	at com.kms.katalon.core.webui.keyword.builtin.ClickKeyword.execute(ClickKeyword.groovy:40)
	at com.kms.katalon.core.keyword.internal.KeywordExecutor.executeKeywordForPlatform(KeywordExecutor.groovy:74)
	at com.kms.katalon.core.webui.keyword.WebUiBuiltInKeywords.click(WebUiBuiltInKeywords.groovy:620)
	at com.kms.katalon.core.webui.keyword.WebUiBuiltInKeywords$click$1.call(Unknown Source)
	at Script1658282315525.run(Script1658282315525.groovy:73)
	... 13 more
)

2022-07-20 11:47:38 - [MESSAGE][INFO] - Unable to find the element located by 'By.xpath: (.//*[normalize-space(text()) and normalize-space(.)='(Selected time)'])[1]/following::*[name()='svg'][5]'. Please recheck the objects properties to make sure the desired element is located. 

2022-07-20 11:47:38 - [MESSAGE][FAILED] - Unable to click on object 'Object Repository/tc38/Page_soca-ai-proctoring-dashboard/svg_(Selected time)_bi-chevron-up b-icon bi' (Root cause: com.kms.katalon.core.exception.StepFailedException: Unable to click on object 'Object Repository/tc38/Page_soca-ai-proctoring-dashboard/svg_(Selected time)_bi-chevron-up b-icon bi'
	at com.kms.katalon.core.webui.keyword.internal.WebUIKeywordMain.stepFailed(WebUIKeywordMain.groovy:64)
	at com.kms.katalon.core.webui.keyword.internal.WebUIKeywordMain.runKeyword(WebUIKeywordMain.groovy:26)
	at com.kms.katalon.core.webui.keyword.builtin.ClickKeyword.click(ClickKeyword.groovy:74)
	at com.kms.katalon.core.webui.keyword.builtin.ClickKeyword.execute(ClickKeyword.groovy:40)
	at com.kms.katalon.core.keyword.internal.KeywordExecutor.executeKeywordForPlatform(KeywordExecutor.groovy:74)
	at com.kms.katalon.core.webui.keyword.WebUiBuiltInKeywords.click(WebUiBuiltInKeywords.groovy:620)
	at com.kms.katalon.core.webui.keyword.WebUiBuiltInKeywords$click$1.call(Unknown Source)
	at TC_38.run(TC_38:73)
	at com.kms.katalon.core.main.ScriptEngine.run(ScriptEngine.java:194)
	at com.kms.katalon.core.main.ScriptEngine.runScriptAsRawText(ScriptEngine.java:119)
	at com.kms.katalon.core.main.TestCaseExecutor.runScript(TestCaseExecutor.java:445)
	at com.kms.katalon.core.main.TestCaseExecutor.doExecute(TestCaseExecutor.java:436)
	at com.kms.katalon.core.main.TestCaseExecutor.processExecutionPhase(TestCaseExecutor.java:415)
	at com.kms.katalon.core.main.TestCaseExecutor.accessMainPhase(TestCaseExecutor.java:407)
	at com.kms.katalon.core.main.TestCaseExecutor.execute(TestCaseExecutor.java:284)
	at com.kms.katalon.core.common.CommonExecutor.accessTestCaseMainPhase(CommonExecutor.java:65)
	at com.kms.katalon.core.main.TestSuiteExecutor.accessTestSuiteMainPhase(TestSuiteExecutor.java:144)
	at com.kms.katalon.core.main.TestSuiteExecutor.execute(TestSuiteExecutor.java:106)
	at com.kms.katalon.core.main.TestCaseMain.startTestSuite(TestCaseMain.java:185)
	at com.kms.katalon.core.main.TestCaseMain$startTestSuite$0.call(Unknown Source)
	at TempTestSuite1658292400137.run(TempTestSuite1658292400137.groovy:36)
Caused by: com.kms.katalon.core.webui.exception.WebElementNotFoundException: Web element with id: 'Object Repository/tc38/Page_soca-ai-proctoring-dashboard/svg_(Selected time)_bi-chevron-up b-icon bi' located by '(.//*[normalize-space(text()) and normalize-space(.)='(Selected time)'])[1]/following::*[name()='svg'][5]' not found
	at com.kms.katalon.core.webui.common.WebUiCommonHelper.findWebElement(WebUiCommonHelper.java:1370)
	at com.kms.katalon.core.webui.keyword.internal.WebUIAbstractKeyword.findWebElement(WebUIAbstractKeyword.groovy:27)
	at com.kms.katalon.core.webui.keyword.builtin.ClickKeyword$_click_closure1.doCall(ClickKeyword.groovy:65)
	at com.kms.katalon.core.webui.keyword.builtin.ClickKeyword$_click_closure1.call(ClickKeyword.groovy)
	at com.kms.katalon.core.webui.keyword.internal.WebUIKeywordMain.runKeyword(WebUIKeywordMain.groovy:20)
	at com.kms.katalon.core.webui.keyword.builtin.ClickKeyword.click(ClickKeyword.groovy:74)
	at com.kms.katalon.core.webui.keyword.builtin.ClickKeyword.execute(ClickKeyword.groovy:40)
	at com.kms.katalon.core.keyword.internal.KeywordExecutor.executeKeywordForPlatform(KeywordExecutor.groovy:74)
	at com.kms.katalon.core.webui.keyword.WebUiBuiltInKeywords.click(WebUiBuiltInKeywords.groovy:620)
	at com.kms.katalon.core.webui.keyword.WebUiBuiltInKeywords$click$1.call(Unknown Source)
	at Script1658282315525.run(Script1658282315525.groovy:73)
	... 13 more
)
[[ATTACHMENT|E:\\Telkom University\\SEMESTER 7\\KP\\Magang - Birutekno\\QA\\Soca-AI\\Reports\\20220720_114640\\FR_06\\20220720_114640\\1658292458232.png]]]]></system-out>
         <system-err><![CDATA[2022-07-20 11:46:43 - [TEST_CASE][FAILED] - Test Cases/TC_38: Test Cases/TC_38 FAILED.
Reason:
com.kms.katalon.core.exception.StepFailedException: Unable to click on object 'Object Repository/tc38/Page_soca-ai-proctoring-dashboard/svg_(Selected time)_bi-chevron-up b-icon bi'
	at com.kms.katalon.core.webui.keyword.internal.WebUIKeywordMain.stepFailed(WebUIKeywordMain.groovy:64)
	at com.kms.katalon.core.webui.keyword.internal.WebUIKeywordMain.runKeyword(WebUIKeywordMain.groovy:26)
	at com.kms.katalon.core.webui.keyword.builtin.ClickKeyword.click(ClickKeyword.groovy:74)
	at com.kms.katalon.core.webui.keyword.builtin.ClickKeyword.execute(ClickKeyword.groovy:40)
	at com.kms.katalon.core.keyword.internal.KeywordExecutor.executeKeywordForPlatform(KeywordExecutor.groovy:74)
	at com.kms.katalon.core.webui.keyword.WebUiBuiltInKeywords.click(WebUiBuiltInKeywords.groovy:620)
	at com.kms.katalon.core.webui.keyword.WebUiBuiltInKeywords$click$1.call(Unknown Source)
	at TC_38.run(TC_38:73)
	at com.kms.katalon.core.main.ScriptEngine.run(ScriptEngine.java:194)
	at com.kms.katalon.core.main.ScriptEngine.runScriptAsRawText(ScriptEngine.java:119)
	at com.kms.katalon.core.main.TestCaseExecutor.runScript(TestCaseExecutor.java:445)
	at com.kms.katalon.core.main.TestCaseExecutor.doExecute(TestCaseExecutor.java:436)
	at com.kms.katalon.core.main.TestCaseExecutor.processExecutionPhase(TestCaseExecutor.java:415)
	at com.kms.katalon.core.main.TestCaseExecutor.accessMainPhase(TestCaseExecutor.java:407)
	at com.kms.katalon.core.main.TestCaseExecutor.execute(TestCaseExecutor.java:284)
	at com.kms.katalon.core.common.CommonExecutor.accessTestCaseMainPhase(CommonExecutor.java:65)
	at com.kms.katalon.core.main.TestSuiteExecutor.accessTestSuiteMainPhase(TestSuiteExecutor.java:144)
	at com.kms.katalon.core.main.TestSuiteExecutor.execute(TestSuiteExecutor.java:106)
	at com.kms.katalon.core.main.TestCaseMain.startTestSuite(TestCaseMain.java:185)
	at com.kms.katalon.core.main.TestCaseMain$startTestSuite$0.call(Unknown Source)
	at TempTestSuite1658292400137.run(TempTestSuite1658292400137.groovy:36)
Caused by: com.kms.katalon.core.webui.exception.WebElementNotFoundException: Web element with id: 'Object Repository/tc38/Page_soca-ai-proctoring-dashboard/svg_(Selected time)_bi-chevron-up b-icon bi' located by '(.//*[normalize-space(text()) and normalize-space(.)='(Selected time)'])[1]/following::*[name()='svg'][5]' not found
	at com.kms.katalon.core.webui.common.WebUiCommonHelper.findWebElement(WebUiCommonHelper.java:1370)
	at com.kms.katalon.core.webui.keyword.internal.WebUIAbstractKeyword.findWebElement(WebUIAbstractKeyword.groovy:27)
	at com.kms.katalon.core.webui.keyword.builtin.ClickKeyword$_click_closure1.doCall(ClickKeyword.groovy:65)
	at com.kms.katalon.core.webui.keyword.builtin.ClickKeyword$_click_closure1.call(ClickKeyword.groovy)
	at com.kms.katalon.core.webui.keyword.internal.WebUIKeywordMain.runKeyword(WebUIKeywordMain.groovy:20)
	... 19 more]]></system-err>
      </testcase>
      <testcase name="Test Cases/TC_39" time="54.582" classname="Test Cases/TC_39" status="FAILED">
         <failure type="FAILED" message="Test Cases/TC_39 FAILED.
Reason:
com.kms.katalon.core.exception.StepFailedException: Unable to click on object 'Object Repository/tc39/Page_soca-ai-proctoring-dashboard/path'
	at com.kms.katalon.core.webui.keyword.internal.WebUIKeywordMain.stepFailed(WebUIKeywordMain.groovy:64)
	at com.kms.katalon.core.webui.keyword.internal.WebUIKeywordMain.runKeyword(WebUIKeywordMain.groovy:26)
	at com.kms.katalon.core.webui.keyword.builtin.ClickKeyword.click(ClickKeyword.groovy:74)
	at com.kms.katalon.core.webui.keyword.builtin.ClickKeyword.execute(ClickKeyword.groovy:40)
	at com.kms.katalon.core.keyword.internal.KeywordExecutor.executeKeywordForPlatform(KeywordExecutor.groovy:74)
	at com.kms.katalon.core.webui.keyword.WebUiBuiltInKeywords.click(WebUiBuiltInKeywords.groovy:620)
	at com.kms.katalon.core.webui.keyword.WebUiBuiltInKeywords$click$1.call(Unknown Source)
	at TC_39.run(TC_39:83)
	at com.kms.katalon.core.main.ScriptEngine.run(ScriptEngine.java:194)
	at com.kms.katalon.core.main.ScriptEngine.runScriptAsRawText(ScriptEngine.java:119)
	at com.kms.katalon.core.main.TestCaseExecutor.runScript(TestCaseExecutor.java:445)
	at com.kms.katalon.core.main.TestCaseExecutor.doExecute(TestCaseExecutor.java:436)
	at com.kms.katalon.core.main.TestCaseExecutor.processExecutionPhase(TestCaseExecutor.java:415)
	at com.kms.katalon.core.main.TestCaseExecutor.accessMainPhase(TestCaseExecutor.java:407)
	at com.kms.katalon.core.main.TestCaseExecutor.execute(TestCaseExecutor.java:284)
	at com.kms.katalon.core.common.CommonExecutor.accessTestCaseMainPhase(CommonExecutor.java:65)
	at com.kms.katalon.core.main.TestSuiteExecutor.accessTestSuiteMainPhase(TestSuiteExecutor.java:144)
	at com.kms.katalon.core.main.TestSuiteExecutor.execute(TestSuiteExecutor.java:106)
	at com.kms.katalon.core.main.TestCaseMain.startTestSuite(TestCaseMain.java:185)
	at com.kms.katalon.core.main.TestCaseMain$startTestSuite$0.call(Unknown Source)
	at TempTestSuite1658292400137.run(TempTestSuite1658292400137.groovy:36)
Caused by: com.kms.katalon.core.webui.exception.WebElementNotFoundException: Web element with id: 'Object Repository/tc39/Page_soca-ai-proctoring-dashboard/path' located by '' not found
	at com.kms.katalon.core.webui.common.WebUiCommonHelper.findWebElement(WebUiCommonHelper.java:1370)
	at com.kms.katalon.core.webui.keyword.internal.WebUIAbstractKeyword.findWebElement(WebUIAbstractKeyword.groovy:27)
	at com.kms.katalon.core.webui.keyword.builtin.ClickKeyword$_click_closure1.doCall(ClickKeyword.groovy:65)
	at com.kms.katalon.core.webui.keyword.builtin.ClickKeyword$_click_closure1.call(ClickKeyword.groovy)
	at com.kms.katalon.core.webui.keyword.internal.WebUIKeywordMain.runKeyword(WebUIKeywordMain.groovy:20)
	... 19 more
"/>
         <system-out><![CDATA[2022-07-20 11:47:38 - [TEST_CASE][FAILED] - Test Cases/TC_39: Test Cases/TC_39 FAILED.
Reason:
com.kms.katalon.core.exception.StepFailedException: Unable to click on object 'Object Repository/tc39/Page_soca-ai-proctoring-dashboard/path'
	at com.kms.katalon.core.webui.keyword.internal.WebUIKeywordMain.stepFailed(WebUIKeywordMain.groovy:64)
	at com.kms.katalon.core.webui.keyword.internal.WebUIKeywordMain.runKeyword(WebUIKeywordMain.groovy:26)
	at com.kms.katalon.core.webui.keyword.builtin.ClickKeyword.click(ClickKeyword.groovy:74)
	at com.kms.katalon.core.webui.keyword.builtin.ClickKeyword.execute(ClickKeyword.groovy:40)
	at com.kms.katalon.core.keyword.internal.KeywordExecutor.executeKeywordForPlatform(KeywordExecutor.groovy:74)
	at com.kms.katalon.core.webui.keyword.WebUiBuiltInKeywords.click(WebUiBuiltInKeywords.groovy:620)
	at com.kms.katalon.core.webui.keyword.WebUiBuiltInKeywords$click$1.call(Unknown Source)
	at TC_39.run(TC_39:83)
	at com.kms.katalon.core.main.ScriptEngine.run(ScriptEngine.java:194)
	at com.kms.katalon.core.main.ScriptEngine.runScriptAsRawText(ScriptEngine.java:119)
	at com.kms.katalon.core.main.TestCaseExecutor.runScript(TestCaseExecutor.java:445)
	at com.kms.katalon.core.main.TestCaseExecutor.doExecute(TestCaseExecutor.java:436)
	at com.kms.katalon.core.main.TestCaseExecutor.processExecutionPhase(TestCaseExecutor.java:415)
	at com.kms.katalon.core.main.TestCaseExecutor.accessMainPhase(TestCaseExecutor.java:407)
	at com.kms.katalon.core.main.TestCaseExecutor.execute(TestCaseExecutor.java:284)
	at com.kms.katalon.core.common.CommonExecutor.accessTestCaseMainPhase(CommonExecutor.java:65)
	at com.kms.katalon.core.main.TestSuiteExecutor.accessTestSuiteMainPhase(TestSuiteExecutor.java:144)
	at com.kms.katalon.core.main.TestSuiteExecutor.execute(TestSuiteExecutor.java:106)
	at com.kms.katalon.core.main.TestCaseMain.startTestSuite(TestCaseMain.java:185)
	at com.kms.katalon.core.main.TestCaseMain$startTestSuite$0.call(Unknown Source)
	at TempTestSuite1658292400137.run(TempTestSuite1658292400137.groovy:36)
Caused by: com.kms.katalon.core.webui.exception.WebElementNotFoundException: Web element with id: 'Object Repository/tc39/Page_soca-ai-proctoring-dashboard/path' located by '' not found
	at com.kms.katalon.core.webui.common.WebUiCommonHelper.findWebElement(WebUiCommonHelper.java:1370)
	at com.kms.katalon.core.webui.keyword.internal.WebUIAbstractKeyword.findWebElement(WebUIAbstractKeyword.groovy:27)
	at com.kms.katalon.core.webui.keyword.builtin.ClickKeyword$_click_closure1.doCall(ClickKeyword.groovy:65)
	at com.kms.katalon.core.webui.keyword.builtin.ClickKeyword$_click_closure1.call(ClickKeyword.groovy)
	at com.kms.katalon.core.webui.keyword.internal.WebUIKeywordMain.runKeyword(WebUIKeywordMain.groovy:20)
	... 19 more


2022-07-20 11:47:38 - [TEST_STEP][PASSED] - openBrowser(""): Browser is opened with url: ''

2022-07-20 11:47:38 - [MESSAGE][WARNING] - A browser is already opened. Closing browser and opening a new one

2022-07-20 11:47:39 - [MESSAGE][INFO] - Starting 'Chrome' driver

2022-07-20 11:47:39 - [MESSAGE][INFO] - Action delay is set to 0 milliseconds

2022-07-20 11:47:40 - [MESSAGE][PASSED] - Browser is opened with url: ''

2022-07-20 11:47:40 - [TEST_STEP][PASSED] - navigateToUrl("https://soca.ai/home"): Navigate to 'https://soca.ai/home' successfully

2022-07-20 11:47:41 - [MESSAGE][PASSED] - Navigate to 'https://soca.ai/home' successfully

2022-07-20 11:47:41 - [TEST_STEP][PASSED] - click(findTestObject("Object Repository/tc39/Page_soca.ai/a_Sign In")): Object: 'Object Repository/tc39/Page_soca.ai/a_Sign In' is clicked on

2022-07-20 11:47:43 - [MESSAGE][PASSED] - Object: 'Object Repository/tc39/Page_soca.ai/a_Sign In' is clicked on

2022-07-20 11:47:43 - [TEST_STEP][PASSED] - setText(findTestObject("Object Repository/tc39/Page_soca-dashboarduser/input_Email_form-control"), "kp3skp.dev@gmail.com"): Text 'kp3skp.dev@gmail.com' is set on object 'Object Repository/tc39/Page_soca-dashboarduser/input_Email_form-control'

2022-07-20 11:47:43 - [MESSAGE][PASSED] - Text 'kp3skp.dev@gmail.com' is set on object 'Object Repository/tc39/Page_soca-dashboarduser/input_Email_form-control'

2022-07-20 11:47:43 - [TEST_STEP][PASSED] - setEncryptedText(findTestObject("Object Repository/tc39/Page_soca-dashboarduser/input_Password_form-control mb-2"), "RigbBhfdqODKcAsiUrg+1Q=="): Text ****** has been set on object 'Object Repository/tc39/Page_soca-dashboarduser/input_Password_form-control mb-2'

2022-07-20 11:47:44 - [MESSAGE][PASSED] - Text ****** has been set on object 'Object Repository/tc39/Page_soca-dashboarduser/input_Password_form-control mb-2'

2022-07-20 11:47:44 - [TEST_STEP][PASSED] - click(findTestObject("Object Repository/tc39/Page_soca-dashboarduser/button_Sign In")): Object: 'Object Repository/tc39/Page_soca-dashboarduser/button_Sign In' is clicked on

2022-07-20 11:47:44 - [MESSAGE][PASSED] - Object: 'Object Repository/tc39/Page_soca-dashboarduser/button_Sign In' is clicked on

2022-07-20 11:47:44 - [TEST_STEP][PASSED] - click(findTestObject("Object Repository/tc39/Page_soca-dashboarduser/button_OK")): Object: 'Object Repository/tc39/Page_soca-dashboarduser/button_OK' is clicked on

2022-07-20 11:47:45 - [MESSAGE][PASSED] - Object: 'Object Repository/tc39/Page_soca-dashboarduser/button_OK' is clicked on

2022-07-20 11:47:45 - [TEST_STEP][PASSED] - click(findTestObject("Object Repository/tc39/Page_soca-dashboarduser/a_Projects")): Object: 'Object Repository/tc39/Page_soca-dashboarduser/a_Projects' is clicked on

2022-07-20 11:47:47 - [MESSAGE][PASSED] - Object: 'Object Repository/tc39/Page_soca-dashboarduser/a_Projects' is clicked on

2022-07-20 11:47:47 - [TEST_STEP][PASSED] - click(findTestObject("Object Repository/tc39/Page_soca-dashboarduser/button_Dashboard")): Object: 'Object Repository/tc39/Page_soca-dashboarduser/button_Dashboard' is clicked on

2022-07-20 11:47:48 - [MESSAGE][PASSED] - Object: 'Object Repository/tc39/Page_soca-dashboarduser/button_Dashboard' is clicked on

2022-07-20 11:47:48 - [TEST_STEP][PASSED] - click(findTestObject("Object Repository/tc39/Page_soca-ai-proctoring-dashboard/span_Schedule")): Object: 'Object Repository/tc39/Page_soca-ai-proctoring-dashboard/span_Schedule' is clicked on

2022-07-20 11:47:51 - [MESSAGE][PASSED] - Object: 'Object Repository/tc39/Page_soca-ai-proctoring-dashboard/span_Schedule' is clicked on

2022-07-20 11:47:51 - [TEST_STEP][PASSED] - click(findTestObject("Object Repository/tc39/Page_soca-ai-proctoring-dashboard/div_Event Name--Select Event Name--Ujiantesuas")): Object: 'Object Repository/tc39/Page_soca-ai-proctoring-dashboard/div_Event Name--Select Event Name--Ujiantesuas' is clicked on

2022-07-20 11:47:52 - [MESSAGE][PASSED] - Object: 'Object Repository/tc39/Page_soca-ai-proctoring-dashboard/div_Event Name--Select Event Name--Ujiantesuas' is clicked on

2022-07-20 11:47:52 - [TEST_STEP][PASSED] - click(findTestObject("Object Repository/tc39/Page_soca-ai-proctoring-dashboard/select_--Select Event Name--Ujiantesuas")): Object: 'Object Repository/tc39/Page_soca-ai-proctoring-dashboard/select_--Select Event Name--Ujiantesuas' is clicked on

2022-07-20 11:47:52 - [MESSAGE][PASSED] - Object: 'Object Repository/tc39/Page_soca-ai-proctoring-dashboard/select_--Select Event Name--Ujiantesuas' is clicked on

2022-07-20 11:47:52 - [TEST_STEP][PASSED] - selectOptionByValue(findTestObject("tc38/Page_soca-ai-proctoring-dashboard/select_Expired TimeDuration"), "time", true): All options with value 'time' are selected in object 'Object Repository/tc38/Page_soca-ai-proctoring-dashboard/select_Expired TimeDuration'  using regular expression

2022-07-20 11:47:53 - [MESSAGE][PASSED] - All options with value 'time' are selected in object 'Object Repository/tc38/Page_soca-ai-proctoring-dashboard/select_Expired TimeDuration'  using regular expression

2022-07-20 11:47:53 - [TEST_STEP][PASSED] - setText(findTestObject("Object Repository/tc39/Page_soca-ai-proctoring-dashboard/input_Schedule Name_description"), "Sesi pagi"): Text 'Sesi pagi' is set on object 'Object Repository/tc39/Page_soca-ai-proctoring-dashboard/input_Schedule Name_description'

2022-07-20 11:47:54 - [MESSAGE][PASSED] - Text 'Sesi pagi' is set on object 'Object Repository/tc39/Page_soca-ai-proctoring-dashboard/input_Schedule Name_description'

2022-07-20 11:47:54 - [TEST_STEP][PASSED] - click(findTestObject("Object Repository/tc39/Page_soca-ai-proctoring-dashboard/label_No date selected")): Object: 'Object Repository/tc39/Page_soca-ai-proctoring-dashboard/label_No date selected' is clicked on

2022-07-20 11:47:54 - [MESSAGE][PASSED] - Object: 'Object Repository/tc39/Page_soca-ai-proctoring-dashboard/label_No date selected' is clicked on

2022-07-20 11:47:54 - [TEST_STEP][PASSED] - click(findTestObject("Object Repository/tc39/Page_soca-ai-proctoring-dashboard/span_20")): Object: 'Object Repository/tc39/Page_soca-ai-proctoring-dashboard/span_20' is clicked on

2022-07-20 11:47:55 - [MESSAGE][PASSED] - Object: 'Object Repository/tc39/Page_soca-ai-proctoring-dashboard/span_20' is clicked on

2022-07-20 11:47:55 - [TEST_STEP][PASSED] - click(findTestObject("Object Repository/tc39/Page_soca-ai-proctoring-dashboard/label_No date selected_1")): Object: 'Object Repository/tc39/Page_soca-ai-proctoring-dashboard/label_No date selected_1' is clicked on

2022-07-20 11:47:55 - [MESSAGE][PASSED] - Object: 'Object Repository/tc39/Page_soca-ai-proctoring-dashboard/label_No date selected_1' is clicked on

2022-07-20 11:47:55 - [TEST_STEP][PASSED] - click(findTestObject("Object Repository/tc39/Page_soca-ai-proctoring-dashboard/span_25")): Object: 'Object Repository/tc39/Page_soca-ai-proctoring-dashboard/span_25' is clicked on

2022-07-20 11:47:56 - [MESSAGE][PASSED] - Object: 'Object Repository/tc39/Page_soca-ai-proctoring-dashboard/span_25' is clicked on

2022-07-20 11:47:56 - [TEST_STEP][PASSED] - click(findTestObject("Object Repository/tc39/Page_soca-ai-proctoring-dashboard/button_No time selected_btn btn-sm border-0_f48676")): Object: 'Object Repository/tc39/Page_soca-ai-proctoring-dashboard/button_No time selected_btn btn-sm border-0_f48676' is clicked on

2022-07-20 11:47:56 - [MESSAGE][PASSED] - Object: 'Object Repository/tc39/Page_soca-ai-proctoring-dashboard/button_No time selected_btn btn-sm border-0_f48676' is clicked on

2022-07-20 11:47:56 - [TEST_STEP][PASSED] - click(findTestObject("Object Repository/tc39/Page_soca-ai-proctoring-dashboard/button_No time selected_btn btn-sm border-0_f48676")): Object: 'Object Repository/tc39/Page_soca-ai-proctoring-dashboard/button_No time selected_btn btn-sm border-0_f48676' is clicked on

2022-07-20 11:47:57 - [MESSAGE][PASSED] - Object: 'Object Repository/tc39/Page_soca-ai-proctoring-dashboard/button_No time selected_btn btn-sm border-0_f48676' is clicked on

2022-07-20 11:47:57 - [TEST_STEP][PASSED] - click(findTestObject("Object Repository/tc39/Page_soca-ai-proctoring-dashboard/button_No time selected_btn btn-sm border-0_f48676")): Object: 'Object Repository/tc39/Page_soca-ai-proctoring-dashboard/button_No time selected_btn btn-sm border-0_f48676' is clicked on

2022-07-20 11:47:57 - [MESSAGE][PASSED] - Object: 'Object Repository/tc39/Page_soca-ai-proctoring-dashboard/button_No time selected_btn btn-sm border-0_f48676' is clicked on

2022-07-20 11:47:57 - [TEST_STEP][PASSED] - click(findTestObject("Object Repository/tc39/Page_soca-ai-proctoring-dashboard/button_No time selected_btn btn-sm border-0_f48676")): Object: 'Object Repository/tc39/Page_soca-ai-proctoring-dashboard/button_No time selected_btn btn-sm border-0_f48676' is clicked on

2022-07-20 11:47:58 - [MESSAGE][PASSED] - Object: 'Object Repository/tc39/Page_soca-ai-proctoring-dashboard/button_No time selected_btn btn-sm border-0_f48676' is clicked on

2022-07-20 11:47:58 - [TEST_STEP][PASSED] - click(findTestObject("Object Repository/tc39/Page_soca-ai-proctoring-dashboard/button_No time selected_btn btn-sm border-0_f48676")): Object: 'Object Repository/tc39/Page_soca-ai-proctoring-dashboard/button_No time selected_btn btn-sm border-0_f48676' is clicked on

2022-07-20 11:47:58 - [MESSAGE][PASSED] - Object: 'Object Repository/tc39/Page_soca-ai-proctoring-dashboard/button_No time selected_btn btn-sm border-0_f48676' is clicked on

2022-07-20 11:47:58 - [TEST_STEP][PASSED] - click(findTestObject("Object Repository/tc39/Page_soca-ai-proctoring-dashboard/button_No time selected_btn btn-sm border-0_f48676")): Object: 'Object Repository/tc39/Page_soca-ai-proctoring-dashboard/button_No time selected_btn btn-sm border-0_f48676' is clicked on

2022-07-20 11:47:59 - [MESSAGE][PASSED] - Object: 'Object Repository/tc39/Page_soca-ai-proctoring-dashboard/button_No time selected_btn btn-sm border-0_f48676' is clicked on

2022-07-20 11:47:59 - [TEST_STEP][PASSED] - click(findTestObject("Object Repository/tc39/Page_soca-ai-proctoring-dashboard/button_No time selected_btn btn-sm border-0_f48676")): Object: 'Object Repository/tc39/Page_soca-ai-proctoring-dashboard/button_No time selected_btn btn-sm border-0_f48676' is clicked on

2022-07-20 11:47:59 - [MESSAGE][PASSED] - Object: 'Object Repository/tc39/Page_soca-ai-proctoring-dashboard/button_No time selected_btn btn-sm border-0_f48676' is clicked on

2022-07-20 11:47:59 - [TEST_STEP][PASSED] - click(findTestObject("Object Repository/tc39/Page_soca-ai-proctoring-dashboard/button_No time selected_btn btn-sm border-0_f48676")): Object: 'Object Repository/tc39/Page_soca-ai-proctoring-dashboard/button_No time selected_btn btn-sm border-0_f48676' is clicked on

2022-07-20 11:47:59 - [MESSAGE][PASSED] - Object: 'Object Repository/tc39/Page_soca-ai-proctoring-dashboard/button_No time selected_btn btn-sm border-0_f48676' is clicked on

2022-07-20 11:47:59 - [TEST_STEP][PASSED] - click(findTestObject("Object Repository/tc39/Page_soca-ai-proctoring-dashboard/button_No time selected_btn btn-sm border-0_f48676")): Object: 'Object Repository/tc39/Page_soca-ai-proctoring-dashboard/button_No time selected_btn btn-sm border-0_f48676' is clicked on

2022-07-20 11:48:00 - [MESSAGE][PASSED] - Object: 'Object Repository/tc39/Page_soca-ai-proctoring-dashboard/button_No time selected_btn btn-sm border-0_f48676' is clicked on

2022-07-20 11:48:00 - [TEST_STEP][PASSED] - click(findTestObject("Object Repository/tc39/Page_soca-ai-proctoring-dashboard/button_No time selected_btn btn-sm border-0_f48676")): Object: 'Object Repository/tc39/Page_soca-ai-proctoring-dashboard/button_No time selected_btn btn-sm border-0_f48676' is clicked on

2022-07-20 11:48:00 - [MESSAGE][PASSED] - Object: 'Object Repository/tc39/Page_soca-ai-proctoring-dashboard/button_No time selected_btn btn-sm border-0_f48676' is clicked on

2022-07-20 11:48:00 - [TEST_STEP][PASSED] - click(findTestObject("Object Repository/tc39/Page_soca-ai-proctoring-dashboard/button_No time selected_btn btn-sm border-0_f48676")): Object: 'Object Repository/tc39/Page_soca-ai-proctoring-dashboard/button_No time selected_btn btn-sm border-0_f48676' is clicked on

2022-07-20 11:48:01 - [MESSAGE][PASSED] - Object: 'Object Repository/tc39/Page_soca-ai-proctoring-dashboard/button_No time selected_btn btn-sm border-0_f48676' is clicked on

2022-07-20 11:48:01 - [TEST_STEP][PASSED] - click(findTestObject("Object Repository/tc39/Page_soca-ai-proctoring-dashboard/svg_No time selected_bi-chevron-up b-icon bi")): Object: 'Object Repository/tc39/Page_soca-ai-proctoring-dashboard/svg_No time selected_bi-chevron-up b-icon bi' is clicked on

2022-07-20 11:48:01 - [MESSAGE][PASSED] - Object: 'Object Repository/tc39/Page_soca-ai-proctoring-dashboard/svg_No time selected_bi-chevron-up b-icon bi' is clicked on

2022-07-20 11:48:01 - [TEST_STEP][FAILED] - click(findTestObject("Object Repository/tc39/Page_soca-ai-proctoring-dashboard/path")): Unable to click on object 'Object Repository/tc39/Page_soca-ai-proctoring-dashboard/path' (Root cause: com.kms.katalon.core.exception.StepFailedException: Unable to click on object 'Object Repository/tc39/Page_soca-ai-proctoring-dashboard/path'
	at com.kms.katalon.core.webui.keyword.internal.WebUIKeywordMain.stepFailed(WebUIKeywordMain.groovy:64)
	at com.kms.katalon.core.webui.keyword.internal.WebUIKeywordMain.runKeyword(WebUIKeywordMain.groovy:26)
	at com.kms.katalon.core.webui.keyword.builtin.ClickKeyword.click(ClickKeyword.groovy:74)
	at com.kms.katalon.core.webui.keyword.builtin.ClickKeyword.execute(ClickKeyword.groovy:40)
	at com.kms.katalon.core.keyword.internal.KeywordExecutor.executeKeywordForPlatform(KeywordExecutor.groovy:74)
	at com.kms.katalon.core.webui.keyword.WebUiBuiltInKeywords.click(WebUiBuiltInKeywords.groovy:620)
	at com.kms.katalon.core.webui.keyword.WebUiBuiltInKeywords$click$1.call(Unknown Source)
	at TC_39.run(TC_39:83)
	at com.kms.katalon.core.main.ScriptEngine.run(ScriptEngine.java:194)
	at com.kms.katalon.core.main.ScriptEngine.runScriptAsRawText(ScriptEngine.java:119)
	at com.kms.katalon.core.main.TestCaseExecutor.runScript(TestCaseExecutor.java:445)
	at com.kms.katalon.core.main.TestCaseExecutor.doExecute(TestCaseExecutor.java:436)
	at com.kms.katalon.core.main.TestCaseExecutor.processExecutionPhase(TestCaseExecutor.java:415)
	at com.kms.katalon.core.main.TestCaseExecutor.accessMainPhase(TestCaseExecutor.java:407)
	at com.kms.katalon.core.main.TestCaseExecutor.execute(TestCaseExecutor.java:284)
	at com.kms.katalon.core.common.CommonExecutor.accessTestCaseMainPhase(CommonExecutor.java:65)
	at com.kms.katalon.core.main.TestSuiteExecutor.accessTestSuiteMainPhase(TestSuiteExecutor.java:144)
	at com.kms.katalon.core.main.TestSuiteExecutor.execute(TestSuiteExecutor.java:106)
	at com.kms.katalon.core.main.TestCaseMain.startTestSuite(TestCaseMain.java:185)
	at com.kms.katalon.core.main.TestCaseMain$startTestSuite$0.call(Unknown Source)
	at TempTestSuite1658292400137.run(TempTestSuite1658292400137.groovy:36)
Caused by: com.kms.katalon.core.webui.exception.WebElementNotFoundException: Web element with id: 'Object Repository/tc39/Page_soca-ai-proctoring-dashboard/path' located by '' not found
	at com.kms.katalon.core.webui.common.WebUiCommonHelper.findWebElement(WebUiCommonHelper.java:1370)
	at com.kms.katalon.core.webui.keyword.internal.WebUIAbstractKeyword.findWebElement(WebUIAbstractKeyword.groovy:27)
	at com.kms.katalon.core.webui.keyword.builtin.ClickKeyword$_click_closure1.doCall(ClickKeyword.groovy:65)
	at com.kms.katalon.core.webui.keyword.builtin.ClickKeyword$_click_closure1.call(ClickKeyword.groovy)
	at com.kms.katalon.core.webui.keyword.internal.WebUIKeywordMain.runKeyword(WebUIKeywordMain.groovy:20)
	at com.kms.katalon.core.webui.keyword.builtin.ClickKeyword.click(ClickKeyword.groovy:74)
	at com.kms.katalon.core.webui.keyword.builtin.ClickKeyword.execute(ClickKeyword.groovy:40)
	at com.kms.katalon.core.keyword.internal.KeywordExecutor.executeKeywordForPlatform(KeywordExecutor.groovy:74)
	at com.kms.katalon.core.webui.keyword.WebUiBuiltInKeywords.click(WebUiBuiltInKeywords.groovy:620)
	at com.kms.katalon.core.webui.keyword.WebUiBuiltInKeywords$click$1.call(Unknown Source)
	at Script1658286001672.run(Script1658286001672.groovy:83)
	... 13 more
)

2022-07-20 11:48:32 - [MESSAGE][INFO] - Unable to find the element located by 'By.xpath: '. Please recheck the objects properties to make sure the desired element is located. 

2022-07-20 11:48:32 - [MESSAGE][FAILED] - Unable to click on object 'Object Repository/tc39/Page_soca-ai-proctoring-dashboard/path' (Root cause: com.kms.katalon.core.exception.StepFailedException: Unable to click on object 'Object Repository/tc39/Page_soca-ai-proctoring-dashboard/path'
	at com.kms.katalon.core.webui.keyword.internal.WebUIKeywordMain.stepFailed(WebUIKeywordMain.groovy:64)
	at com.kms.katalon.core.webui.keyword.internal.WebUIKeywordMain.runKeyword(WebUIKeywordMain.groovy:26)
	at com.kms.katalon.core.webui.keyword.builtin.ClickKeyword.click(ClickKeyword.groovy:74)
	at com.kms.katalon.core.webui.keyword.builtin.ClickKeyword.execute(ClickKeyword.groovy:40)
	at com.kms.katalon.core.keyword.internal.KeywordExecutor.executeKeywordForPlatform(KeywordExecutor.groovy:74)
	at com.kms.katalon.core.webui.keyword.WebUiBuiltInKeywords.click(WebUiBuiltInKeywords.groovy:620)
	at com.kms.katalon.core.webui.keyword.WebUiBuiltInKeywords$click$1.call(Unknown Source)
	at TC_39.run(TC_39:83)
	at com.kms.katalon.core.main.ScriptEngine.run(ScriptEngine.java:194)
	at com.kms.katalon.core.main.ScriptEngine.runScriptAsRawText(ScriptEngine.java:119)
	at com.kms.katalon.core.main.TestCaseExecutor.runScript(TestCaseExecutor.java:445)
	at com.kms.katalon.core.main.TestCaseExecutor.doExecute(TestCaseExecutor.java:436)
	at com.kms.katalon.core.main.TestCaseExecutor.processExecutionPhase(TestCaseExecutor.java:415)
	at com.kms.katalon.core.main.TestCaseExecutor.accessMainPhase(TestCaseExecutor.java:407)
	at com.kms.katalon.core.main.TestCaseExecutor.execute(TestCaseExecutor.java:284)
	at com.kms.katalon.core.common.CommonExecutor.accessTestCaseMainPhase(CommonExecutor.java:65)
	at com.kms.katalon.core.main.TestSuiteExecutor.accessTestSuiteMainPhase(TestSuiteExecutor.java:144)
	at com.kms.katalon.core.main.TestSuiteExecutor.execute(TestSuiteExecutor.java:106)
	at com.kms.katalon.core.main.TestCaseMain.startTestSuite(TestCaseMain.java:185)
	at com.kms.katalon.core.main.TestCaseMain$startTestSuite$0.call(Unknown Source)
	at TempTestSuite1658292400137.run(TempTestSuite1658292400137.groovy:36)
Caused by: com.kms.katalon.core.webui.exception.WebElementNotFoundException: Web element with id: 'Object Repository/tc39/Page_soca-ai-proctoring-dashboard/path' located by '' not found
	at com.kms.katalon.core.webui.common.WebUiCommonHelper.findWebElement(WebUiCommonHelper.java:1370)
	at com.kms.katalon.core.webui.keyword.internal.WebUIAbstractKeyword.findWebElement(WebUIAbstractKeyword.groovy:27)
	at com.kms.katalon.core.webui.keyword.builtin.ClickKeyword$_click_closure1.doCall(ClickKeyword.groovy:65)
	at com.kms.katalon.core.webui.keyword.builtin.ClickKeyword$_click_closure1.call(ClickKeyword.groovy)
	at com.kms.katalon.core.webui.keyword.internal.WebUIKeywordMain.runKeyword(WebUIKeywordMain.groovy:20)
	at com.kms.katalon.core.webui.keyword.builtin.ClickKeyword.click(ClickKeyword.groovy:74)
	at com.kms.katalon.core.webui.keyword.builtin.ClickKeyword.execute(ClickKeyword.groovy:40)
	at com.kms.katalon.core.keyword.internal.KeywordExecutor.executeKeywordForPlatform(KeywordExecutor.groovy:74)
	at com.kms.katalon.core.webui.keyword.WebUiBuiltInKeywords.click(WebUiBuiltInKeywords.groovy:620)
	at com.kms.katalon.core.webui.keyword.WebUiBuiltInKeywords$click$1.call(Unknown Source)
	at Script1658286001672.run(Script1658286001672.groovy:83)
	... 13 more
)
[[ATTACHMENT|E:\\Telkom University\\SEMESTER 7\\KP\\Magang - Birutekno\\QA\\Soca-AI\\Reports\\20220720_114640\\FR_06\\20220720_114640\\1658292512841.png]]]]></system-out>
         <system-err><![CDATA[2022-07-20 11:47:38 - [TEST_CASE][FAILED] - Test Cases/TC_39: Test Cases/TC_39 FAILED.
Reason:
com.kms.katalon.core.exception.StepFailedException: Unable to click on object 'Object Repository/tc39/Page_soca-ai-proctoring-dashboard/path'
	at com.kms.katalon.core.webui.keyword.internal.WebUIKeywordMain.stepFailed(WebUIKeywordMain.groovy:64)
	at com.kms.katalon.core.webui.keyword.internal.WebUIKeywordMain.runKeyword(WebUIKeywordMain.groovy:26)
	at com.kms.katalon.core.webui.keyword.builtin.ClickKeyword.click(ClickKeyword.groovy:74)
	at com.kms.katalon.core.webui.keyword.builtin.ClickKeyword.execute(ClickKeyword.groovy:40)
	at com.kms.katalon.core.keyword.internal.KeywordExecutor.executeKeywordForPlatform(KeywordExecutor.groovy:74)
	at com.kms.katalon.core.webui.keyword.WebUiBuiltInKeywords.click(WebUiBuiltInKeywords.groovy:620)
	at com.kms.katalon.core.webui.keyword.WebUiBuiltInKeywords$click$1.call(Unknown Source)
	at TC_39.run(TC_39:83)
	at com.kms.katalon.core.main.ScriptEngine.run(ScriptEngine.java:194)
	at com.kms.katalon.core.main.ScriptEngine.runScriptAsRawText(ScriptEngine.java:119)
	at com.kms.katalon.core.main.TestCaseExecutor.runScript(TestCaseExecutor.java:445)
	at com.kms.katalon.core.main.TestCaseExecutor.doExecute(TestCaseExecutor.java:436)
	at com.kms.katalon.core.main.TestCaseExecutor.processExecutionPhase(TestCaseExecutor.java:415)
	at com.kms.katalon.core.main.TestCaseExecutor.accessMainPhase(TestCaseExecutor.java:407)
	at com.kms.katalon.core.main.TestCaseExecutor.execute(TestCaseExecutor.java:284)
	at com.kms.katalon.core.common.CommonExecutor.accessTestCaseMainPhase(CommonExecutor.java:65)
	at com.kms.katalon.core.main.TestSuiteExecutor.accessTestSuiteMainPhase(TestSuiteExecutor.java:144)
	at com.kms.katalon.core.main.TestSuiteExecutor.execute(TestSuiteExecutor.java:106)
	at com.kms.katalon.core.main.TestCaseMain.startTestSuite(TestCaseMain.java:185)
	at com.kms.katalon.core.main.TestCaseMain$startTestSuite$0.call(Unknown Source)
	at TempTestSuite1658292400137.run(TempTestSuite1658292400137.groovy:36)
Caused by: com.kms.katalon.core.webui.exception.WebElementNotFoundException: Web element with id: 'Object Repository/tc39/Page_soca-ai-proctoring-dashboard/path' located by '' not found
	at com.kms.katalon.core.webui.common.WebUiCommonHelper.findWebElement(WebUiCommonHelper.java:1370)
	at com.kms.katalon.core.webui.keyword.internal.WebUIAbstractKeyword.findWebElement(WebUIAbstractKeyword.groovy:27)
	at com.kms.katalon.core.webui.keyword.builtin.ClickKeyword$_click_closure1.doCall(ClickKeyword.groovy:65)
	at com.kms.katalon.core.webui.keyword.builtin.ClickKeyword$_click_closure1.call(ClickKeyword.groovy)
	at com.kms.katalon.core.webui.keyword.internal.WebUIKeywordMain.runKeyword(WebUIKeywordMain.groovy:20)
	... 19 more]]></system-err>
      </testcase>
      <testcase name="Test Cases/TC_40" time="47.949" classname="Test Cases/TC_40" status="FAILED">
         <failure type="FAILED" message="Test Cases/TC_40 FAILED.
Reason:
com.kms.katalon.core.exception.StepFailedException: Unable to click on object 'Object Repository/tc40/Page_soca-ai-proctoring-dashboard/span_20'
	at com.kms.katalon.core.webui.keyword.internal.WebUIKeywordMain.stepFailed(WebUIKeywordMain.groovy:64)
	at com.kms.katalon.core.webui.keyword.internal.WebUIKeywordMain.runKeyword(WebUIKeywordMain.groovy:26)
	at com.kms.katalon.core.webui.keyword.builtin.ClickKeyword.click(ClickKeyword.groovy:74)
	at com.kms.katalon.core.webui.keyword.builtin.ClickKeyword.execute(ClickKeyword.groovy:40)
	at com.kms.katalon.core.keyword.internal.KeywordExecutor.executeKeywordForPlatform(KeywordExecutor.groovy:74)
	at com.kms.katalon.core.webui.keyword.WebUiBuiltInKeywords.click(WebUiBuiltInKeywords.groovy:620)
	at com.kms.katalon.core.webui.keyword.WebUiBuiltInKeywords$click$1.call(Unknown Source)
	at TC_40.run(TC_40:52)
	at com.kms.katalon.core.main.ScriptEngine.run(ScriptEngine.java:194)
	at com.kms.katalon.core.main.ScriptEngine.runScriptAsRawText(ScriptEngine.java:119)
	at com.kms.katalon.core.main.TestCaseExecutor.runScript(TestCaseExecutor.java:445)
	at com.kms.katalon.core.main.TestCaseExecutor.doExecute(TestCaseExecutor.java:436)
	at com.kms.katalon.core.main.TestCaseExecutor.processExecutionPhase(TestCaseExecutor.java:415)
	at com.kms.katalon.core.main.TestCaseExecutor.accessMainPhase(TestCaseExecutor.java:407)
	at com.kms.katalon.core.main.TestCaseExecutor.execute(TestCaseExecutor.java:284)
	at com.kms.katalon.core.common.CommonExecutor.accessTestCaseMainPhase(CommonExecutor.java:65)
	at com.kms.katalon.core.main.TestSuiteExecutor.accessTestSuiteMainPhase(TestSuiteExecutor.java:144)
	at com.kms.katalon.core.main.TestSuiteExecutor.execute(TestSuiteExecutor.java:106)
	at com.kms.katalon.core.main.TestCaseMain.startTestSuite(TestCaseMain.java:185)
	at com.kms.katalon.core.main.TestCaseMain$startTestSuite$0.call(Unknown Source)
	at TempTestSuite1658292400137.run(TempTestSuite1658292400137.groovy:36)
Caused by: com.kms.katalon.core.webui.exception.WebElementNotFoundException: Web element with id: 'Object Repository/tc40/Page_soca-ai-proctoring-dashboard/span_20' located by '//div[@id='__BVID__109__cell-2022-07-20_']/span' not found
	at com.kms.katalon.core.webui.common.WebUiCommonHelper.findWebElement(WebUiCommonHelper.java:1370)
	at com.kms.katalon.core.webui.keyword.internal.WebUIAbstractKeyword.findWebElement(WebUIAbstractKeyword.groovy:27)
	at com.kms.katalon.core.webui.keyword.builtin.ClickKeyword$_click_closure1.doCall(ClickKeyword.groovy:65)
	at com.kms.katalon.core.webui.keyword.builtin.ClickKeyword$_click_closure1.call(ClickKeyword.groovy)
	at com.kms.katalon.core.webui.keyword.internal.WebUIKeywordMain.runKeyword(WebUIKeywordMain.groovy:20)
	... 19 more
"/>
         <system-out><![CDATA[2022-07-20 11:48:33 - [TEST_CASE][FAILED] - Test Cases/TC_40: Test Cases/TC_40 FAILED.
Reason:
com.kms.katalon.core.exception.StepFailedException: Unable to click on object 'Object Repository/tc40/Page_soca-ai-proctoring-dashboard/span_20'
	at com.kms.katalon.core.webui.keyword.internal.WebUIKeywordMain.stepFailed(WebUIKeywordMain.groovy:64)
	at com.kms.katalon.core.webui.keyword.internal.WebUIKeywordMain.runKeyword(WebUIKeywordMain.groovy:26)
	at com.kms.katalon.core.webui.keyword.builtin.ClickKeyword.click(ClickKeyword.groovy:74)
	at com.kms.katalon.core.webui.keyword.builtin.ClickKeyword.execute(ClickKeyword.groovy:40)
	at com.kms.katalon.core.keyword.internal.KeywordExecutor.executeKeywordForPlatform(KeywordExecutor.groovy:74)
	at com.kms.katalon.core.webui.keyword.WebUiBuiltInKeywords.click(WebUiBuiltInKeywords.groovy:620)
	at com.kms.katalon.core.webui.keyword.WebUiBuiltInKeywords$click$1.call(Unknown Source)
	at TC_40.run(TC_40:52)
	at com.kms.katalon.core.main.ScriptEngine.run(ScriptEngine.java:194)
	at com.kms.katalon.core.main.ScriptEngine.runScriptAsRawText(ScriptEngine.java:119)
	at com.kms.katalon.core.main.TestCaseExecutor.runScript(TestCaseExecutor.java:445)
	at com.kms.katalon.core.main.TestCaseExecutor.doExecute(TestCaseExecutor.java:436)
	at com.kms.katalon.core.main.TestCaseExecutor.processExecutionPhase(TestCaseExecutor.java:415)
	at com.kms.katalon.core.main.TestCaseExecutor.accessMainPhase(TestCaseExecutor.java:407)
	at com.kms.katalon.core.main.TestCaseExecutor.execute(TestCaseExecutor.java:284)
	at com.kms.katalon.core.common.CommonExecutor.accessTestCaseMainPhase(CommonExecutor.java:65)
	at com.kms.katalon.core.main.TestSuiteExecutor.accessTestSuiteMainPhase(TestSuiteExecutor.java:144)
	at com.kms.katalon.core.main.TestSuiteExecutor.execute(TestSuiteExecutor.java:106)
	at com.kms.katalon.core.main.TestCaseMain.startTestSuite(TestCaseMain.java:185)
	at com.kms.katalon.core.main.TestCaseMain$startTestSuite$0.call(Unknown Source)
	at TempTestSuite1658292400137.run(TempTestSuite1658292400137.groovy:36)
Caused by: com.kms.katalon.core.webui.exception.WebElementNotFoundException: Web element with id: 'Object Repository/tc40/Page_soca-ai-proctoring-dashboard/span_20' located by '//div[@id='__BVID__109__cell-2022-07-20_']/span' not found
	at com.kms.katalon.core.webui.common.WebUiCommonHelper.findWebElement(WebUiCommonHelper.java:1370)
	at com.kms.katalon.core.webui.keyword.internal.WebUIAbstractKeyword.findWebElement(WebUIAbstractKeyword.groovy:27)
	at com.kms.katalon.core.webui.keyword.builtin.ClickKeyword$_click_closure1.doCall(ClickKeyword.groovy:65)
	at com.kms.katalon.core.webui.keyword.builtin.ClickKeyword$_click_closure1.call(ClickKeyword.groovy)
	at com.kms.katalon.core.webui.keyword.internal.WebUIKeywordMain.runKeyword(WebUIKeywordMain.groovy:20)
	... 19 more


2022-07-20 11:48:33 - [TEST_STEP][PASSED] - openBrowser(""): Browser is opened with url: ''

2022-07-20 11:48:33 - [MESSAGE][WARNING] - A browser is already opened. Closing browser and opening a new one

2022-07-20 11:48:33 - [MESSAGE][INFO] - Starting 'Chrome' driver

2022-07-20 11:48:33 - [MESSAGE][INFO] - Action delay is set to 0 milliseconds

2022-07-20 11:48:35 - [MESSAGE][PASSED] - Browser is opened with url: ''

2022-07-20 11:48:35 - [TEST_STEP][PASSED] - navigateToUrl("https://soca.ai/home"): Navigate to 'https://soca.ai/home' successfully

2022-07-20 11:48:36 - [MESSAGE][PASSED] - Navigate to 'https://soca.ai/home' successfully

2022-07-20 11:48:36 - [TEST_STEP][PASSED] - click(findTestObject("Object Repository/tc40/Page_soca.ai/a_Sign In")): Object: 'Object Repository/tc40/Page_soca.ai/a_Sign In' is clicked on

2022-07-20 11:48:38 - [MESSAGE][PASSED] - Object: 'Object Repository/tc40/Page_soca.ai/a_Sign In' is clicked on

2022-07-20 11:48:38 - [TEST_STEP][PASSED] - setText(findTestObject("Object Repository/tc40/Page_soca-dashboarduser/input_Email_form-control"), "kp3skp.dev@gmail.com"): Text 'kp3skp.dev@gmail.com' is set on object 'Object Repository/tc40/Page_soca-dashboarduser/input_Email_form-control'

2022-07-20 11:48:39 - [MESSAGE][PASSED] - Text 'kp3skp.dev@gmail.com' is set on object 'Object Repository/tc40/Page_soca-dashboarduser/input_Email_form-control'

2022-07-20 11:48:39 - [TEST_STEP][PASSED] - setEncryptedText(findTestObject("Object Repository/tc40/Page_soca-dashboarduser/input_Password_form-control mb-2"), "RigbBhfdqODKcAsiUrg+1Q=="): Text ****** has been set on object 'Object Repository/tc40/Page_soca-dashboarduser/input_Password_form-control mb-2'

2022-07-20 11:48:39 - [MESSAGE][PASSED] - Text ****** has been set on object 'Object Repository/tc40/Page_soca-dashboarduser/input_Password_form-control mb-2'

2022-07-20 11:48:39 - [TEST_STEP][PASSED] - click(findTestObject("Object Repository/tc40/Page_soca-dashboarduser/button_Sign In")): Object: 'Object Repository/tc40/Page_soca-dashboarduser/button_Sign In' is clicked on

2022-07-20 11:48:39 - [MESSAGE][PASSED] - Object: 'Object Repository/tc40/Page_soca-dashboarduser/button_Sign In' is clicked on

2022-07-20 11:48:39 - [TEST_STEP][PASSED] - click(findTestObject("Object Repository/tc40/Page_soca-dashboarduser/button_OK")): Object: 'Object Repository/tc40/Page_soca-dashboarduser/button_OK' is clicked on

2022-07-20 11:48:40 - [MESSAGE][PASSED] - Object: 'Object Repository/tc40/Page_soca-dashboarduser/button_OK' is clicked on

2022-07-20 11:48:40 - [TEST_STEP][PASSED] - click(findTestObject("Object Repository/tc40/Page_soca-dashboarduser/a_Projects")): Object: 'Object Repository/tc40/Page_soca-dashboarduser/a_Projects' is clicked on

2022-07-20 11:48:42 - [MESSAGE][PASSED] - Object: 'Object Repository/tc40/Page_soca-dashboarduser/a_Projects' is clicked on

2022-07-20 11:48:42 - [TEST_STEP][PASSED] - click(findTestObject("Object Repository/tc40/Page_soca-dashboarduser/button_Dashboard")): Object: 'Object Repository/tc40/Page_soca-dashboarduser/button_Dashboard' is clicked on

2022-07-20 11:48:43 - [MESSAGE][PASSED] - Object: 'Object Repository/tc40/Page_soca-dashboarduser/button_Dashboard' is clicked on

2022-07-20 11:48:43 - [TEST_STEP][PASSED] - click(findTestObject("Object Repository/tc40/Page_soca-ai-proctoring-dashboard/span_Schedule")): Object: 'Object Repository/tc40/Page_soca-ai-proctoring-dashboard/span_Schedule' is clicked on

2022-07-20 11:48:45 - [MESSAGE][PASSED] - Object: 'Object Repository/tc40/Page_soca-ai-proctoring-dashboard/span_Schedule' is clicked on

2022-07-20 11:48:45 - [TEST_STEP][PASSED] - selectOptionByValue(findTestObject("Object Repository/tc40/Page_soca-ai-proctoring-dashboard/select_--Select Event Name--Ujiantesuas"), "62d75991aed847c7e3028120", true): All options with value '62d75991aed847c7e3028120' are selected in object 'Object Repository/tc40/Page_soca-ai-proctoring-dashboard/select_--Select Event Name--Ujiantesuas'  using regular expression

2022-07-20 11:48:47 - [MESSAGE][PASSED] - All options with value '62d75991aed847c7e3028120' are selected in object 'Object Repository/tc40/Page_soca-ai-proctoring-dashboard/select_--Select Event Name--Ujiantesuas'  using regular expression

2022-07-20 11:48:47 - [TEST_STEP][PASSED] - selectOptionByValue(findTestObject("Object Repository/tc40/Page_soca-ai-proctoring-dashboard/select_Expired TimeDuration"), "time", true): All options with value 'time' are selected in object 'Object Repository/tc40/Page_soca-ai-proctoring-dashboard/select_Expired TimeDuration'  using regular expression

2022-07-20 11:48:48 - [MESSAGE][PASSED] - All options with value 'time' are selected in object 'Object Repository/tc40/Page_soca-ai-proctoring-dashboard/select_Expired TimeDuration'  using regular expression

2022-07-20 11:48:48 - [TEST_STEP][PASSED] - setText(findTestObject("Object Repository/tc40/Page_soca-ai-proctoring-dashboard/input_Schedule Name_description"), ""): Text '' is set on object 'Object Repository/tc40/Page_soca-ai-proctoring-dashboard/input_Schedule Name_description'

2022-07-20 11:48:49 - [MESSAGE][PASSED] - Text '' is set on object 'Object Repository/tc40/Page_soca-ai-proctoring-dashboard/input_Schedule Name_description'

2022-07-20 11:48:49 - [TEST_STEP][PASSED] - click(findTestObject("Object Repository/tc40/Page_soca-ai-proctoring-dashboard/label_No date selected")): Object: 'Object Repository/tc40/Page_soca-ai-proctoring-dashboard/label_No date selected' is clicked on

2022-07-20 11:48:49 - [MESSAGE][PASSED] - Object: 'Object Repository/tc40/Page_soca-ai-proctoring-dashboard/label_No date selected' is clicked on

2022-07-20 11:48:49 - [TEST_STEP][FAILED] - click(findTestObject("Object Repository/tc40/Page_soca-ai-proctoring-dashboard/span_20")): Unable to click on object 'Object Repository/tc40/Page_soca-ai-proctoring-dashboard/span_20' (Root cause: com.kms.katalon.core.exception.StepFailedException: Unable to click on object 'Object Repository/tc40/Page_soca-ai-proctoring-dashboard/span_20'
	at com.kms.katalon.core.webui.keyword.internal.WebUIKeywordMain.stepFailed(WebUIKeywordMain.groovy:64)
	at com.kms.katalon.core.webui.keyword.internal.WebUIKeywordMain.runKeyword(WebUIKeywordMain.groovy:26)
	at com.kms.katalon.core.webui.keyword.builtin.ClickKeyword.click(ClickKeyword.groovy:74)
	at com.kms.katalon.core.webui.keyword.builtin.ClickKeyword.execute(ClickKeyword.groovy:40)
	at com.kms.katalon.core.keyword.internal.KeywordExecutor.executeKeywordForPlatform(KeywordExecutor.groovy:74)
	at com.kms.katalon.core.webui.keyword.WebUiBuiltInKeywords.click(WebUiBuiltInKeywords.groovy:620)
	at com.kms.katalon.core.webui.keyword.WebUiBuiltInKeywords$click$1.call(Unknown Source)
	at TC_40.run(TC_40:52)
	at com.kms.katalon.core.main.ScriptEngine.run(ScriptEngine.java:194)
	at com.kms.katalon.core.main.ScriptEngine.runScriptAsRawText(ScriptEngine.java:119)
	at com.kms.katalon.core.main.TestCaseExecutor.runScript(TestCaseExecutor.java:445)
	at com.kms.katalon.core.main.TestCaseExecutor.doExecute(TestCaseExecutor.java:436)
	at com.kms.katalon.core.main.TestCaseExecutor.processExecutionPhase(TestCaseExecutor.java:415)
	at com.kms.katalon.core.main.TestCaseExecutor.accessMainPhase(TestCaseExecutor.java:407)
	at com.kms.katalon.core.main.TestCaseExecutor.execute(TestCaseExecutor.java:284)
	at com.kms.katalon.core.common.CommonExecutor.accessTestCaseMainPhase(CommonExecutor.java:65)
	at com.kms.katalon.core.main.TestSuiteExecutor.accessTestSuiteMainPhase(TestSuiteExecutor.java:144)
	at com.kms.katalon.core.main.TestSuiteExecutor.execute(TestSuiteExecutor.java:106)
	at com.kms.katalon.core.main.TestCaseMain.startTestSuite(TestCaseMain.java:185)
	at com.kms.katalon.core.main.TestCaseMain$startTestSuite$0.call(Unknown Source)
	at TempTestSuite1658292400137.run(TempTestSuite1658292400137.groovy:36)
Caused by: com.kms.katalon.core.webui.exception.WebElementNotFoundException: Web element with id: 'Object Repository/tc40/Page_soca-ai-proctoring-dashboard/span_20' located by '//div[@id='__BVID__109__cell-2022-07-20_']/span' not found
	at com.kms.katalon.core.webui.common.WebUiCommonHelper.findWebElement(WebUiCommonHelper.java:1370)
	at com.kms.katalon.core.webui.keyword.internal.WebUIAbstractKeyword.findWebElement(WebUIAbstractKeyword.groovy:27)
	at com.kms.katalon.core.webui.keyword.builtin.ClickKeyword$_click_closure1.doCall(ClickKeyword.groovy:65)
	at com.kms.katalon.core.webui.keyword.builtin.ClickKeyword$_click_closure1.call(ClickKeyword.groovy)
	at com.kms.katalon.core.webui.keyword.internal.WebUIKeywordMain.runKeyword(WebUIKeywordMain.groovy:20)
	at com.kms.katalon.core.webui.keyword.builtin.ClickKeyword.click(ClickKeyword.groovy:74)
	at com.kms.katalon.core.webui.keyword.builtin.ClickKeyword.execute(ClickKeyword.groovy:40)
	at com.kms.katalon.core.keyword.internal.KeywordExecutor.executeKeywordForPlatform(KeywordExecutor.groovy:74)
	at com.kms.katalon.core.webui.keyword.WebUiBuiltInKeywords.click(WebUiBuiltInKeywords.groovy:620)
	at com.kms.katalon.core.webui.keyword.WebUiBuiltInKeywords$click$1.call(Unknown Source)
	at Script1658290534745.run(Script1658290534745.groovy:52)
	... 13 more
)

2022-07-20 11:49:20 - [MESSAGE][INFO] - Unable to find the element located by 'By.xpath: //div[@id='__BVID__109__cell-2022-07-20_']/span'. Please recheck the objects properties to make sure the desired element is located. 

2022-07-20 11:49:20 - [MESSAGE][FAILED] - Unable to click on object 'Object Repository/tc40/Page_soca-ai-proctoring-dashboard/span_20' (Root cause: com.kms.katalon.core.exception.StepFailedException: Unable to click on object 'Object Repository/tc40/Page_soca-ai-proctoring-dashboard/span_20'
	at com.kms.katalon.core.webui.keyword.internal.WebUIKeywordMain.stepFailed(WebUIKeywordMain.groovy:64)
	at com.kms.katalon.core.webui.keyword.internal.WebUIKeywordMain.runKeyword(WebUIKeywordMain.groovy:26)
	at com.kms.katalon.core.webui.keyword.builtin.ClickKeyword.click(ClickKeyword.groovy:74)
	at com.kms.katalon.core.webui.keyword.builtin.ClickKeyword.execute(ClickKeyword.groovy:40)
	at com.kms.katalon.core.keyword.internal.KeywordExecutor.executeKeywordForPlatform(KeywordExecutor.groovy:74)
	at com.kms.katalon.core.webui.keyword.WebUiBuiltInKeywords.click(WebUiBuiltInKeywords.groovy:620)
	at com.kms.katalon.core.webui.keyword.WebUiBuiltInKeywords$click$1.call(Unknown Source)
	at TC_40.run(TC_40:52)
	at com.kms.katalon.core.main.ScriptEngine.run(ScriptEngine.java:194)
	at com.kms.katalon.core.main.ScriptEngine.runScriptAsRawText(ScriptEngine.java:119)
	at com.kms.katalon.core.main.TestCaseExecutor.runScript(TestCaseExecutor.java:445)
	at com.kms.katalon.core.main.TestCaseExecutor.doExecute(TestCaseExecutor.java:436)
	at com.kms.katalon.core.main.TestCaseExecutor.processExecutionPhase(TestCaseExecutor.java:415)
	at com.kms.katalon.core.main.TestCaseExecutor.accessMainPhase(TestCaseExecutor.java:407)
	at com.kms.katalon.core.main.TestCaseExecutor.execute(TestCaseExecutor.java:284)
	at com.kms.katalon.core.common.CommonExecutor.accessTestCaseMainPhase(CommonExecutor.java:65)
	at com.kms.katalon.core.main.TestSuiteExecutor.accessTestSuiteMainPhase(TestSuiteExecutor.java:144)
	at com.kms.katalon.core.main.TestSuiteExecutor.execute(TestSuiteExecutor.java:106)
	at com.kms.katalon.core.main.TestCaseMain.startTestSuite(TestCaseMain.java:185)
	at com.kms.katalon.core.main.TestCaseMain$startTestSuite$0.call(Unknown Source)
	at TempTestSuite1658292400137.run(TempTestSuite1658292400137.groovy:36)
Caused by: com.kms.katalon.core.webui.exception.WebElementNotFoundException: Web element with id: 'Object Repository/tc40/Page_soca-ai-proctoring-dashboard/span_20' located by '//div[@id='__BVID__109__cell-2022-07-20_']/span' not found
	at com.kms.katalon.core.webui.common.WebUiCommonHelper.findWebElement(WebUiCommonHelper.java:1370)
	at com.kms.katalon.core.webui.keyword.internal.WebUIAbstractKeyword.findWebElement(WebUIAbstractKeyword.groovy:27)
	at com.kms.katalon.core.webui.keyword.builtin.ClickKeyword$_click_closure1.doCall(ClickKeyword.groovy:65)
	at com.kms.katalon.core.webui.keyword.builtin.ClickKeyword$_click_closure1.call(ClickKeyword.groovy)
	at com.kms.katalon.core.webui.keyword.internal.WebUIKeywordMain.runKeyword(WebUIKeywordMain.groovy:20)
	at com.kms.katalon.core.webui.keyword.builtin.ClickKeyword.click(ClickKeyword.groovy:74)
	at com.kms.katalon.core.webui.keyword.builtin.ClickKeyword.execute(ClickKeyword.groovy:40)
	at com.kms.katalon.core.keyword.internal.KeywordExecutor.executeKeywordForPlatform(KeywordExecutor.groovy:74)
	at com.kms.katalon.core.webui.keyword.WebUiBuiltInKeywords.click(WebUiBuiltInKeywords.groovy:620)
	at com.kms.katalon.core.webui.keyword.WebUiBuiltInKeywords$click$1.call(Unknown Source)
	at Script1658290534745.run(Script1658290534745.groovy:52)
	... 13 more
)
[[ATTACHMENT|E:\\Telkom University\\SEMESTER 7\\KP\\Magang - Birutekno\\QA\\Soca-AI\\Reports\\20220720_114640\\FR_06\\20220720_114640\\1658292560803.png]]]]></system-out>
         <system-err><![CDATA[2022-07-20 11:48:33 - [TEST_CASE][FAILED] - Test Cases/TC_40: Test Cases/TC_40 FAILED.
Reason:
com.kms.katalon.core.exception.StepFailedException: Unable to click on object 'Object Repository/tc40/Page_soca-ai-proctoring-dashboard/span_20'
	at com.kms.katalon.core.webui.keyword.internal.WebUIKeywordMain.stepFailed(WebUIKeywordMain.groovy:64)
	at com.kms.katalon.core.webui.keyword.internal.WebUIKeywordMain.runKeyword(WebUIKeywordMain.groovy:26)
	at com.kms.katalon.core.webui.keyword.builtin.ClickKeyword.click(ClickKeyword.groovy:74)
	at com.kms.katalon.core.webui.keyword.builtin.ClickKeyword.execute(ClickKeyword.groovy:40)
	at com.kms.katalon.core.keyword.internal.KeywordExecutor.executeKeywordForPlatform(KeywordExecutor.groovy:74)
	at com.kms.katalon.core.webui.keyword.WebUiBuiltInKeywords.click(WebUiBuiltInKeywords.groovy:620)
	at com.kms.katalon.core.webui.keyword.WebUiBuiltInKeywords$click$1.call(Unknown Source)
	at TC_40.run(TC_40:52)
	at com.kms.katalon.core.main.ScriptEngine.run(ScriptEngine.java:194)
	at com.kms.katalon.core.main.ScriptEngine.runScriptAsRawText(ScriptEngine.java:119)
	at com.kms.katalon.core.main.TestCaseExecutor.runScript(TestCaseExecutor.java:445)
	at com.kms.katalon.core.main.TestCaseExecutor.doExecute(TestCaseExecutor.java:436)
	at com.kms.katalon.core.main.TestCaseExecutor.processExecutionPhase(TestCaseExecutor.java:415)
	at com.kms.katalon.core.main.TestCaseExecutor.accessMainPhase(TestCaseExecutor.java:407)
	at com.kms.katalon.core.main.TestCaseExecutor.execute(TestCaseExecutor.java:284)
	at com.kms.katalon.core.common.CommonExecutor.accessTestCaseMainPhase(CommonExecutor.java:65)
	at com.kms.katalon.core.main.TestSuiteExecutor.accessTestSuiteMainPhase(TestSuiteExecutor.java:144)
	at com.kms.katalon.core.main.TestSuiteExecutor.execute(TestSuiteExecutor.java:106)
	at com.kms.katalon.core.main.TestCaseMain.startTestSuite(TestCaseMain.java:185)
	at com.kms.katalon.core.main.TestCaseMain$startTestSuite$0.call(Unknown Source)
	at TempTestSuite1658292400137.run(TempTestSuite1658292400137.groovy:36)
Caused by: com.kms.katalon.core.webui.exception.WebElementNotFoundException: Web element with id: 'Object Repository/tc40/Page_soca-ai-proctoring-dashboard/span_20' located by '//div[@id='__BVID__109__cell-2022-07-20_']/span' not found
	at com.kms.katalon.core.webui.common.WebUiCommonHelper.findWebElement(WebUiCommonHelper.java:1370)
	at com.kms.katalon.core.webui.keyword.internal.WebUIAbstractKeyword.findWebElement(WebUIAbstractKeyword.groovy:27)
	at com.kms.katalon.core.webui.keyword.builtin.ClickKeyword$_click_closure1.doCall(ClickKeyword.groovy:65)
	at com.kms.katalon.core.webui.keyword.builtin.ClickKeyword$_click_closure1.call(ClickKeyword.groovy)
	at com.kms.katalon.core.webui.keyword.internal.WebUIKeywordMain.runKeyword(WebUIKeywordMain.groovy:20)
	... 19 more]]></system-err>
      </testcase>
      <testcase name="Test Cases/TC_41" time="48.35" classname="Test Cases/TC_41" status="FAILED">
         <failure type="FAILED" message="Test Cases/TC_41 FAILED.
Reason:
com.kms.katalon.core.exception.StepFailedException: Unable to click on object 'Object Repository/tc41/Page_soca-ai-proctoring-dashboard/span_25'
	at com.kms.katalon.core.webui.keyword.internal.WebUIKeywordMain.stepFailed(WebUIKeywordMain.groovy:64)
	at com.kms.katalon.core.webui.keyword.internal.WebUIKeywordMain.runKeyword(WebUIKeywordMain.groovy:26)
	at com.kms.katalon.core.webui.keyword.builtin.ClickKeyword.click(ClickKeyword.groovy:74)
	at com.kms.katalon.core.webui.keyword.builtin.ClickKeyword.execute(ClickKeyword.groovy:40)
	at com.kms.katalon.core.keyword.internal.KeywordExecutor.executeKeywordForPlatform(KeywordExecutor.groovy:74)
	at com.kms.katalon.core.webui.keyword.WebUiBuiltInKeywords.click(WebUiBuiltInKeywords.groovy:620)
	at com.kms.katalon.core.webui.keyword.WebUiBuiltInKeywords$click$1.call(Unknown Source)
	at TC_41.run(TC_41:52)
	at com.kms.katalon.core.main.ScriptEngine.run(ScriptEngine.java:194)
	at com.kms.katalon.core.main.ScriptEngine.runScriptAsRawText(ScriptEngine.java:119)
	at com.kms.katalon.core.main.TestCaseExecutor.runScript(TestCaseExecutor.java:445)
	at com.kms.katalon.core.main.TestCaseExecutor.doExecute(TestCaseExecutor.java:436)
	at com.kms.katalon.core.main.TestCaseExecutor.processExecutionPhase(TestCaseExecutor.java:415)
	at com.kms.katalon.core.main.TestCaseExecutor.accessMainPhase(TestCaseExecutor.java:407)
	at com.kms.katalon.core.main.TestCaseExecutor.execute(TestCaseExecutor.java:284)
	at com.kms.katalon.core.common.CommonExecutor.accessTestCaseMainPhase(CommonExecutor.java:65)
	at com.kms.katalon.core.main.TestSuiteExecutor.accessTestSuiteMainPhase(TestSuiteExecutor.java:144)
	at com.kms.katalon.core.main.TestSuiteExecutor.execute(TestSuiteExecutor.java:106)
	at com.kms.katalon.core.main.TestCaseMain.startTestSuite(TestCaseMain.java:185)
	at com.kms.katalon.core.main.TestCaseMain$startTestSuite$0.call(Unknown Source)
	at TempTestSuite1658292400137.run(TempTestSuite1658292400137.groovy:36)
Caused by: com.kms.katalon.core.webui.exception.WebElementNotFoundException: Web element with id: 'Object Repository/tc41/Page_soca-ai-proctoring-dashboard/span_25' located by '//div[@id='__BVID__112__cell-2022-07-25_']/span' not found
	at com.kms.katalon.core.webui.common.WebUiCommonHelper.findWebElement(WebUiCommonHelper.java:1370)
	at com.kms.katalon.core.webui.keyword.internal.WebUIAbstractKeyword.findWebElement(WebUIAbstractKeyword.groovy:27)
	at com.kms.katalon.core.webui.keyword.builtin.ClickKeyword$_click_closure1.doCall(ClickKeyword.groovy:65)
	at com.kms.katalon.core.webui.keyword.builtin.ClickKeyword$_click_closure1.call(ClickKeyword.groovy)
	at com.kms.katalon.core.webui.keyword.internal.WebUIKeywordMain.runKeyword(WebUIKeywordMain.groovy:20)
	... 19 more
"/>
         <system-out><![CDATA[2022-07-20 11:49:20 - [TEST_CASE][FAILED] - Test Cases/TC_41: Test Cases/TC_41 FAILED.
Reason:
com.kms.katalon.core.exception.StepFailedException: Unable to click on object 'Object Repository/tc41/Page_soca-ai-proctoring-dashboard/span_25'
	at com.kms.katalon.core.webui.keyword.internal.WebUIKeywordMain.stepFailed(WebUIKeywordMain.groovy:64)
	at com.kms.katalon.core.webui.keyword.internal.WebUIKeywordMain.runKeyword(WebUIKeywordMain.groovy:26)
	at com.kms.katalon.core.webui.keyword.builtin.ClickKeyword.click(ClickKeyword.groovy:74)
	at com.kms.katalon.core.webui.keyword.builtin.ClickKeyword.execute(ClickKeyword.groovy:40)
	at com.kms.katalon.core.keyword.internal.KeywordExecutor.executeKeywordForPlatform(KeywordExecutor.groovy:74)
	at com.kms.katalon.core.webui.keyword.WebUiBuiltInKeywords.click(WebUiBuiltInKeywords.groovy:620)
	at com.kms.katalon.core.webui.keyword.WebUiBuiltInKeywords$click$1.call(Unknown Source)
	at TC_41.run(TC_41:52)
	at com.kms.katalon.core.main.ScriptEngine.run(ScriptEngine.java:194)
	at com.kms.katalon.core.main.ScriptEngine.runScriptAsRawText(ScriptEngine.java:119)
	at com.kms.katalon.core.main.TestCaseExecutor.runScript(TestCaseExecutor.java:445)
	at com.kms.katalon.core.main.TestCaseExecutor.doExecute(TestCaseExecutor.java:436)
	at com.kms.katalon.core.main.TestCaseExecutor.processExecutionPhase(TestCaseExecutor.java:415)
	at com.kms.katalon.core.main.TestCaseExecutor.accessMainPhase(TestCaseExecutor.java:407)
	at com.kms.katalon.core.main.TestCaseExecutor.execute(TestCaseExecutor.java:284)
	at com.kms.katalon.core.common.CommonExecutor.accessTestCaseMainPhase(CommonExecutor.java:65)
	at com.kms.katalon.core.main.TestSuiteExecutor.accessTestSuiteMainPhase(TestSuiteExecutor.java:144)
	at com.kms.katalon.core.main.TestSuiteExecutor.execute(TestSuiteExecutor.java:106)
	at com.kms.katalon.core.main.TestCaseMain.startTestSuite(TestCaseMain.java:185)
	at com.kms.katalon.core.main.TestCaseMain$startTestSuite$0.call(Unknown Source)
	at TempTestSuite1658292400137.run(TempTestSuite1658292400137.groovy:36)
Caused by: com.kms.katalon.core.webui.exception.WebElementNotFoundException: Web element with id: 'Object Repository/tc41/Page_soca-ai-proctoring-dashboard/span_25' located by '//div[@id='__BVID__112__cell-2022-07-25_']/span' not found
	at com.kms.katalon.core.webui.common.WebUiCommonHelper.findWebElement(WebUiCommonHelper.java:1370)
	at com.kms.katalon.core.webui.keyword.internal.WebUIAbstractKeyword.findWebElement(WebUIAbstractKeyword.groovy:27)
	at com.kms.katalon.core.webui.keyword.builtin.ClickKeyword$_click_closure1.doCall(ClickKeyword.groovy:65)
	at com.kms.katalon.core.webui.keyword.builtin.ClickKeyword$_click_closure1.call(ClickKeyword.groovy)
	at com.kms.katalon.core.webui.keyword.internal.WebUIKeywordMain.runKeyword(WebUIKeywordMain.groovy:20)
	... 19 more


2022-07-20 11:49:21 - [TEST_STEP][PASSED] - openBrowser(""): Browser is opened with url: ''

2022-07-20 11:49:21 - [MESSAGE][WARNING] - A browser is already opened. Closing browser and opening a new one

2022-07-20 11:49:21 - [MESSAGE][INFO] - Starting 'Chrome' driver

2022-07-20 11:49:21 - [MESSAGE][INFO] - Action delay is set to 0 milliseconds

2022-07-20 11:49:23 - [MESSAGE][PASSED] - Browser is opened with url: ''

2022-07-20 11:49:23 - [TEST_STEP][PASSED] - navigateToUrl("https://soca.ai/home"): Navigate to 'https://soca.ai/home' successfully

2022-07-20 11:49:24 - [MESSAGE][PASSED] - Navigate to 'https://soca.ai/home' successfully

2022-07-20 11:49:24 - [TEST_STEP][PASSED] - click(findTestObject("Object Repository/tc41/Page_soca.ai/a_Sign In")): Object: 'Object Repository/tc41/Page_soca.ai/a_Sign In' is clicked on

2022-07-20 11:49:26 - [MESSAGE][PASSED] - Object: 'Object Repository/tc41/Page_soca.ai/a_Sign In' is clicked on

2022-07-20 11:49:26 - [TEST_STEP][PASSED] - setText(findTestObject("Object Repository/tc41/Page_soca-dashboarduser/input_Email_form-control"), "kp3skp.dev@gmail.com"): Text 'kp3skp.dev@gmail.com' is set on object 'Object Repository/tc41/Page_soca-dashboarduser/input_Email_form-control'

2022-07-20 11:49:27 - [MESSAGE][PASSED] - Text 'kp3skp.dev@gmail.com' is set on object 'Object Repository/tc41/Page_soca-dashboarduser/input_Email_form-control'

2022-07-20 11:49:27 - [TEST_STEP][PASSED] - setEncryptedText(findTestObject("Object Repository/tc41/Page_soca-dashboarduser/input_Password_form-control mb-2"), "RigbBhfdqODKcAsiUrg+1Q=="): Text ****** has been set on object 'Object Repository/tc41/Page_soca-dashboarduser/input_Password_form-control mb-2'

2022-07-20 11:49:27 - [MESSAGE][PASSED] - Text ****** has been set on object 'Object Repository/tc41/Page_soca-dashboarduser/input_Password_form-control mb-2'

2022-07-20 11:49:27 - [TEST_STEP][PASSED] - click(findTestObject("Object Repository/tc41/Page_soca-dashboarduser/button_Sign In")): Object: 'Object Repository/tc41/Page_soca-dashboarduser/button_Sign In' is clicked on

2022-07-20 11:49:27 - [MESSAGE][PASSED] - Object: 'Object Repository/tc41/Page_soca-dashboarduser/button_Sign In' is clicked on

2022-07-20 11:49:27 - [TEST_STEP][PASSED] - click(findTestObject("Object Repository/tc41/Page_soca-dashboarduser/button_OK")): Object: 'Object Repository/tc41/Page_soca-dashboarduser/button_OK' is clicked on

2022-07-20 11:49:28 - [MESSAGE][PASSED] - Object: 'Object Repository/tc41/Page_soca-dashboarduser/button_OK' is clicked on

2022-07-20 11:49:28 - [TEST_STEP][PASSED] - click(findTestObject("Object Repository/tc41/Page_soca-dashboarduser/a_Projects")): Object: 'Object Repository/tc41/Page_soca-dashboarduser/a_Projects' is clicked on

2022-07-20 11:49:30 - [MESSAGE][PASSED] - Object: 'Object Repository/tc41/Page_soca-dashboarduser/a_Projects' is clicked on

2022-07-20 11:49:30 - [TEST_STEP][PASSED] - click(findTestObject("Object Repository/tc41/Page_soca-dashboarduser/button_Dashboard")): Object: 'Object Repository/tc41/Page_soca-dashboarduser/button_Dashboard' is clicked on

2022-07-20 11:49:31 - [MESSAGE][PASSED] - Object: 'Object Repository/tc41/Page_soca-dashboarduser/button_Dashboard' is clicked on

2022-07-20 11:49:31 - [TEST_STEP][PASSED] - click(findTestObject("Object Repository/tc41/Page_soca-ai-proctoring-dashboard/span_Schedule")): Object: 'Object Repository/tc41/Page_soca-ai-proctoring-dashboard/span_Schedule' is clicked on

2022-07-20 11:49:34 - [MESSAGE][PASSED] - Object: 'Object Repository/tc41/Page_soca-ai-proctoring-dashboard/span_Schedule' is clicked on

2022-07-20 11:49:34 - [TEST_STEP][PASSED] - selectOptionByValue(findTestObject("Object Repository/tc41/Page_soca-ai-proctoring-dashboard/select_--Select Event Name--Ujiantesuas"), "62d75991aed847c7e3028120", true): All options with value '62d75991aed847c7e3028120' are selected in object 'Object Repository/tc41/Page_soca-ai-proctoring-dashboard/select_--Select Event Name--Ujiantesuas'  using regular expression

2022-07-20 11:49:35 - [MESSAGE][PASSED] - All options with value '62d75991aed847c7e3028120' are selected in object 'Object Repository/tc41/Page_soca-ai-proctoring-dashboard/select_--Select Event Name--Ujiantesuas'  using regular expression

2022-07-20 11:49:35 - [TEST_STEP][PASSED] - selectOptionByValue(findTestObject("Object Repository/tc41/Page_soca-ai-proctoring-dashboard/select_Expired TimeDuration"), "time", true): All options with value 'time' are selected in object 'Object Repository/tc41/Page_soca-ai-proctoring-dashboard/select_Expired TimeDuration'  using regular expression

2022-07-20 11:49:36 - [MESSAGE][PASSED] - All options with value 'time' are selected in object 'Object Repository/tc41/Page_soca-ai-proctoring-dashboard/select_Expired TimeDuration'  using regular expression

2022-07-20 11:49:36 - [TEST_STEP][PASSED] - setText(findTestObject("Object Repository/tc41/Page_soca-ai-proctoring-dashboard/input_Schedule Name_description"), "Sesi pagi"): Text 'Sesi pagi' is set on object 'Object Repository/tc41/Page_soca-ai-proctoring-dashboard/input_Schedule Name_description'

2022-07-20 11:49:37 - [MESSAGE][PASSED] - Text 'Sesi pagi' is set on object 'Object Repository/tc41/Page_soca-ai-proctoring-dashboard/input_Schedule Name_description'

2022-07-20 11:49:37 - [TEST_STEP][PASSED] - click(findTestObject("Object Repository/tc41/Page_soca-ai-proctoring-dashboard/label_No date selected_1")): Object: 'Object Repository/tc41/Page_soca-ai-proctoring-dashboard/label_No date selected_1' is clicked on

2022-07-20 11:49:38 - [MESSAGE][PASSED] - Object: 'Object Repository/tc41/Page_soca-ai-proctoring-dashboard/label_No date selected_1' is clicked on

2022-07-20 11:49:38 - [TEST_STEP][FAILED] - click(findTestObject("Object Repository/tc41/Page_soca-ai-proctoring-dashboard/span_25")): Unable to click on object 'Object Repository/tc41/Page_soca-ai-proctoring-dashboard/span_25' (Root cause: com.kms.katalon.core.exception.StepFailedException: Unable to click on object 'Object Repository/tc41/Page_soca-ai-proctoring-dashboard/span_25'
	at com.kms.katalon.core.webui.keyword.internal.WebUIKeywordMain.stepFailed(WebUIKeywordMain.groovy:64)
	at com.kms.katalon.core.webui.keyword.internal.WebUIKeywordMain.runKeyword(WebUIKeywordMain.groovy:26)
	at com.kms.katalon.core.webui.keyword.builtin.ClickKeyword.click(ClickKeyword.groovy:74)
	at com.kms.katalon.core.webui.keyword.builtin.ClickKeyword.execute(ClickKeyword.groovy:40)
	at com.kms.katalon.core.keyword.internal.KeywordExecutor.executeKeywordForPlatform(KeywordExecutor.groovy:74)
	at com.kms.katalon.core.webui.keyword.WebUiBuiltInKeywords.click(WebUiBuiltInKeywords.groovy:620)
	at com.kms.katalon.core.webui.keyword.WebUiBuiltInKeywords$click$1.call(Unknown Source)
	at TC_41.run(TC_41:52)
	at com.kms.katalon.core.main.ScriptEngine.run(ScriptEngine.java:194)
	at com.kms.katalon.core.main.ScriptEngine.runScriptAsRawText(ScriptEngine.java:119)
	at com.kms.katalon.core.main.TestCaseExecutor.runScript(TestCaseExecutor.java:445)
	at com.kms.katalon.core.main.TestCaseExecutor.doExecute(TestCaseExecutor.java:436)
	at com.kms.katalon.core.main.TestCaseExecutor.processExecutionPhase(TestCaseExecutor.java:415)
	at com.kms.katalon.core.main.TestCaseExecutor.accessMainPhase(TestCaseExecutor.java:407)
	at com.kms.katalon.core.main.TestCaseExecutor.execute(TestCaseExecutor.java:284)
	at com.kms.katalon.core.common.CommonExecutor.accessTestCaseMainPhase(CommonExecutor.java:65)
	at com.kms.katalon.core.main.TestSuiteExecutor.accessTestSuiteMainPhase(TestSuiteExecutor.java:144)
	at com.kms.katalon.core.main.TestSuiteExecutor.execute(TestSuiteExecutor.java:106)
	at com.kms.katalon.core.main.TestCaseMain.startTestSuite(TestCaseMain.java:185)
	at com.kms.katalon.core.main.TestCaseMain$startTestSuite$0.call(Unknown Source)
	at TempTestSuite1658292400137.run(TempTestSuite1658292400137.groovy:36)
Caused by: com.kms.katalon.core.webui.exception.WebElementNotFoundException: Web element with id: 'Object Repository/tc41/Page_soca-ai-proctoring-dashboard/span_25' located by '//div[@id='__BVID__112__cell-2022-07-25_']/span' not found
	at com.kms.katalon.core.webui.common.WebUiCommonHelper.findWebElement(WebUiCommonHelper.java:1370)
	at com.kms.katalon.core.webui.keyword.internal.WebUIAbstractKeyword.findWebElement(WebUIAbstractKeyword.groovy:27)
	at com.kms.katalon.core.webui.keyword.builtin.ClickKeyword$_click_closure1.doCall(ClickKeyword.groovy:65)
	at com.kms.katalon.core.webui.keyword.builtin.ClickKeyword$_click_closure1.call(ClickKeyword.groovy)
	at com.kms.katalon.core.webui.keyword.internal.WebUIKeywordMain.runKeyword(WebUIKeywordMain.groovy:20)
	at com.kms.katalon.core.webui.keyword.builtin.ClickKeyword.click(ClickKeyword.groovy:74)
	at com.kms.katalon.core.webui.keyword.builtin.ClickKeyword.execute(ClickKeyword.groovy:40)
	at com.kms.katalon.core.keyword.internal.KeywordExecutor.executeKeywordForPlatform(KeywordExecutor.groovy:74)
	at com.kms.katalon.core.webui.keyword.WebUiBuiltInKeywords.click(WebUiBuiltInKeywords.groovy:620)
	at com.kms.katalon.core.webui.keyword.WebUiBuiltInKeywords$click$1.call(Unknown Source)
	at Script1658287910507.run(Script1658287910507.groovy:52)
	... 13 more
)

2022-07-20 11:50:09 - [MESSAGE][INFO] - Unable to find the element located by 'By.xpath: //div[@id='__BVID__112__cell-2022-07-25_']/span'. Please recheck the objects properties to make sure the desired element is located. 

2022-07-20 11:50:09 - [MESSAGE][FAILED] - Unable to click on object 'Object Repository/tc41/Page_soca-ai-proctoring-dashboard/span_25' (Root cause: com.kms.katalon.core.exception.StepFailedException: Unable to click on object 'Object Repository/tc41/Page_soca-ai-proctoring-dashboard/span_25'
	at com.kms.katalon.core.webui.keyword.internal.WebUIKeywordMain.stepFailed(WebUIKeywordMain.groovy:64)
	at com.kms.katalon.core.webui.keyword.internal.WebUIKeywordMain.runKeyword(WebUIKeywordMain.groovy:26)
	at com.kms.katalon.core.webui.keyword.builtin.ClickKeyword.click(ClickKeyword.groovy:74)
	at com.kms.katalon.core.webui.keyword.builtin.ClickKeyword.execute(ClickKeyword.groovy:40)
	at com.kms.katalon.core.keyword.internal.KeywordExecutor.executeKeywordForPlatform(KeywordExecutor.groovy:74)
	at com.kms.katalon.core.webui.keyword.WebUiBuiltInKeywords.click(WebUiBuiltInKeywords.groovy:620)
	at com.kms.katalon.core.webui.keyword.WebUiBuiltInKeywords$click$1.call(Unknown Source)
	at TC_41.run(TC_41:52)
	at com.kms.katalon.core.main.ScriptEngine.run(ScriptEngine.java:194)
	at com.kms.katalon.core.main.ScriptEngine.runScriptAsRawText(ScriptEngine.java:119)
	at com.kms.katalon.core.main.TestCaseExecutor.runScript(TestCaseExecutor.java:445)
	at com.kms.katalon.core.main.TestCaseExecutor.doExecute(TestCaseExecutor.java:436)
	at com.kms.katalon.core.main.TestCaseExecutor.processExecutionPhase(TestCaseExecutor.java:415)
	at com.kms.katalon.core.main.TestCaseExecutor.accessMainPhase(TestCaseExecutor.java:407)
	at com.kms.katalon.core.main.TestCaseExecutor.execute(TestCaseExecutor.java:284)
	at com.kms.katalon.core.common.CommonExecutor.accessTestCaseMainPhase(CommonExecutor.java:65)
	at com.kms.katalon.core.main.TestSuiteExecutor.accessTestSuiteMainPhase(TestSuiteExecutor.java:144)
	at com.kms.katalon.core.main.TestSuiteExecutor.execute(TestSuiteExecutor.java:106)
	at com.kms.katalon.core.main.TestCaseMain.startTestSuite(TestCaseMain.java:185)
	at com.kms.katalon.core.main.TestCaseMain$startTestSuite$0.call(Unknown Source)
	at TempTestSuite1658292400137.run(TempTestSuite1658292400137.groovy:36)
Caused by: com.kms.katalon.core.webui.exception.WebElementNotFoundException: Web element with id: 'Object Repository/tc41/Page_soca-ai-proctoring-dashboard/span_25' located by '//div[@id='__BVID__112__cell-2022-07-25_']/span' not found
	at com.kms.katalon.core.webui.common.WebUiCommonHelper.findWebElement(WebUiCommonHelper.java:1370)
	at com.kms.katalon.core.webui.keyword.internal.WebUIAbstractKeyword.findWebElement(WebUIAbstractKeyword.groovy:27)
	at com.kms.katalon.core.webui.keyword.builtin.ClickKeyword$_click_closure1.doCall(ClickKeyword.groovy:65)
	at com.kms.katalon.core.webui.keyword.builtin.ClickKeyword$_click_closure1.call(ClickKeyword.groovy)
	at com.kms.katalon.core.webui.keyword.internal.WebUIKeywordMain.runKeyword(WebUIKeywordMain.groovy:20)
	at com.kms.katalon.core.webui.keyword.builtin.ClickKeyword.click(ClickKeyword.groovy:74)
	at com.kms.katalon.core.webui.keyword.builtin.ClickKeyword.execute(ClickKeyword.groovy:40)
	at com.kms.katalon.core.keyword.internal.KeywordExecutor.executeKeywordForPlatform(KeywordExecutor.groovy:74)
	at com.kms.katalon.core.webui.keyword.WebUiBuiltInKeywords.click(WebUiBuiltInKeywords.groovy:620)
	at com.kms.katalon.core.webui.keyword.WebUiBuiltInKeywords$click$1.call(Unknown Source)
	at Script1658287910507.run(Script1658287910507.groovy:52)
	... 13 more
)
[[ATTACHMENT|E:\\Telkom University\\SEMESTER 7\\KP\\Magang - Birutekno\\QA\\Soca-AI\\Reports\\20220720_114640\\FR_06\\20220720_114640\\1658292609148.png]]]]></system-out>
         <system-err><![CDATA[2022-07-20 11:49:20 - [TEST_CASE][FAILED] - Test Cases/TC_41: Test Cases/TC_41 FAILED.
Reason:
com.kms.katalon.core.exception.StepFailedException: Unable to click on object 'Object Repository/tc41/Page_soca-ai-proctoring-dashboard/span_25'
	at com.kms.katalon.core.webui.keyword.internal.WebUIKeywordMain.stepFailed(WebUIKeywordMain.groovy:64)
	at com.kms.katalon.core.webui.keyword.internal.WebUIKeywordMain.runKeyword(WebUIKeywordMain.groovy:26)
	at com.kms.katalon.core.webui.keyword.builtin.ClickKeyword.click(ClickKeyword.groovy:74)
	at com.kms.katalon.core.webui.keyword.builtin.ClickKeyword.execute(ClickKeyword.groovy:40)
	at com.kms.katalon.core.keyword.internal.KeywordExecutor.executeKeywordForPlatform(KeywordExecutor.groovy:74)
	at com.kms.katalon.core.webui.keyword.WebUiBuiltInKeywords.click(WebUiBuiltInKeywords.groovy:620)
	at com.kms.katalon.core.webui.keyword.WebUiBuiltInKeywords$click$1.call(Unknown Source)
	at TC_41.run(TC_41:52)
	at com.kms.katalon.core.main.ScriptEngine.run(ScriptEngine.java:194)
	at com.kms.katalon.core.main.ScriptEngine.runScriptAsRawText(ScriptEngine.java:119)
	at com.kms.katalon.core.main.TestCaseExecutor.runScript(TestCaseExecutor.java:445)
	at com.kms.katalon.core.main.TestCaseExecutor.doExecute(TestCaseExecutor.java:436)
	at com.kms.katalon.core.main.TestCaseExecutor.processExecutionPhase(TestCaseExecutor.java:415)
	at com.kms.katalon.core.main.TestCaseExecutor.accessMainPhase(TestCaseExecutor.java:407)
	at com.kms.katalon.core.main.TestCaseExecutor.execute(TestCaseExecutor.java:284)
	at com.kms.katalon.core.common.CommonExecutor.accessTestCaseMainPhase(CommonExecutor.java:65)
	at com.kms.katalon.core.main.TestSuiteExecutor.accessTestSuiteMainPhase(TestSuiteExecutor.java:144)
	at com.kms.katalon.core.main.TestSuiteExecutor.execute(TestSuiteExecutor.java:106)
	at com.kms.katalon.core.main.TestCaseMain.startTestSuite(TestCaseMain.java:185)
	at com.kms.katalon.core.main.TestCaseMain$startTestSuite$0.call(Unknown Source)
	at TempTestSuite1658292400137.run(TempTestSuite1658292400137.groovy:36)
Caused by: com.kms.katalon.core.webui.exception.WebElementNotFoundException: Web element with id: 'Object Repository/tc41/Page_soca-ai-proctoring-dashboard/span_25' located by '//div[@id='__BVID__112__cell-2022-07-25_']/span' not found
	at com.kms.katalon.core.webui.common.WebUiCommonHelper.findWebElement(WebUiCommonHelper.java:1370)
	at com.kms.katalon.core.webui.keyword.internal.WebUIAbstractKeyword.findWebElement(WebUIAbstractKeyword.groovy:27)
	at com.kms.katalon.core.webui.keyword.builtin.ClickKeyword$_click_closure1.doCall(ClickKeyword.groovy:65)
	at com.kms.katalon.core.webui.keyword.builtin.ClickKeyword$_click_closure1.call(ClickKeyword.groovy)
	at com.kms.katalon.core.webui.keyword.internal.WebUIKeywordMain.runKeyword(WebUIKeywordMain.groovy:20)
	... 19 more]]></system-err>
      </testcase>
      <testcase name="Test Cases/TC_42" time="47.342" classname="Test Cases/TC_42" status="FAILED">
         <failure type="FAILED" message="Test Cases/TC_42 FAILED.
Reason:
com.kms.katalon.core.exception.StepFailedException: Unable to click on object 'Object Repository/tc42/Page_soca-ai-proctoring-dashboard/span_20'
	at com.kms.katalon.core.webui.keyword.internal.WebUIKeywordMain.stepFailed(WebUIKeywordMain.groovy:64)
	at com.kms.katalon.core.webui.keyword.internal.WebUIKeywordMain.runKeyword(WebUIKeywordMain.groovy:26)
	at com.kms.katalon.core.webui.keyword.builtin.ClickKeyword.click(ClickKeyword.groovy:74)
	at com.kms.katalon.core.webui.keyword.builtin.ClickKeyword.execute(ClickKeyword.groovy:40)
	at com.kms.katalon.core.keyword.internal.KeywordExecutor.executeKeywordForPlatform(KeywordExecutor.groovy:74)
	at com.kms.katalon.core.webui.keyword.WebUiBuiltInKeywords.click(WebUiBuiltInKeywords.groovy:620)
	at com.kms.katalon.core.webui.keyword.WebUiBuiltInKeywords$click$1.call(Unknown Source)
	at TC_42.run(TC_42:52)
	at com.kms.katalon.core.main.ScriptEngine.run(ScriptEngine.java:194)
	at com.kms.katalon.core.main.ScriptEngine.runScriptAsRawText(ScriptEngine.java:119)
	at com.kms.katalon.core.main.TestCaseExecutor.runScript(TestCaseExecutor.java:445)
	at com.kms.katalon.core.main.TestCaseExecutor.doExecute(TestCaseExecutor.java:436)
	at com.kms.katalon.core.main.TestCaseExecutor.processExecutionPhase(TestCaseExecutor.java:415)
	at com.kms.katalon.core.main.TestCaseExecutor.accessMainPhase(TestCaseExecutor.java:407)
	at com.kms.katalon.core.main.TestCaseExecutor.execute(TestCaseExecutor.java:284)
	at com.kms.katalon.core.common.CommonExecutor.accessTestCaseMainPhase(CommonExecutor.java:65)
	at com.kms.katalon.core.main.TestSuiteExecutor.accessTestSuiteMainPhase(TestSuiteExecutor.java:144)
	at com.kms.katalon.core.main.TestSuiteExecutor.execute(TestSuiteExecutor.java:106)
	at com.kms.katalon.core.main.TestCaseMain.startTestSuite(TestCaseMain.java:185)
	at com.kms.katalon.core.main.TestCaseMain$startTestSuite$0.call(Unknown Source)
	at TempTestSuite1658292400137.run(TempTestSuite1658292400137.groovy:36)
Caused by: com.kms.katalon.core.webui.exception.WebElementNotFoundException: Web element with id: 'Object Repository/tc42/Page_soca-ai-proctoring-dashboard/span_20' located by '//div[@id='__BVID__110__cell-2022-07-20_']/span' not found
	at com.kms.katalon.core.webui.common.WebUiCommonHelper.findWebElement(WebUiCommonHelper.java:1370)
	at com.kms.katalon.core.webui.keyword.internal.WebUIAbstractKeyword.findWebElement(WebUIAbstractKeyword.groovy:27)
	at com.kms.katalon.core.webui.keyword.builtin.ClickKeyword$_click_closure1.doCall(ClickKeyword.groovy:65)
	at com.kms.katalon.core.webui.keyword.builtin.ClickKeyword$_click_closure1.call(ClickKeyword.groovy)
	at com.kms.katalon.core.webui.keyword.internal.WebUIKeywordMain.runKeyword(WebUIKeywordMain.groovy:20)
	... 19 more
"/>
         <system-out><![CDATA[2022-07-20 11:50:09 - [TEST_CASE][FAILED] - Test Cases/TC_42: Test Cases/TC_42 FAILED.
Reason:
com.kms.katalon.core.exception.StepFailedException: Unable to click on object 'Object Repository/tc42/Page_soca-ai-proctoring-dashboard/span_20'
	at com.kms.katalon.core.webui.keyword.internal.WebUIKeywordMain.stepFailed(WebUIKeywordMain.groovy:64)
	at com.kms.katalon.core.webui.keyword.internal.WebUIKeywordMain.runKeyword(WebUIKeywordMain.groovy:26)
	at com.kms.katalon.core.webui.keyword.builtin.ClickKeyword.click(ClickKeyword.groovy:74)
	at com.kms.katalon.core.webui.keyword.builtin.ClickKeyword.execute(ClickKeyword.groovy:40)
	at com.kms.katalon.core.keyword.internal.KeywordExecutor.executeKeywordForPlatform(KeywordExecutor.groovy:74)
	at com.kms.katalon.core.webui.keyword.WebUiBuiltInKeywords.click(WebUiBuiltInKeywords.groovy:620)
	at com.kms.katalon.core.webui.keyword.WebUiBuiltInKeywords$click$1.call(Unknown Source)
	at TC_42.run(TC_42:52)
	at com.kms.katalon.core.main.ScriptEngine.run(ScriptEngine.java:194)
	at com.kms.katalon.core.main.ScriptEngine.runScriptAsRawText(ScriptEngine.java:119)
	at com.kms.katalon.core.main.TestCaseExecutor.runScript(TestCaseExecutor.java:445)
	at com.kms.katalon.core.main.TestCaseExecutor.doExecute(TestCaseExecutor.java:436)
	at com.kms.katalon.core.main.TestCaseExecutor.processExecutionPhase(TestCaseExecutor.java:415)
	at com.kms.katalon.core.main.TestCaseExecutor.accessMainPhase(TestCaseExecutor.java:407)
	at com.kms.katalon.core.main.TestCaseExecutor.execute(TestCaseExecutor.java:284)
	at com.kms.katalon.core.common.CommonExecutor.accessTestCaseMainPhase(CommonExecutor.java:65)
	at com.kms.katalon.core.main.TestSuiteExecutor.accessTestSuiteMainPhase(TestSuiteExecutor.java:144)
	at com.kms.katalon.core.main.TestSuiteExecutor.execute(TestSuiteExecutor.java:106)
	at com.kms.katalon.core.main.TestCaseMain.startTestSuite(TestCaseMain.java:185)
	at com.kms.katalon.core.main.TestCaseMain$startTestSuite$0.call(Unknown Source)
	at TempTestSuite1658292400137.run(TempTestSuite1658292400137.groovy:36)
Caused by: com.kms.katalon.core.webui.exception.WebElementNotFoundException: Web element with id: 'Object Repository/tc42/Page_soca-ai-proctoring-dashboard/span_20' located by '//div[@id='__BVID__110__cell-2022-07-20_']/span' not found
	at com.kms.katalon.core.webui.common.WebUiCommonHelper.findWebElement(WebUiCommonHelper.java:1370)
	at com.kms.katalon.core.webui.keyword.internal.WebUIAbstractKeyword.findWebElement(WebUIAbstractKeyword.groovy:27)
	at com.kms.katalon.core.webui.keyword.builtin.ClickKeyword$_click_closure1.doCall(ClickKeyword.groovy:65)
	at com.kms.katalon.core.webui.keyword.builtin.ClickKeyword$_click_closure1.call(ClickKeyword.groovy)
	at com.kms.katalon.core.webui.keyword.internal.WebUIKeywordMain.runKeyword(WebUIKeywordMain.groovy:20)
	... 19 more


2022-07-20 11:50:09 - [TEST_STEP][PASSED] - openBrowser(""): Browser is opened with url: ''

2022-07-20 11:50:09 - [MESSAGE][WARNING] - A browser is already opened. Closing browser and opening a new one

2022-07-20 11:50:10 - [MESSAGE][INFO] - Starting 'Chrome' driver

2022-07-20 11:50:10 - [MESSAGE][INFO] - Action delay is set to 0 milliseconds

2022-07-20 11:50:11 - [MESSAGE][PASSED] - Browser is opened with url: ''

2022-07-20 11:50:11 - [TEST_STEP][PASSED] - navigateToUrl("https://soca.ai/home"): Navigate to 'https://soca.ai/home' successfully

2022-07-20 11:50:12 - [MESSAGE][PASSED] - Navigate to 'https://soca.ai/home' successfully

2022-07-20 11:50:12 - [TEST_STEP][PASSED] - click(findTestObject("Object Repository/tc42/Page_soca.ai/a_Sign In")): Object: 'Object Repository/tc42/Page_soca.ai/a_Sign In' is clicked on

2022-07-20 11:50:13 - [MESSAGE][PASSED] - Object: 'Object Repository/tc42/Page_soca.ai/a_Sign In' is clicked on

2022-07-20 11:50:13 - [TEST_STEP][PASSED] - setText(findTestObject("Object Repository/tc42/Page_soca-dashboarduser/input_Email_form-control"), "kp3skp.dev@gmail.com"): Text 'kp3skp.dev@gmail.com' is set on object 'Object Repository/tc42/Page_soca-dashboarduser/input_Email_form-control'

2022-07-20 11:50:14 - [MESSAGE][PASSED] - Text 'kp3skp.dev@gmail.com' is set on object 'Object Repository/tc42/Page_soca-dashboarduser/input_Email_form-control'

2022-07-20 11:50:14 - [TEST_STEP][PASSED] - setEncryptedText(findTestObject("Object Repository/tc42/Page_soca-dashboarduser/input_Password_form-control mb-2"), "RigbBhfdqODKcAsiUrg+1Q=="): Text ****** has been set on object 'Object Repository/tc42/Page_soca-dashboarduser/input_Password_form-control mb-2'

2022-07-20 11:50:15 - [MESSAGE][PASSED] - Text ****** has been set on object 'Object Repository/tc42/Page_soca-dashboarduser/input_Password_form-control mb-2'

2022-07-20 11:50:15 - [TEST_STEP][PASSED] - click(findTestObject("Object Repository/tc42/Page_soca-dashboarduser/button_Sign In")): Object: 'Object Repository/tc42/Page_soca-dashboarduser/button_Sign In' is clicked on

2022-07-20 11:50:15 - [MESSAGE][PASSED] - Object: 'Object Repository/tc42/Page_soca-dashboarduser/button_Sign In' is clicked on

2022-07-20 11:50:15 - [TEST_STEP][PASSED] - click(findTestObject("Object Repository/tc42/Page_soca-dashboarduser/button_OK")): Object: 'Object Repository/tc42/Page_soca-dashboarduser/button_OK' is clicked on

2022-07-20 11:50:16 - [MESSAGE][PASSED] - Object: 'Object Repository/tc42/Page_soca-dashboarduser/button_OK' is clicked on

2022-07-20 11:50:16 - [TEST_STEP][PASSED] - click(findTestObject("Object Repository/tc42/Page_soca-dashboarduser/a_Projects")): Object: 'Object Repository/tc42/Page_soca-dashboarduser/a_Projects' is clicked on

2022-07-20 11:50:18 - [MESSAGE][PASSED] - Object: 'Object Repository/tc42/Page_soca-dashboarduser/a_Projects' is clicked on

2022-07-20 11:50:18 - [TEST_STEP][PASSED] - click(findTestObject("Object Repository/tc42/Page_soca-dashboarduser/button_Dashboard")): Object: 'Object Repository/tc42/Page_soca-dashboarduser/button_Dashboard' is clicked on

2022-07-20 11:50:19 - [MESSAGE][PASSED] - Object: 'Object Repository/tc42/Page_soca-dashboarduser/button_Dashboard' is clicked on

2022-07-20 11:50:19 - [TEST_STEP][PASSED] - click(findTestObject("Object Repository/tc42/Page_soca-ai-proctoring-dashboard/span_Schedule")): Object: 'Object Repository/tc42/Page_soca-ai-proctoring-dashboard/span_Schedule' is clicked on

2022-07-20 11:50:21 - [MESSAGE][PASSED] - Object: 'Object Repository/tc42/Page_soca-ai-proctoring-dashboard/span_Schedule' is clicked on

2022-07-20 11:50:21 - [TEST_STEP][PASSED] - selectOptionByValue(findTestObject("Object Repository/tc42/Page_soca-ai-proctoring-dashboard/select_--Select Event Name--Ujiantesuas"), "62d75991aed847c7e3028120", true): All options with value '62d75991aed847c7e3028120' are selected in object 'Object Repository/tc42/Page_soca-ai-proctoring-dashboard/select_--Select Event Name--Ujiantesuas'  using regular expression

2022-07-20 11:50:23 - [MESSAGE][PASSED] - All options with value '62d75991aed847c7e3028120' are selected in object 'Object Repository/tc42/Page_soca-ai-proctoring-dashboard/select_--Select Event Name--Ujiantesuas'  using regular expression

2022-07-20 11:50:23 - [TEST_STEP][PASSED] - selectOptionByValue(findTestObject("Object Repository/tc42/Page_soca-ai-proctoring-dashboard/select_Expired TimeDuration"), "time", true): All options with value 'time' are selected in object 'Object Repository/tc42/Page_soca-ai-proctoring-dashboard/select_Expired TimeDuration'  using regular expression

2022-07-20 11:50:24 - [MESSAGE][PASSED] - All options with value 'time' are selected in object 'Object Repository/tc42/Page_soca-ai-proctoring-dashboard/select_Expired TimeDuration'  using regular expression

2022-07-20 11:50:24 - [TEST_STEP][PASSED] - setText(findTestObject("Object Repository/tc42/Page_soca-ai-proctoring-dashboard/input_Schedule Name_description"), "Sesi pagi"): Text 'Sesi pagi' is set on object 'Object Repository/tc42/Page_soca-ai-proctoring-dashboard/input_Schedule Name_description'

2022-07-20 11:50:24 - [MESSAGE][PASSED] - Text 'Sesi pagi' is set on object 'Object Repository/tc42/Page_soca-ai-proctoring-dashboard/input_Schedule Name_description'

2022-07-20 11:50:24 - [TEST_STEP][PASSED] - click(findTestObject("Object Repository/tc42/Page_soca-ai-proctoring-dashboard/label_No date selected")): Object: 'Object Repository/tc42/Page_soca-ai-proctoring-dashboard/label_No date selected' is clicked on

2022-07-20 11:50:25 - [MESSAGE][PASSED] - Object: 'Object Repository/tc42/Page_soca-ai-proctoring-dashboard/label_No date selected' is clicked on

2022-07-20 11:50:25 - [TEST_STEP][FAILED] - click(findTestObject("Object Repository/tc42/Page_soca-ai-proctoring-dashboard/span_20")): Unable to click on object 'Object Repository/tc42/Page_soca-ai-proctoring-dashboard/span_20' (Root cause: com.kms.katalon.core.exception.StepFailedException: Unable to click on object 'Object Repository/tc42/Page_soca-ai-proctoring-dashboard/span_20'
	at com.kms.katalon.core.webui.keyword.internal.WebUIKeywordMain.stepFailed(WebUIKeywordMain.groovy:64)
	at com.kms.katalon.core.webui.keyword.internal.WebUIKeywordMain.runKeyword(WebUIKeywordMain.groovy:26)
	at com.kms.katalon.core.webui.keyword.builtin.ClickKeyword.click(ClickKeyword.groovy:74)
	at com.kms.katalon.core.webui.keyword.builtin.ClickKeyword.execute(ClickKeyword.groovy:40)
	at com.kms.katalon.core.keyword.internal.KeywordExecutor.executeKeywordForPlatform(KeywordExecutor.groovy:74)
	at com.kms.katalon.core.webui.keyword.WebUiBuiltInKeywords.click(WebUiBuiltInKeywords.groovy:620)
	at com.kms.katalon.core.webui.keyword.WebUiBuiltInKeywords$click$1.call(Unknown Source)
	at TC_42.run(TC_42:52)
	at com.kms.katalon.core.main.ScriptEngine.run(ScriptEngine.java:194)
	at com.kms.katalon.core.main.ScriptEngine.runScriptAsRawText(ScriptEngine.java:119)
	at com.kms.katalon.core.main.TestCaseExecutor.runScript(TestCaseExecutor.java:445)
	at com.kms.katalon.core.main.TestCaseExecutor.doExecute(TestCaseExecutor.java:436)
	at com.kms.katalon.core.main.TestCaseExecutor.processExecutionPhase(TestCaseExecutor.java:415)
	at com.kms.katalon.core.main.TestCaseExecutor.accessMainPhase(TestCaseExecutor.java:407)
	at com.kms.katalon.core.main.TestCaseExecutor.execute(TestCaseExecutor.java:284)
	at com.kms.katalon.core.common.CommonExecutor.accessTestCaseMainPhase(CommonExecutor.java:65)
	at com.kms.katalon.core.main.TestSuiteExecutor.accessTestSuiteMainPhase(TestSuiteExecutor.java:144)
	at com.kms.katalon.core.main.TestSuiteExecutor.execute(TestSuiteExecutor.java:106)
	at com.kms.katalon.core.main.TestCaseMain.startTestSuite(TestCaseMain.java:185)
	at com.kms.katalon.core.main.TestCaseMain$startTestSuite$0.call(Unknown Source)
	at TempTestSuite1658292400137.run(TempTestSuite1658292400137.groovy:36)
Caused by: com.kms.katalon.core.webui.exception.WebElementNotFoundException: Web element with id: 'Object Repository/tc42/Page_soca-ai-proctoring-dashboard/span_20' located by '//div[@id='__BVID__110__cell-2022-07-20_']/span' not found
	at com.kms.katalon.core.webui.common.WebUiCommonHelper.findWebElement(WebUiCommonHelper.java:1370)
	at com.kms.katalon.core.webui.keyword.internal.WebUIAbstractKeyword.findWebElement(WebUIAbstractKeyword.groovy:27)
	at com.kms.katalon.core.webui.keyword.builtin.ClickKeyword$_click_closure1.doCall(ClickKeyword.groovy:65)
	at com.kms.katalon.core.webui.keyword.builtin.ClickKeyword$_click_closure1.call(ClickKeyword.groovy)
	at com.kms.katalon.core.webui.keyword.internal.WebUIKeywordMain.runKeyword(WebUIKeywordMain.groovy:20)
	at com.kms.katalon.core.webui.keyword.builtin.ClickKeyword.click(ClickKeyword.groovy:74)
	at com.kms.katalon.core.webui.keyword.builtin.ClickKeyword.execute(ClickKeyword.groovy:40)
	at com.kms.katalon.core.keyword.internal.KeywordExecutor.executeKeywordForPlatform(KeywordExecutor.groovy:74)
	at com.kms.katalon.core.webui.keyword.WebUiBuiltInKeywords.click(WebUiBuiltInKeywords.groovy:620)
	at com.kms.katalon.core.webui.keyword.WebUiBuiltInKeywords$click$1.call(Unknown Source)
	at Script1658288172631.run(Script1658288172631.groovy:52)
	... 13 more
)

2022-07-20 11:50:56 - [MESSAGE][INFO] - Unable to find the element located by 'By.xpath: //div[@id='__BVID__110__cell-2022-07-20_']/span'. Please recheck the objects properties to make sure the desired element is located. 

2022-07-20 11:50:56 - [MESSAGE][FAILED] - Unable to click on object 'Object Repository/tc42/Page_soca-ai-proctoring-dashboard/span_20' (Root cause: com.kms.katalon.core.exception.StepFailedException: Unable to click on object 'Object Repository/tc42/Page_soca-ai-proctoring-dashboard/span_20'
	at com.kms.katalon.core.webui.keyword.internal.WebUIKeywordMain.stepFailed(WebUIKeywordMain.groovy:64)
	at com.kms.katalon.core.webui.keyword.internal.WebUIKeywordMain.runKeyword(WebUIKeywordMain.groovy:26)
	at com.kms.katalon.core.webui.keyword.builtin.ClickKeyword.click(ClickKeyword.groovy:74)
	at com.kms.katalon.core.webui.keyword.builtin.ClickKeyword.execute(ClickKeyword.groovy:40)
	at com.kms.katalon.core.keyword.internal.KeywordExecutor.executeKeywordForPlatform(KeywordExecutor.groovy:74)
	at com.kms.katalon.core.webui.keyword.WebUiBuiltInKeywords.click(WebUiBuiltInKeywords.groovy:620)
	at com.kms.katalon.core.webui.keyword.WebUiBuiltInKeywords$click$1.call(Unknown Source)
	at TC_42.run(TC_42:52)
	at com.kms.katalon.core.main.ScriptEngine.run(ScriptEngine.java:194)
	at com.kms.katalon.core.main.ScriptEngine.runScriptAsRawText(ScriptEngine.java:119)
	at com.kms.katalon.core.main.TestCaseExecutor.runScript(TestCaseExecutor.java:445)
	at com.kms.katalon.core.main.TestCaseExecutor.doExecute(TestCaseExecutor.java:436)
	at com.kms.katalon.core.main.TestCaseExecutor.processExecutionPhase(TestCaseExecutor.java:415)
	at com.kms.katalon.core.main.TestCaseExecutor.accessMainPhase(TestCaseExecutor.java:407)
	at com.kms.katalon.core.main.TestCaseExecutor.execute(TestCaseExecutor.java:284)
	at com.kms.katalon.core.common.CommonExecutor.accessTestCaseMainPhase(CommonExecutor.java:65)
	at com.kms.katalon.core.main.TestSuiteExecutor.accessTestSuiteMainPhase(TestSuiteExecutor.java:144)
	at com.kms.katalon.core.main.TestSuiteExecutor.execute(TestSuiteExecutor.java:106)
	at com.kms.katalon.core.main.TestCaseMain.startTestSuite(TestCaseMain.java:185)
	at com.kms.katalon.core.main.TestCaseMain$startTestSuite$0.call(Unknown Source)
	at TempTestSuite1658292400137.run(TempTestSuite1658292400137.groovy:36)
Caused by: com.kms.katalon.core.webui.exception.WebElementNotFoundException: Web element with id: 'Object Repository/tc42/Page_soca-ai-proctoring-dashboard/span_20' located by '//div[@id='__BVID__110__cell-2022-07-20_']/span' not found
	at com.kms.katalon.core.webui.common.WebUiCommonHelper.findWebElement(WebUiCommonHelper.java:1370)
	at com.kms.katalon.core.webui.keyword.internal.WebUIAbstractKeyword.findWebElement(WebUIAbstractKeyword.groovy:27)
	at com.kms.katalon.core.webui.keyword.builtin.ClickKeyword$_click_closure1.doCall(ClickKeyword.groovy:65)
	at com.kms.katalon.core.webui.keyword.builtin.ClickKeyword$_click_closure1.call(ClickKeyword.groovy)
	at com.kms.katalon.core.webui.keyword.internal.WebUIKeywordMain.runKeyword(WebUIKeywordMain.groovy:20)
	at com.kms.katalon.core.webui.keyword.builtin.ClickKeyword.click(ClickKeyword.groovy:74)
	at com.kms.katalon.core.webui.keyword.builtin.ClickKeyword.execute(ClickKeyword.groovy:40)
	at com.kms.katalon.core.keyword.internal.KeywordExecutor.executeKeywordForPlatform(KeywordExecutor.groovy:74)
	at com.kms.katalon.core.webui.keyword.WebUiBuiltInKeywords.click(WebUiBuiltInKeywords.groovy:620)
	at com.kms.katalon.core.webui.keyword.WebUiBuiltInKeywords$click$1.call(Unknown Source)
	at Script1658288172631.run(Script1658288172631.groovy:52)
	... 13 more
)
[[ATTACHMENT|E:\\Telkom University\\SEMESTER 7\\KP\\Magang - Birutekno\\QA\\Soca-AI\\Reports\\20220720_114640\\FR_06\\20220720_114640\\1658292656500.png]]]]></system-out>
         <system-err><![CDATA[2022-07-20 11:50:09 - [TEST_CASE][FAILED] - Test Cases/TC_42: Test Cases/TC_42 FAILED.
Reason:
com.kms.katalon.core.exception.StepFailedException: Unable to click on object 'Object Repository/tc42/Page_soca-ai-proctoring-dashboard/span_20'
	at com.kms.katalon.core.webui.keyword.internal.WebUIKeywordMain.stepFailed(WebUIKeywordMain.groovy:64)
	at com.kms.katalon.core.webui.keyword.internal.WebUIKeywordMain.runKeyword(WebUIKeywordMain.groovy:26)
	at com.kms.katalon.core.webui.keyword.builtin.ClickKeyword.click(ClickKeyword.groovy:74)
	at com.kms.katalon.core.webui.keyword.builtin.ClickKeyword.execute(ClickKeyword.groovy:40)
	at com.kms.katalon.core.keyword.internal.KeywordExecutor.executeKeywordForPlatform(KeywordExecutor.groovy:74)
	at com.kms.katalon.core.webui.keyword.WebUiBuiltInKeywords.click(WebUiBuiltInKeywords.groovy:620)
	at com.kms.katalon.core.webui.keyword.WebUiBuiltInKeywords$click$1.call(Unknown Source)
	at TC_42.run(TC_42:52)
	at com.kms.katalon.core.main.ScriptEngine.run(ScriptEngine.java:194)
	at com.kms.katalon.core.main.ScriptEngine.runScriptAsRawText(ScriptEngine.java:119)
	at com.kms.katalon.core.main.TestCaseExecutor.runScript(TestCaseExecutor.java:445)
	at com.kms.katalon.core.main.TestCaseExecutor.doExecute(TestCaseExecutor.java:436)
	at com.kms.katalon.core.main.TestCaseExecutor.processExecutionPhase(TestCaseExecutor.java:415)
	at com.kms.katalon.core.main.TestCaseExecutor.accessMainPhase(TestCaseExecutor.java:407)
	at com.kms.katalon.core.main.TestCaseExecutor.execute(TestCaseExecutor.java:284)
	at com.kms.katalon.core.common.CommonExecutor.accessTestCaseMainPhase(CommonExecutor.java:65)
	at com.kms.katalon.core.main.TestSuiteExecutor.accessTestSuiteMainPhase(TestSuiteExecutor.java:144)
	at com.kms.katalon.core.main.TestSuiteExecutor.execute(TestSuiteExecutor.java:106)
	at com.kms.katalon.core.main.TestCaseMain.startTestSuite(TestCaseMain.java:185)
	at com.kms.katalon.core.main.TestCaseMain$startTestSuite$0.call(Unknown Source)
	at TempTestSuite1658292400137.run(TempTestSuite1658292400137.groovy:36)
Caused by: com.kms.katalon.core.webui.exception.WebElementNotFoundException: Web element with id: 'Object Repository/tc42/Page_soca-ai-proctoring-dashboard/span_20' located by '//div[@id='__BVID__110__cell-2022-07-20_']/span' not found
	at com.kms.katalon.core.webui.common.WebUiCommonHelper.findWebElement(WebUiCommonHelper.java:1370)
	at com.kms.katalon.core.webui.keyword.internal.WebUIAbstractKeyword.findWebElement(WebUIAbstractKeyword.groovy:27)
	at com.kms.katalon.core.webui.keyword.builtin.ClickKeyword$_click_closure1.doCall(ClickKeyword.groovy:65)
	at com.kms.katalon.core.webui.keyword.builtin.ClickKeyword$_click_closure1.call(ClickKeyword.groovy)
	at com.kms.katalon.core.webui.keyword.internal.WebUIKeywordMain.runKeyword(WebUIKeywordMain.groovy:20)
	... 19 more]]></system-err>
      </testcase>
      <testcase name="Test Cases/TC_43" time="47.515" classname="Test Cases/TC_43" status="FAILED">
         <failure type="FAILED" message="Test Cases/TC_43 FAILED.
Reason:
com.kms.katalon.core.exception.StepFailedException: Unable to click on object 'Object Repository/tc43/Page_soca-ai-proctoring-dashboard/span_20'
	at com.kms.katalon.core.webui.keyword.internal.WebUIKeywordMain.stepFailed(WebUIKeywordMain.groovy:64)
	at com.kms.katalon.core.webui.keyword.internal.WebUIKeywordMain.runKeyword(WebUIKeywordMain.groovy:26)
	at com.kms.katalon.core.webui.keyword.builtin.ClickKeyword.click(ClickKeyword.groovy:74)
	at com.kms.katalon.core.webui.keyword.builtin.ClickKeyword.execute(ClickKeyword.groovy:40)
	at com.kms.katalon.core.keyword.internal.KeywordExecutor.executeKeywordForPlatform(KeywordExecutor.groovy:74)
	at com.kms.katalon.core.webui.keyword.WebUiBuiltInKeywords.click(WebUiBuiltInKeywords.groovy:620)
	at com.kms.katalon.core.webui.keyword.WebUiBuiltInKeywords$click$1.call(Unknown Source)
	at TC_43.run(TC_43:52)
	at com.kms.katalon.core.main.ScriptEngine.run(ScriptEngine.java:194)
	at com.kms.katalon.core.main.ScriptEngine.runScriptAsRawText(ScriptEngine.java:119)
	at com.kms.katalon.core.main.TestCaseExecutor.runScript(TestCaseExecutor.java:445)
	at com.kms.katalon.core.main.TestCaseExecutor.doExecute(TestCaseExecutor.java:436)
	at com.kms.katalon.core.main.TestCaseExecutor.processExecutionPhase(TestCaseExecutor.java:415)
	at com.kms.katalon.core.main.TestCaseExecutor.accessMainPhase(TestCaseExecutor.java:407)
	at com.kms.katalon.core.main.TestCaseExecutor.execute(TestCaseExecutor.java:284)
	at com.kms.katalon.core.common.CommonExecutor.accessTestCaseMainPhase(CommonExecutor.java:65)
	at com.kms.katalon.core.main.TestSuiteExecutor.accessTestSuiteMainPhase(TestSuiteExecutor.java:144)
	at com.kms.katalon.core.main.TestSuiteExecutor.execute(TestSuiteExecutor.java:106)
	at com.kms.katalon.core.main.TestCaseMain.startTestSuite(TestCaseMain.java:185)
	at com.kms.katalon.core.main.TestCaseMain$startTestSuite$0.call(Unknown Source)
	at TempTestSuite1658292400137.run(TempTestSuite1658292400137.groovy:36)
Caused by: com.kms.katalon.core.webui.exception.WebElementNotFoundException: Web element with id: 'Object Repository/tc43/Page_soca-ai-proctoring-dashboard/span_20' located by '//div[@id='__BVID__111__cell-2022-07-20_']/span' not found
	at com.kms.katalon.core.webui.common.WebUiCommonHelper.findWebElement(WebUiCommonHelper.java:1370)
	at com.kms.katalon.core.webui.keyword.internal.WebUIAbstractKeyword.findWebElement(WebUIAbstractKeyword.groovy:27)
	at com.kms.katalon.core.webui.keyword.builtin.ClickKeyword$_click_closure1.doCall(ClickKeyword.groovy:65)
	at com.kms.katalon.core.webui.keyword.builtin.ClickKeyword$_click_closure1.call(ClickKeyword.groovy)
	at com.kms.katalon.core.webui.keyword.internal.WebUIKeywordMain.runKeyword(WebUIKeywordMain.groovy:20)
	... 19 more
"/>
         <system-out><![CDATA[2022-07-20 11:50:56 - [TEST_CASE][FAILED] - Test Cases/TC_43: Test Cases/TC_43 FAILED.
Reason:
com.kms.katalon.core.exception.StepFailedException: Unable to click on object 'Object Repository/tc43/Page_soca-ai-proctoring-dashboard/span_20'
	at com.kms.katalon.core.webui.keyword.internal.WebUIKeywordMain.stepFailed(WebUIKeywordMain.groovy:64)
	at com.kms.katalon.core.webui.keyword.internal.WebUIKeywordMain.runKeyword(WebUIKeywordMain.groovy:26)
	at com.kms.katalon.core.webui.keyword.builtin.ClickKeyword.click(ClickKeyword.groovy:74)
	at com.kms.katalon.core.webui.keyword.builtin.ClickKeyword.execute(ClickKeyword.groovy:40)
	at com.kms.katalon.core.keyword.internal.KeywordExecutor.executeKeywordForPlatform(KeywordExecutor.groovy:74)
	at com.kms.katalon.core.webui.keyword.WebUiBuiltInKeywords.click(WebUiBuiltInKeywords.groovy:620)
	at com.kms.katalon.core.webui.keyword.WebUiBuiltInKeywords$click$1.call(Unknown Source)
	at TC_43.run(TC_43:52)
	at com.kms.katalon.core.main.ScriptEngine.run(ScriptEngine.java:194)
	at com.kms.katalon.core.main.ScriptEngine.runScriptAsRawText(ScriptEngine.java:119)
	at com.kms.katalon.core.main.TestCaseExecutor.runScript(TestCaseExecutor.java:445)
	at com.kms.katalon.core.main.TestCaseExecutor.doExecute(TestCaseExecutor.java:436)
	at com.kms.katalon.core.main.TestCaseExecutor.processExecutionPhase(TestCaseExecutor.java:415)
	at com.kms.katalon.core.main.TestCaseExecutor.accessMainPhase(TestCaseExecutor.java:407)
	at com.kms.katalon.core.main.TestCaseExecutor.execute(TestCaseExecutor.java:284)
	at com.kms.katalon.core.common.CommonExecutor.accessTestCaseMainPhase(CommonExecutor.java:65)
	at com.kms.katalon.core.main.TestSuiteExecutor.accessTestSuiteMainPhase(TestSuiteExecutor.java:144)
	at com.kms.katalon.core.main.TestSuiteExecutor.execute(TestSuiteExecutor.java:106)
	at com.kms.katalon.core.main.TestCaseMain.startTestSuite(TestCaseMain.java:185)
	at com.kms.katalon.core.main.TestCaseMain$startTestSuite$0.call(Unknown Source)
	at TempTestSuite1658292400137.run(TempTestSuite1658292400137.groovy:36)
Caused by: com.kms.katalon.core.webui.exception.WebElementNotFoundException: Web element with id: 'Object Repository/tc43/Page_soca-ai-proctoring-dashboard/span_20' located by '//div[@id='__BVID__111__cell-2022-07-20_']/span' not found
	at com.kms.katalon.core.webui.common.WebUiCommonHelper.findWebElement(WebUiCommonHelper.java:1370)
	at com.kms.katalon.core.webui.keyword.internal.WebUIAbstractKeyword.findWebElement(WebUIAbstractKeyword.groovy:27)
	at com.kms.katalon.core.webui.keyword.builtin.ClickKeyword$_click_closure1.doCall(ClickKeyword.groovy:65)
	at com.kms.katalon.core.webui.keyword.builtin.ClickKeyword$_click_closure1.call(ClickKeyword.groovy)
	at com.kms.katalon.core.webui.keyword.internal.WebUIKeywordMain.runKeyword(WebUIKeywordMain.groovy:20)
	... 19 more


2022-07-20 11:50:56 - [TEST_STEP][PASSED] - openBrowser(""): Browser is opened with url: ''

2022-07-20 11:50:56 - [MESSAGE][WARNING] - A browser is already opened. Closing browser and opening a new one

2022-07-20 11:50:57 - [MESSAGE][INFO] - Starting 'Chrome' driver

2022-07-20 11:50:57 - [MESSAGE][INFO] - Action delay is set to 0 milliseconds

2022-07-20 11:50:58 - [MESSAGE][PASSED] - Browser is opened with url: ''

2022-07-20 11:50:58 - [TEST_STEP][PASSED] - navigateToUrl("https://soca.ai/home"): Navigate to 'https://soca.ai/home' successfully

2022-07-20 11:50:59 - [MESSAGE][PASSED] - Navigate to 'https://soca.ai/home' successfully

2022-07-20 11:50:59 - [TEST_STEP][PASSED] - click(findTestObject("Object Repository/tc43/Page_soca.ai/a_Sign In")): Object: 'Object Repository/tc43/Page_soca.ai/a_Sign In' is clicked on

2022-07-20 11:51:01 - [MESSAGE][PASSED] - Object: 'Object Repository/tc43/Page_soca.ai/a_Sign In' is clicked on

2022-07-20 11:51:01 - [TEST_STEP][PASSED] - setText(findTestObject("Object Repository/tc43/Page_soca-dashboarduser/input_Email_form-control"), "kp3skp.dev@gmail.com"): Text 'kp3skp.dev@gmail.com' is set on object 'Object Repository/tc43/Page_soca-dashboarduser/input_Email_form-control'

2022-07-20 11:51:02 - [MESSAGE][PASSED] - Text 'kp3skp.dev@gmail.com' is set on object 'Object Repository/tc43/Page_soca-dashboarduser/input_Email_form-control'

2022-07-20 11:51:02 - [TEST_STEP][PASSED] - setEncryptedText(findTestObject("Object Repository/tc43/Page_soca-dashboarduser/input_Password_form-control mb-2"), "RigbBhfdqODKcAsiUrg+1Q=="): Text ****** has been set on object 'Object Repository/tc43/Page_soca-dashboarduser/input_Password_form-control mb-2'

2022-07-20 11:51:02 - [MESSAGE][PASSED] - Text ****** has been set on object 'Object Repository/tc43/Page_soca-dashboarduser/input_Password_form-control mb-2'

2022-07-20 11:51:02 - [TEST_STEP][PASSED] - click(findTestObject("Object Repository/tc43/Page_soca-dashboarduser/button_Sign In")): Object: 'Object Repository/tc43/Page_soca-dashboarduser/button_Sign In' is clicked on

2022-07-20 11:51:03 - [MESSAGE][PASSED] - Object: 'Object Repository/tc43/Page_soca-dashboarduser/button_Sign In' is clicked on

2022-07-20 11:51:03 - [TEST_STEP][PASSED] - click(findTestObject("Object Repository/tc43/Page_soca-dashboarduser/button_OK")): Object: 'Object Repository/tc43/Page_soca-dashboarduser/button_OK' is clicked on

2022-07-20 11:51:03 - [MESSAGE][PASSED] - Object: 'Object Repository/tc43/Page_soca-dashboarduser/button_OK' is clicked on

2022-07-20 11:51:03 - [TEST_STEP][PASSED] - click(findTestObject("Object Repository/tc43/Page_soca-dashboarduser/a_Projects")): Object: 'Object Repository/tc43/Page_soca-dashboarduser/a_Projects' is clicked on

2022-07-20 11:51:06 - [MESSAGE][PASSED] - Object: 'Object Repository/tc43/Page_soca-dashboarduser/a_Projects' is clicked on

2022-07-20 11:51:06 - [TEST_STEP][PASSED] - click(findTestObject("Object Repository/tc43/Page_soca-dashboarduser/button_Dashboard")): Object: 'Object Repository/tc43/Page_soca-dashboarduser/button_Dashboard' is clicked on

2022-07-20 11:51:07 - [MESSAGE][PASSED] - Object: 'Object Repository/tc43/Page_soca-dashboarduser/button_Dashboard' is clicked on

2022-07-20 11:51:07 - [TEST_STEP][PASSED] - click(findTestObject("Object Repository/tc43/Page_soca-ai-proctoring-dashboard/span_Schedule")): Object: 'Object Repository/tc43/Page_soca-ai-proctoring-dashboard/span_Schedule' is clicked on

2022-07-20 11:51:09 - [MESSAGE][PASSED] - Object: 'Object Repository/tc43/Page_soca-ai-proctoring-dashboard/span_Schedule' is clicked on

2022-07-20 11:51:09 - [TEST_STEP][PASSED] - selectOptionByValue(findTestObject("Object Repository/tc43/Page_soca-ai-proctoring-dashboard/select_--Select Event Name--Ujiantesuas"), "62d75991aed847c7e3028120", true): All options with value '62d75991aed847c7e3028120' are selected in object 'Object Repository/tc43/Page_soca-ai-proctoring-dashboard/select_--Select Event Name--Ujiantesuas'  using regular expression

2022-07-20 11:51:10 - [MESSAGE][PASSED] - All options with value '62d75991aed847c7e3028120' are selected in object 'Object Repository/tc43/Page_soca-ai-proctoring-dashboard/select_--Select Event Name--Ujiantesuas'  using regular expression

2022-07-20 11:51:10 - [TEST_STEP][PASSED] - selectOptionByValue(findTestObject("Object Repository/tc43/Page_soca-ai-proctoring-dashboard/select_Expired TimeDuration"), "time", true): All options with value 'time' are selected in object 'Object Repository/tc43/Page_soca-ai-proctoring-dashboard/select_Expired TimeDuration'  using regular expression

2022-07-20 11:51:11 - [MESSAGE][PASSED] - All options with value 'time' are selected in object 'Object Repository/tc43/Page_soca-ai-proctoring-dashboard/select_Expired TimeDuration'  using regular expression

2022-07-20 11:51:11 - [TEST_STEP][PASSED] - setText(findTestObject("Object Repository/tc43/Page_soca-ai-proctoring-dashboard/input_Schedule Name_description"), "Sesi pagi"): Text 'Sesi pagi' is set on object 'Object Repository/tc43/Page_soca-ai-proctoring-dashboard/input_Schedule Name_description'

2022-07-20 11:51:12 - [MESSAGE][PASSED] - Text 'Sesi pagi' is set on object 'Object Repository/tc43/Page_soca-ai-proctoring-dashboard/input_Schedule Name_description'

2022-07-20 11:51:12 - [TEST_STEP][PASSED] - click(findTestObject("Object Repository/tc43/Page_soca-ai-proctoring-dashboard/label_No date selected")): Object: 'Object Repository/tc43/Page_soca-ai-proctoring-dashboard/label_No date selected' is clicked on

2022-07-20 11:51:12 - [MESSAGE][PASSED] - Object: 'Object Repository/tc43/Page_soca-ai-proctoring-dashboard/label_No date selected' is clicked on

2022-07-20 11:51:12 - [TEST_STEP][FAILED] - click(findTestObject("Object Repository/tc43/Page_soca-ai-proctoring-dashboard/span_20")): Unable to click on object 'Object Repository/tc43/Page_soca-ai-proctoring-dashboard/span_20' (Root cause: com.kms.katalon.core.exception.StepFailedException: Unable to click on object 'Object Repository/tc43/Page_soca-ai-proctoring-dashboard/span_20'
	at com.kms.katalon.core.webui.keyword.internal.WebUIKeywordMain.stepFailed(WebUIKeywordMain.groovy:64)
	at com.kms.katalon.core.webui.keyword.internal.WebUIKeywordMain.runKeyword(WebUIKeywordMain.groovy:26)
	at com.kms.katalon.core.webui.keyword.builtin.ClickKeyword.click(ClickKeyword.groovy:74)
	at com.kms.katalon.core.webui.keyword.builtin.ClickKeyword.execute(ClickKeyword.groovy:40)
	at com.kms.katalon.core.keyword.internal.KeywordExecutor.executeKeywordForPlatform(KeywordExecutor.groovy:74)
	at com.kms.katalon.core.webui.keyword.WebUiBuiltInKeywords.click(WebUiBuiltInKeywords.groovy:620)
	at com.kms.katalon.core.webui.keyword.WebUiBuiltInKeywords$click$1.call(Unknown Source)
	at TC_43.run(TC_43:52)
	at com.kms.katalon.core.main.ScriptEngine.run(ScriptEngine.java:194)
	at com.kms.katalon.core.main.ScriptEngine.runScriptAsRawText(ScriptEngine.java:119)
	at com.kms.katalon.core.main.TestCaseExecutor.runScript(TestCaseExecutor.java:445)
	at com.kms.katalon.core.main.TestCaseExecutor.doExecute(TestCaseExecutor.java:436)
	at com.kms.katalon.core.main.TestCaseExecutor.processExecutionPhase(TestCaseExecutor.java:415)
	at com.kms.katalon.core.main.TestCaseExecutor.accessMainPhase(TestCaseExecutor.java:407)
	at com.kms.katalon.core.main.TestCaseExecutor.execute(TestCaseExecutor.java:284)
	at com.kms.katalon.core.common.CommonExecutor.accessTestCaseMainPhase(CommonExecutor.java:65)
	at com.kms.katalon.core.main.TestSuiteExecutor.accessTestSuiteMainPhase(TestSuiteExecutor.java:144)
	at com.kms.katalon.core.main.TestSuiteExecutor.execute(TestSuiteExecutor.java:106)
	at com.kms.katalon.core.main.TestCaseMain.startTestSuite(TestCaseMain.java:185)
	at com.kms.katalon.core.main.TestCaseMain$startTestSuite$0.call(Unknown Source)
	at TempTestSuite1658292400137.run(TempTestSuite1658292400137.groovy:36)
Caused by: com.kms.katalon.core.webui.exception.WebElementNotFoundException: Web element with id: 'Object Repository/tc43/Page_soca-ai-proctoring-dashboard/span_20' located by '//div[@id='__BVID__111__cell-2022-07-20_']/span' not found
	at com.kms.katalon.core.webui.common.WebUiCommonHelper.findWebElement(WebUiCommonHelper.java:1370)
	at com.kms.katalon.core.webui.keyword.internal.WebUIAbstractKeyword.findWebElement(WebUIAbstractKeyword.groovy:27)
	at com.kms.katalon.core.webui.keyword.builtin.ClickKeyword$_click_closure1.doCall(ClickKeyword.groovy:65)
	at com.kms.katalon.core.webui.keyword.builtin.ClickKeyword$_click_closure1.call(ClickKeyword.groovy)
	at com.kms.katalon.core.webui.keyword.internal.WebUIKeywordMain.runKeyword(WebUIKeywordMain.groovy:20)
	at com.kms.katalon.core.webui.keyword.builtin.ClickKeyword.click(ClickKeyword.groovy:74)
	at com.kms.katalon.core.webui.keyword.builtin.ClickKeyword.execute(ClickKeyword.groovy:40)
	at com.kms.katalon.core.keyword.internal.KeywordExecutor.executeKeywordForPlatform(KeywordExecutor.groovy:74)
	at com.kms.katalon.core.webui.keyword.WebUiBuiltInKeywords.click(WebUiBuiltInKeywords.groovy:620)
	at com.kms.katalon.core.webui.keyword.WebUiBuiltInKeywords$click$1.call(Unknown Source)
	at Script1658288327397.run(Script1658288327397.groovy:52)
	... 13 more
)

2022-07-20 11:51:44 - [MESSAGE][INFO] - Unable to find the element located by 'By.xpath: //div[@id='__BVID__111__cell-2022-07-20_']/span'. Please recheck the objects properties to make sure the desired element is located. 

2022-07-20 11:51:44 - [MESSAGE][FAILED] - Unable to click on object 'Object Repository/tc43/Page_soca-ai-proctoring-dashboard/span_20' (Root cause: com.kms.katalon.core.exception.StepFailedException: Unable to click on object 'Object Repository/tc43/Page_soca-ai-proctoring-dashboard/span_20'
	at com.kms.katalon.core.webui.keyword.internal.WebUIKeywordMain.stepFailed(WebUIKeywordMain.groovy:64)
	at com.kms.katalon.core.webui.keyword.internal.WebUIKeywordMain.runKeyword(WebUIKeywordMain.groovy:26)
	at com.kms.katalon.core.webui.keyword.builtin.ClickKeyword.click(ClickKeyword.groovy:74)
	at com.kms.katalon.core.webui.keyword.builtin.ClickKeyword.execute(ClickKeyword.groovy:40)
	at com.kms.katalon.core.keyword.internal.KeywordExecutor.executeKeywordForPlatform(KeywordExecutor.groovy:74)
	at com.kms.katalon.core.webui.keyword.WebUiBuiltInKeywords.click(WebUiBuiltInKeywords.groovy:620)
	at com.kms.katalon.core.webui.keyword.WebUiBuiltInKeywords$click$1.call(Unknown Source)
	at TC_43.run(TC_43:52)
	at com.kms.katalon.core.main.ScriptEngine.run(ScriptEngine.java:194)
	at com.kms.katalon.core.main.ScriptEngine.runScriptAsRawText(ScriptEngine.java:119)
	at com.kms.katalon.core.main.TestCaseExecutor.runScript(TestCaseExecutor.java:445)
	at com.kms.katalon.core.main.TestCaseExecutor.doExecute(TestCaseExecutor.java:436)
	at com.kms.katalon.core.main.TestCaseExecutor.processExecutionPhase(TestCaseExecutor.java:415)
	at com.kms.katalon.core.main.TestCaseExecutor.accessMainPhase(TestCaseExecutor.java:407)
	at com.kms.katalon.core.main.TestCaseExecutor.execute(TestCaseExecutor.java:284)
	at com.kms.katalon.core.common.CommonExecutor.accessTestCaseMainPhase(CommonExecutor.java:65)
	at com.kms.katalon.core.main.TestSuiteExecutor.accessTestSuiteMainPhase(TestSuiteExecutor.java:144)
	at com.kms.katalon.core.main.TestSuiteExecutor.execute(TestSuiteExecutor.java:106)
	at com.kms.katalon.core.main.TestCaseMain.startTestSuite(TestCaseMain.java:185)
	at com.kms.katalon.core.main.TestCaseMain$startTestSuite$0.call(Unknown Source)
	at TempTestSuite1658292400137.run(TempTestSuite1658292400137.groovy:36)
Caused by: com.kms.katalon.core.webui.exception.WebElementNotFoundException: Web element with id: 'Object Repository/tc43/Page_soca-ai-proctoring-dashboard/span_20' located by '//div[@id='__BVID__111__cell-2022-07-20_']/span' not found
	at com.kms.katalon.core.webui.common.WebUiCommonHelper.findWebElement(WebUiCommonHelper.java:1370)
	at com.kms.katalon.core.webui.keyword.internal.WebUIAbstractKeyword.findWebElement(WebUIAbstractKeyword.groovy:27)
	at com.kms.katalon.core.webui.keyword.builtin.ClickKeyword$_click_closure1.doCall(ClickKeyword.groovy:65)
	at com.kms.katalon.core.webui.keyword.builtin.ClickKeyword$_click_closure1.call(ClickKeyword.groovy)
	at com.kms.katalon.core.webui.keyword.internal.WebUIKeywordMain.runKeyword(WebUIKeywordMain.groovy:20)
	at com.kms.katalon.core.webui.keyword.builtin.ClickKeyword.click(ClickKeyword.groovy:74)
	at com.kms.katalon.core.webui.keyword.builtin.ClickKeyword.execute(ClickKeyword.groovy:40)
	at com.kms.katalon.core.keyword.internal.KeywordExecutor.executeKeywordForPlatform(KeywordExecutor.groovy:74)
	at com.kms.katalon.core.webui.keyword.WebUiBuiltInKeywords.click(WebUiBuiltInKeywords.groovy:620)
	at com.kms.katalon.core.webui.keyword.WebUiBuiltInKeywords$click$1.call(Unknown Source)
	at Script1658288327397.run(Script1658288327397.groovy:52)
	... 13 more
)
[[ATTACHMENT|E:\\Telkom University\\SEMESTER 7\\KP\\Magang - Birutekno\\QA\\Soca-AI\\Reports\\20220720_114640\\FR_06\\20220720_114640\\1658292704016.png]]]]></system-out>
         <system-err><![CDATA[2022-07-20 11:50:56 - [TEST_CASE][FAILED] - Test Cases/TC_43: Test Cases/TC_43 FAILED.
Reason:
com.kms.katalon.core.exception.StepFailedException: Unable to click on object 'Object Repository/tc43/Page_soca-ai-proctoring-dashboard/span_20'
	at com.kms.katalon.core.webui.keyword.internal.WebUIKeywordMain.stepFailed(WebUIKeywordMain.groovy:64)
	at com.kms.katalon.core.webui.keyword.internal.WebUIKeywordMain.runKeyword(WebUIKeywordMain.groovy:26)
	at com.kms.katalon.core.webui.keyword.builtin.ClickKeyword.click(ClickKeyword.groovy:74)
	at com.kms.katalon.core.webui.keyword.builtin.ClickKeyword.execute(ClickKeyword.groovy:40)
	at com.kms.katalon.core.keyword.internal.KeywordExecutor.executeKeywordForPlatform(KeywordExecutor.groovy:74)
	at com.kms.katalon.core.webui.keyword.WebUiBuiltInKeywords.click(WebUiBuiltInKeywords.groovy:620)
	at com.kms.katalon.core.webui.keyword.WebUiBuiltInKeywords$click$1.call(Unknown Source)
	at TC_43.run(TC_43:52)
	at com.kms.katalon.core.main.ScriptEngine.run(ScriptEngine.java:194)
	at com.kms.katalon.core.main.ScriptEngine.runScriptAsRawText(ScriptEngine.java:119)
	at com.kms.katalon.core.main.TestCaseExecutor.runScript(TestCaseExecutor.java:445)
	at com.kms.katalon.core.main.TestCaseExecutor.doExecute(TestCaseExecutor.java:436)
	at com.kms.katalon.core.main.TestCaseExecutor.processExecutionPhase(TestCaseExecutor.java:415)
	at com.kms.katalon.core.main.TestCaseExecutor.accessMainPhase(TestCaseExecutor.java:407)
	at com.kms.katalon.core.main.TestCaseExecutor.execute(TestCaseExecutor.java:284)
	at com.kms.katalon.core.common.CommonExecutor.accessTestCaseMainPhase(CommonExecutor.java:65)
	at com.kms.katalon.core.main.TestSuiteExecutor.accessTestSuiteMainPhase(TestSuiteExecutor.java:144)
	at com.kms.katalon.core.main.TestSuiteExecutor.execute(TestSuiteExecutor.java:106)
	at com.kms.katalon.core.main.TestCaseMain.startTestSuite(TestCaseMain.java:185)
	at com.kms.katalon.core.main.TestCaseMain$startTestSuite$0.call(Unknown Source)
	at TempTestSuite1658292400137.run(TempTestSuite1658292400137.groovy:36)
Caused by: com.kms.katalon.core.webui.exception.WebElementNotFoundException: Web element with id: 'Object Repository/tc43/Page_soca-ai-proctoring-dashboard/span_20' located by '//div[@id='__BVID__111__cell-2022-07-20_']/span' not found
	at com.kms.katalon.core.webui.common.WebUiCommonHelper.findWebElement(WebUiCommonHelper.java:1370)
	at com.kms.katalon.core.webui.keyword.internal.WebUIAbstractKeyword.findWebElement(WebUIAbstractKeyword.groovy:27)
	at com.kms.katalon.core.webui.keyword.builtin.ClickKeyword$_click_closure1.doCall(ClickKeyword.groovy:65)
	at com.kms.katalon.core.webui.keyword.builtin.ClickKeyword$_click_closure1.call(ClickKeyword.groovy)
	at com.kms.katalon.core.webui.keyword.internal.WebUIKeywordMain.runKeyword(WebUIKeywordMain.groovy:20)
	... 19 more]]></system-err>
      </testcase>
      <testcase name="Test Cases/TC_44" time="47.082" classname="Test Cases/TC_44" status="FAILED">
         <failure type="FAILED" message="Test Cases/TC_44 FAILED.
Reason:
com.kms.katalon.core.exception.StepFailedException: Unable to click on object 'Object Repository/tc44/Page_soca-ai-proctoring-dashboard/span_20'
	at com.kms.katalon.core.webui.keyword.internal.WebUIKeywordMain.stepFailed(WebUIKeywordMain.groovy:64)
	at com.kms.katalon.core.webui.keyword.internal.WebUIKeywordMain.runKeyword(WebUIKeywordMain.groovy:26)
	at com.kms.katalon.core.webui.keyword.builtin.ClickKeyword.click(ClickKeyword.groovy:74)
	at com.kms.katalon.core.webui.keyword.builtin.ClickKeyword.execute(ClickKeyword.groovy:40)
	at com.kms.katalon.core.keyword.internal.KeywordExecutor.executeKeywordForPlatform(KeywordExecutor.groovy:74)
	at com.kms.katalon.core.webui.keyword.WebUiBuiltInKeywords.click(WebUiBuiltInKeywords.groovy:620)
	at com.kms.katalon.core.webui.keyword.WebUiBuiltInKeywords$click$1.call(Unknown Source)
	at TC_44.run(TC_44:52)
	at com.kms.katalon.core.main.ScriptEngine.run(ScriptEngine.java:194)
	at com.kms.katalon.core.main.ScriptEngine.runScriptAsRawText(ScriptEngine.java:119)
	at com.kms.katalon.core.main.TestCaseExecutor.runScript(TestCaseExecutor.java:445)
	at com.kms.katalon.core.main.TestCaseExecutor.doExecute(TestCaseExecutor.java:436)
	at com.kms.katalon.core.main.TestCaseExecutor.processExecutionPhase(TestCaseExecutor.java:415)
	at com.kms.katalon.core.main.TestCaseExecutor.accessMainPhase(TestCaseExecutor.java:407)
	at com.kms.katalon.core.main.TestCaseExecutor.execute(TestCaseExecutor.java:284)
	at com.kms.katalon.core.common.CommonExecutor.accessTestCaseMainPhase(CommonExecutor.java:65)
	at com.kms.katalon.core.main.TestSuiteExecutor.accessTestSuiteMainPhase(TestSuiteExecutor.java:144)
	at com.kms.katalon.core.main.TestSuiteExecutor.execute(TestSuiteExecutor.java:106)
	at com.kms.katalon.core.main.TestCaseMain.startTestSuite(TestCaseMain.java:185)
	at com.kms.katalon.core.main.TestCaseMain$startTestSuite$0.call(Unknown Source)
	at TempTestSuite1658292400137.run(TempTestSuite1658292400137.groovy:36)
Caused by: com.kms.katalon.core.webui.exception.WebElementNotFoundException: Web element with id: 'Object Repository/tc44/Page_soca-ai-proctoring-dashboard/span_20' located by '//div[@id='__BVID__112__cell-2022-07-20_']/span' not found
	at com.kms.katalon.core.webui.common.WebUiCommonHelper.findWebElement(WebUiCommonHelper.java:1370)
	at com.kms.katalon.core.webui.keyword.internal.WebUIAbstractKeyword.findWebElement(WebUIAbstractKeyword.groovy:27)
	at com.kms.katalon.core.webui.keyword.builtin.ClickKeyword$_click_closure1.doCall(ClickKeyword.groovy:65)
	at com.kms.katalon.core.webui.keyword.builtin.ClickKeyword$_click_closure1.call(ClickKeyword.groovy)
	at com.kms.katalon.core.webui.keyword.internal.WebUIKeywordMain.runKeyword(WebUIKeywordMain.groovy:20)
	... 19 more
"/>
         <system-out><![CDATA[2022-07-20 11:51:44 - [TEST_CASE][FAILED] - Test Cases/TC_44: Test Cases/TC_44 FAILED.
Reason:
com.kms.katalon.core.exception.StepFailedException: Unable to click on object 'Object Repository/tc44/Page_soca-ai-proctoring-dashboard/span_20'
	at com.kms.katalon.core.webui.keyword.internal.WebUIKeywordMain.stepFailed(WebUIKeywordMain.groovy:64)
	at com.kms.katalon.core.webui.keyword.internal.WebUIKeywordMain.runKeyword(WebUIKeywordMain.groovy:26)
	at com.kms.katalon.core.webui.keyword.builtin.ClickKeyword.click(ClickKeyword.groovy:74)
	at com.kms.katalon.core.webui.keyword.builtin.ClickKeyword.execute(ClickKeyword.groovy:40)
	at com.kms.katalon.core.keyword.internal.KeywordExecutor.executeKeywordForPlatform(KeywordExecutor.groovy:74)
	at com.kms.katalon.core.webui.keyword.WebUiBuiltInKeywords.click(WebUiBuiltInKeywords.groovy:620)
	at com.kms.katalon.core.webui.keyword.WebUiBuiltInKeywords$click$1.call(Unknown Source)
	at TC_44.run(TC_44:52)
	at com.kms.katalon.core.main.ScriptEngine.run(ScriptEngine.java:194)
	at com.kms.katalon.core.main.ScriptEngine.runScriptAsRawText(ScriptEngine.java:119)
	at com.kms.katalon.core.main.TestCaseExecutor.runScript(TestCaseExecutor.java:445)
	at com.kms.katalon.core.main.TestCaseExecutor.doExecute(TestCaseExecutor.java:436)
	at com.kms.katalon.core.main.TestCaseExecutor.processExecutionPhase(TestCaseExecutor.java:415)
	at com.kms.katalon.core.main.TestCaseExecutor.accessMainPhase(TestCaseExecutor.java:407)
	at com.kms.katalon.core.main.TestCaseExecutor.execute(TestCaseExecutor.java:284)
	at com.kms.katalon.core.common.CommonExecutor.accessTestCaseMainPhase(CommonExecutor.java:65)
	at com.kms.katalon.core.main.TestSuiteExecutor.accessTestSuiteMainPhase(TestSuiteExecutor.java:144)
	at com.kms.katalon.core.main.TestSuiteExecutor.execute(TestSuiteExecutor.java:106)
	at com.kms.katalon.core.main.TestCaseMain.startTestSuite(TestCaseMain.java:185)
	at com.kms.katalon.core.main.TestCaseMain$startTestSuite$0.call(Unknown Source)
	at TempTestSuite1658292400137.run(TempTestSuite1658292400137.groovy:36)
Caused by: com.kms.katalon.core.webui.exception.WebElementNotFoundException: Web element with id: 'Object Repository/tc44/Page_soca-ai-proctoring-dashboard/span_20' located by '//div[@id='__BVID__112__cell-2022-07-20_']/span' not found
	at com.kms.katalon.core.webui.common.WebUiCommonHelper.findWebElement(WebUiCommonHelper.java:1370)
	at com.kms.katalon.core.webui.keyword.internal.WebUIAbstractKeyword.findWebElement(WebUIAbstractKeyword.groovy:27)
	at com.kms.katalon.core.webui.keyword.builtin.ClickKeyword$_click_closure1.doCall(ClickKeyword.groovy:65)
	at com.kms.katalon.core.webui.keyword.builtin.ClickKeyword$_click_closure1.call(ClickKeyword.groovy)
	at com.kms.katalon.core.webui.keyword.internal.WebUIKeywordMain.runKeyword(WebUIKeywordMain.groovy:20)
	... 19 more


2022-07-20 11:51:44 - [TEST_STEP][PASSED] - openBrowser(""): Browser is opened with url: ''

2022-07-20 11:51:44 - [MESSAGE][WARNING] - A browser is already opened. Closing browser and opening a new one

2022-07-20 11:51:45 - [MESSAGE][INFO] - Starting 'Chrome' driver

2022-07-20 11:51:45 - [MESSAGE][INFO] - Action delay is set to 0 milliseconds

2022-07-20 11:51:46 - [MESSAGE][PASSED] - Browser is opened with url: ''

2022-07-20 11:51:46 - [TEST_STEP][PASSED] - navigateToUrl("https://soca.ai/home"): Navigate to 'https://soca.ai/home' successfully

2022-07-20 11:51:47 - [MESSAGE][PASSED] - Navigate to 'https://soca.ai/home' successfully

2022-07-20 11:51:47 - [TEST_STEP][PASSED] - click(findTestObject("Object Repository/tc44/Page_soca.ai/a_Sign In")): Object: 'Object Repository/tc44/Page_soca.ai/a_Sign In' is clicked on

2022-07-20 11:51:48 - [MESSAGE][PASSED] - Object: 'Object Repository/tc44/Page_soca.ai/a_Sign In' is clicked on

2022-07-20 11:51:48 - [TEST_STEP][PASSED] - setText(findTestObject("Object Repository/tc44/Page_soca-dashboarduser/input_Email_form-control"), "kp3skp.dev@gmail.com"): Text 'kp3skp.dev@gmail.com' is set on object 'Object Repository/tc44/Page_soca-dashboarduser/input_Email_form-control'

2022-07-20 11:51:49 - [MESSAGE][PASSED] - Text 'kp3skp.dev@gmail.com' is set on object 'Object Repository/tc44/Page_soca-dashboarduser/input_Email_form-control'

2022-07-20 11:51:49 - [TEST_STEP][PASSED] - setEncryptedText(findTestObject("Object Repository/tc44/Page_soca-dashboarduser/input_Password_form-control mb-2"), "RigbBhfdqODKcAsiUrg+1Q=="): Text ****** has been set on object 'Object Repository/tc44/Page_soca-dashboarduser/input_Password_form-control mb-2'

2022-07-20 11:51:49 - [MESSAGE][PASSED] - Text ****** has been set on object 'Object Repository/tc44/Page_soca-dashboarduser/input_Password_form-control mb-2'

2022-07-20 11:51:49 - [TEST_STEP][PASSED] - click(findTestObject("Object Repository/tc44/Page_soca-dashboarduser/button_Sign In")): Object: 'Object Repository/tc44/Page_soca-dashboarduser/button_Sign In' is clicked on

2022-07-20 11:51:50 - [MESSAGE][PASSED] - Object: 'Object Repository/tc44/Page_soca-dashboarduser/button_Sign In' is clicked on

2022-07-20 11:51:50 - [TEST_STEP][PASSED] - click(findTestObject("Object Repository/tc44/Page_soca-dashboarduser/button_OK")): Object: 'Object Repository/tc44/Page_soca-dashboarduser/button_OK' is clicked on

2022-07-20 11:51:51 - [MESSAGE][PASSED] - Object: 'Object Repository/tc44/Page_soca-dashboarduser/button_OK' is clicked on

2022-07-20 11:51:51 - [TEST_STEP][PASSED] - click(findTestObject("Object Repository/tc44/Page_soca-dashboarduser/a_Projects")): Object: 'Object Repository/tc44/Page_soca-dashboarduser/a_Projects' is clicked on

2022-07-20 11:51:53 - [MESSAGE][PASSED] - Object: 'Object Repository/tc44/Page_soca-dashboarduser/a_Projects' is clicked on

2022-07-20 11:51:53 - [TEST_STEP][PASSED] - click(findTestObject("Object Repository/tc44/Page_soca-dashboarduser/button_Dashboard")): Object: 'Object Repository/tc44/Page_soca-dashboarduser/button_Dashboard' is clicked on

2022-07-20 11:51:54 - [MESSAGE][PASSED] - Object: 'Object Repository/tc44/Page_soca-dashboarduser/button_Dashboard' is clicked on

2022-07-20 11:51:54 - [TEST_STEP][PASSED] - click(findTestObject("Object Repository/tc44/Page_soca-ai-proctoring-dashboard/span_Schedule")): Object: 'Object Repository/tc44/Page_soca-ai-proctoring-dashboard/span_Schedule' is clicked on

2022-07-20 11:51:56 - [MESSAGE][PASSED] - Object: 'Object Repository/tc44/Page_soca-ai-proctoring-dashboard/span_Schedule' is clicked on

2022-07-20 11:51:56 - [TEST_STEP][PASSED] - selectOptionByValue(findTestObject("Object Repository/tc44/Page_soca-ai-proctoring-dashboard/select_--Select Event Name--Ujiantesuas"), "62d75991aed847c7e3028120", true): All options with value '62d75991aed847c7e3028120' are selected in object 'Object Repository/tc44/Page_soca-ai-proctoring-dashboard/select_--Select Event Name--Ujiantesuas'  using regular expression

2022-07-20 11:51:57 - [MESSAGE][PASSED] - All options with value '62d75991aed847c7e3028120' are selected in object 'Object Repository/tc44/Page_soca-ai-proctoring-dashboard/select_--Select Event Name--Ujiantesuas'  using regular expression

2022-07-20 11:51:57 - [TEST_STEP][PASSED] - selectOptionByValue(findTestObject("Object Repository/tc44/Page_soca-ai-proctoring-dashboard/select_Expired TimeDuration"), "time", true): All options with value 'time' are selected in object 'Object Repository/tc44/Page_soca-ai-proctoring-dashboard/select_Expired TimeDuration'  using regular expression

2022-07-20 11:51:58 - [MESSAGE][PASSED] - All options with value 'time' are selected in object 'Object Repository/tc44/Page_soca-ai-proctoring-dashboard/select_Expired TimeDuration'  using regular expression

2022-07-20 11:51:58 - [TEST_STEP][PASSED] - setText(findTestObject("Object Repository/tc44/Page_soca-ai-proctoring-dashboard/input_Schedule Name_description"), "Sesi pagi"): Text 'Sesi pagi' is set on object 'Object Repository/tc44/Page_soca-ai-proctoring-dashboard/input_Schedule Name_description'

2022-07-20 11:51:59 - [MESSAGE][PASSED] - Text 'Sesi pagi' is set on object 'Object Repository/tc44/Page_soca-ai-proctoring-dashboard/input_Schedule Name_description'

2022-07-20 11:51:59 - [TEST_STEP][PASSED] - click(findTestObject("Object Repository/tc44/Page_soca-ai-proctoring-dashboard/label_No date selected")): Object: 'Object Repository/tc44/Page_soca-ai-proctoring-dashboard/label_No date selected' is clicked on

2022-07-20 11:51:59 - [MESSAGE][PASSED] - Object: 'Object Repository/tc44/Page_soca-ai-proctoring-dashboard/label_No date selected' is clicked on

2022-07-20 11:51:59 - [TEST_STEP][FAILED] - click(findTestObject("Object Repository/tc44/Page_soca-ai-proctoring-dashboard/span_20")): Unable to click on object 'Object Repository/tc44/Page_soca-ai-proctoring-dashboard/span_20' (Root cause: com.kms.katalon.core.exception.StepFailedException: Unable to click on object 'Object Repository/tc44/Page_soca-ai-proctoring-dashboard/span_20'
	at com.kms.katalon.core.webui.keyword.internal.WebUIKeywordMain.stepFailed(WebUIKeywordMain.groovy:64)
	at com.kms.katalon.core.webui.keyword.internal.WebUIKeywordMain.runKeyword(WebUIKeywordMain.groovy:26)
	at com.kms.katalon.core.webui.keyword.builtin.ClickKeyword.click(ClickKeyword.groovy:74)
	at com.kms.katalon.core.webui.keyword.builtin.ClickKeyword.execute(ClickKeyword.groovy:40)
	at com.kms.katalon.core.keyword.internal.KeywordExecutor.executeKeywordForPlatform(KeywordExecutor.groovy:74)
	at com.kms.katalon.core.webui.keyword.WebUiBuiltInKeywords.click(WebUiBuiltInKeywords.groovy:620)
	at com.kms.katalon.core.webui.keyword.WebUiBuiltInKeywords$click$1.call(Unknown Source)
	at TC_44.run(TC_44:52)
	at com.kms.katalon.core.main.ScriptEngine.run(ScriptEngine.java:194)
	at com.kms.katalon.core.main.ScriptEngine.runScriptAsRawText(ScriptEngine.java:119)
	at com.kms.katalon.core.main.TestCaseExecutor.runScript(TestCaseExecutor.java:445)
	at com.kms.katalon.core.main.TestCaseExecutor.doExecute(TestCaseExecutor.java:436)
	at com.kms.katalon.core.main.TestCaseExecutor.processExecutionPhase(TestCaseExecutor.java:415)
	at com.kms.katalon.core.main.TestCaseExecutor.accessMainPhase(TestCaseExecutor.java:407)
	at com.kms.katalon.core.main.TestCaseExecutor.execute(TestCaseExecutor.java:284)
	at com.kms.katalon.core.common.CommonExecutor.accessTestCaseMainPhase(CommonExecutor.java:65)
	at com.kms.katalon.core.main.TestSuiteExecutor.accessTestSuiteMainPhase(TestSuiteExecutor.java:144)
	at com.kms.katalon.core.main.TestSuiteExecutor.execute(TestSuiteExecutor.java:106)
	at com.kms.katalon.core.main.TestCaseMain.startTestSuite(TestCaseMain.java:185)
	at com.kms.katalon.core.main.TestCaseMain$startTestSuite$0.call(Unknown Source)
	at TempTestSuite1658292400137.run(TempTestSuite1658292400137.groovy:36)
Caused by: com.kms.katalon.core.webui.exception.WebElementNotFoundException: Web element with id: 'Object Repository/tc44/Page_soca-ai-proctoring-dashboard/span_20' located by '//div[@id='__BVID__112__cell-2022-07-20_']/span' not found
	at com.kms.katalon.core.webui.common.WebUiCommonHelper.findWebElement(WebUiCommonHelper.java:1370)
	at com.kms.katalon.core.webui.keyword.internal.WebUIAbstractKeyword.findWebElement(WebUIAbstractKeyword.groovy:27)
	at com.kms.katalon.core.webui.keyword.builtin.ClickKeyword$_click_closure1.doCall(ClickKeyword.groovy:65)
	at com.kms.katalon.core.webui.keyword.builtin.ClickKeyword$_click_closure1.call(ClickKeyword.groovy)
	at com.kms.katalon.core.webui.keyword.internal.WebUIKeywordMain.runKeyword(WebUIKeywordMain.groovy:20)
	at com.kms.katalon.core.webui.keyword.builtin.ClickKeyword.click(ClickKeyword.groovy:74)
	at com.kms.katalon.core.webui.keyword.builtin.ClickKeyword.execute(ClickKeyword.groovy:40)
	at com.kms.katalon.core.keyword.internal.KeywordExecutor.executeKeywordForPlatform(KeywordExecutor.groovy:74)
	at com.kms.katalon.core.webui.keyword.WebUiBuiltInKeywords.click(WebUiBuiltInKeywords.groovy:620)
	at com.kms.katalon.core.webui.keyword.WebUiBuiltInKeywords$click$1.call(Unknown Source)
	at Script1658288499497.run(Script1658288499497.groovy:52)
	... 13 more
)

2022-07-20 11:52:31 - [MESSAGE][INFO] - Unable to find the element located by 'By.xpath: //div[@id='__BVID__112__cell-2022-07-20_']/span'. Please recheck the objects properties to make sure the desired element is located. 

2022-07-20 11:52:31 - [MESSAGE][FAILED] - Unable to click on object 'Object Repository/tc44/Page_soca-ai-proctoring-dashboard/span_20' (Root cause: com.kms.katalon.core.exception.StepFailedException: Unable to click on object 'Object Repository/tc44/Page_soca-ai-proctoring-dashboard/span_20'
	at com.kms.katalon.core.webui.keyword.internal.WebUIKeywordMain.stepFailed(WebUIKeywordMain.groovy:64)
	at com.kms.katalon.core.webui.keyword.internal.WebUIKeywordMain.runKeyword(WebUIKeywordMain.groovy:26)
	at com.kms.katalon.core.webui.keyword.builtin.ClickKeyword.click(ClickKeyword.groovy:74)
	at com.kms.katalon.core.webui.keyword.builtin.ClickKeyword.execute(ClickKeyword.groovy:40)
	at com.kms.katalon.core.keyword.internal.KeywordExecutor.executeKeywordForPlatform(KeywordExecutor.groovy:74)
	at com.kms.katalon.core.webui.keyword.WebUiBuiltInKeywords.click(WebUiBuiltInKeywords.groovy:620)
	at com.kms.katalon.core.webui.keyword.WebUiBuiltInKeywords$click$1.call(Unknown Source)
	at TC_44.run(TC_44:52)
	at com.kms.katalon.core.main.ScriptEngine.run(ScriptEngine.java:194)
	at com.kms.katalon.core.main.ScriptEngine.runScriptAsRawText(ScriptEngine.java:119)
	at com.kms.katalon.core.main.TestCaseExecutor.runScript(TestCaseExecutor.java:445)
	at com.kms.katalon.core.main.TestCaseExecutor.doExecute(TestCaseExecutor.java:436)
	at com.kms.katalon.core.main.TestCaseExecutor.processExecutionPhase(TestCaseExecutor.java:415)
	at com.kms.katalon.core.main.TestCaseExecutor.accessMainPhase(TestCaseExecutor.java:407)
	at com.kms.katalon.core.main.TestCaseExecutor.execute(TestCaseExecutor.java:284)
	at com.kms.katalon.core.common.CommonExecutor.accessTestCaseMainPhase(CommonExecutor.java:65)
	at com.kms.katalon.core.main.TestSuiteExecutor.accessTestSuiteMainPhase(TestSuiteExecutor.java:144)
	at com.kms.katalon.core.main.TestSuiteExecutor.execute(TestSuiteExecutor.java:106)
	at com.kms.katalon.core.main.TestCaseMain.startTestSuite(TestCaseMain.java:185)
	at com.kms.katalon.core.main.TestCaseMain$startTestSuite$0.call(Unknown Source)
	at TempTestSuite1658292400137.run(TempTestSuite1658292400137.groovy:36)
Caused by: com.kms.katalon.core.webui.exception.WebElementNotFoundException: Web element with id: 'Object Repository/tc44/Page_soca-ai-proctoring-dashboard/span_20' located by '//div[@id='__BVID__112__cell-2022-07-20_']/span' not found
	at com.kms.katalon.core.webui.common.WebUiCommonHelper.findWebElement(WebUiCommonHelper.java:1370)
	at com.kms.katalon.core.webui.keyword.internal.WebUIAbstractKeyword.findWebElement(WebUIAbstractKeyword.groovy:27)
	at com.kms.katalon.core.webui.keyword.builtin.ClickKeyword$_click_closure1.doCall(ClickKeyword.groovy:65)
	at com.kms.katalon.core.webui.keyword.builtin.ClickKeyword$_click_closure1.call(ClickKeyword.groovy)
	at com.kms.katalon.core.webui.keyword.internal.WebUIKeywordMain.runKeyword(WebUIKeywordMain.groovy:20)
	at com.kms.katalon.core.webui.keyword.builtin.ClickKeyword.click(ClickKeyword.groovy:74)
	at com.kms.katalon.core.webui.keyword.builtin.ClickKeyword.execute(ClickKeyword.groovy:40)
	at com.kms.katalon.core.keyword.internal.KeywordExecutor.executeKeywordForPlatform(KeywordExecutor.groovy:74)
	at com.kms.katalon.core.webui.keyword.WebUiBuiltInKeywords.click(WebUiBuiltInKeywords.groovy:620)
	at com.kms.katalon.core.webui.keyword.WebUiBuiltInKeywords$click$1.call(Unknown Source)
	at Script1658288499497.run(Script1658288499497.groovy:52)
	... 13 more
)
[[ATTACHMENT|E:\\Telkom University\\SEMESTER 7\\KP\\Magang - Birutekno\\QA\\Soca-AI\\Reports\\20220720_114640\\FR_06\\20220720_114640\\1658292751107.png]]]]></system-out>
         <system-err><![CDATA[2022-07-20 11:51:44 - [TEST_CASE][FAILED] - Test Cases/TC_44: Test Cases/TC_44 FAILED.
Reason:
com.kms.katalon.core.exception.StepFailedException: Unable to click on object 'Object Repository/tc44/Page_soca-ai-proctoring-dashboard/span_20'
	at com.kms.katalon.core.webui.keyword.internal.WebUIKeywordMain.stepFailed(WebUIKeywordMain.groovy:64)
	at com.kms.katalon.core.webui.keyword.internal.WebUIKeywordMain.runKeyword(WebUIKeywordMain.groovy:26)
	at com.kms.katalon.core.webui.keyword.builtin.ClickKeyword.click(ClickKeyword.groovy:74)
	at com.kms.katalon.core.webui.keyword.builtin.ClickKeyword.execute(ClickKeyword.groovy:40)
	at com.kms.katalon.core.keyword.internal.KeywordExecutor.executeKeywordForPlatform(KeywordExecutor.groovy:74)
	at com.kms.katalon.core.webui.keyword.WebUiBuiltInKeywords.click(WebUiBuiltInKeywords.groovy:620)
	at com.kms.katalon.core.webui.keyword.WebUiBuiltInKeywords$click$1.call(Unknown Source)
	at TC_44.run(TC_44:52)
	at com.kms.katalon.core.main.ScriptEngine.run(ScriptEngine.java:194)
	at com.kms.katalon.core.main.ScriptEngine.runScriptAsRawText(ScriptEngine.java:119)
	at com.kms.katalon.core.main.TestCaseExecutor.runScript(TestCaseExecutor.java:445)
	at com.kms.katalon.core.main.TestCaseExecutor.doExecute(TestCaseExecutor.java:436)
	at com.kms.katalon.core.main.TestCaseExecutor.processExecutionPhase(TestCaseExecutor.java:415)
	at com.kms.katalon.core.main.TestCaseExecutor.accessMainPhase(TestCaseExecutor.java:407)
	at com.kms.katalon.core.main.TestCaseExecutor.execute(TestCaseExecutor.java:284)
	at com.kms.katalon.core.common.CommonExecutor.accessTestCaseMainPhase(CommonExecutor.java:65)
	at com.kms.katalon.core.main.TestSuiteExecutor.accessTestSuiteMainPhase(TestSuiteExecutor.java:144)
	at com.kms.katalon.core.main.TestSuiteExecutor.execute(TestSuiteExecutor.java:106)
	at com.kms.katalon.core.main.TestCaseMain.startTestSuite(TestCaseMain.java:185)
	at com.kms.katalon.core.main.TestCaseMain$startTestSuite$0.call(Unknown Source)
	at TempTestSuite1658292400137.run(TempTestSuite1658292400137.groovy:36)
Caused by: com.kms.katalon.core.webui.exception.WebElementNotFoundException: Web element with id: 'Object Repository/tc44/Page_soca-ai-proctoring-dashboard/span_20' located by '//div[@id='__BVID__112__cell-2022-07-20_']/span' not found
	at com.kms.katalon.core.webui.common.WebUiCommonHelper.findWebElement(WebUiCommonHelper.java:1370)
	at com.kms.katalon.core.webui.keyword.internal.WebUIAbstractKeyword.findWebElement(WebUIAbstractKeyword.groovy:27)
	at com.kms.katalon.core.webui.keyword.builtin.ClickKeyword$_click_closure1.doCall(ClickKeyword.groovy:65)
	at com.kms.katalon.core.webui.keyword.builtin.ClickKeyword$_click_closure1.call(ClickKeyword.groovy)
	at com.kms.katalon.core.webui.keyword.internal.WebUIKeywordMain.runKeyword(WebUIKeywordMain.groovy:20)
	... 19 more]]></system-err>
      </testcase>
      <system-out><![CDATA[2022-07-20 11:46:42 - [TEST_SUITE][FAILED] - FR_06: Test Cases/TC_38 FAILED.
Reason:
com.kms.katalon.core.exception.StepFailedException: Unable to click on object 'Object Repository/tc38/Page_soca-ai-proctoring-dashboard/svg_(Selected time)_bi-chevron-up b-icon bi'
	at com.kms.katalon.core.webui.keyword.internal.WebUIKeywordMain.stepFailed(WebUIKeywordMain.groovy:64)
	at com.kms.katalon.core.webui.keyword.internal.WebUIKeywordMain.runKeyword(WebUIKeywordMain.groovy:26)
	at com.kms.katalon.core.webui.keyword.builtin.ClickKeyword.click(ClickKeyword.groovy:74)
	at com.kms.katalon.core.webui.keyword.builtin.ClickKeyword.execute(ClickKeyword.groovy:40)
	at com.kms.katalon.core.keyword.internal.KeywordExecutor.executeKeywordForPlatform(KeywordExecutor.groovy:74)
	at com.kms.katalon.core.webui.keyword.WebUiBuiltInKeywords.click(WebUiBuiltInKeywords.groovy:620)
	at com.kms.katalon.core.webui.keyword.WebUiBuiltInKeywords$click$1.call(Unknown Source)
	at TC_38.run(TC_38:73)
	at com.kms.katalon.core.main.ScriptEngine.run(ScriptEngine.java:194)
	at com.kms.katalon.core.main.ScriptEngine.runScriptAsRawText(ScriptEngine.java:119)
	at com.kms.katalon.core.main.TestCaseExecutor.runScript(TestCaseExecutor.java:445)
	at com.kms.katalon.core.main.TestCaseExecutor.doExecute(TestCaseExecutor.java:436)
	at com.kms.katalon.core.main.TestCaseExecutor.processExecutionPhase(TestCaseExecutor.java:415)
	at com.kms.katalon.core.main.TestCaseExecutor.accessMainPhase(TestCaseExecutor.java:407)
	at com.kms.katalon.core.main.TestCaseExecutor.execute(TestCaseExecutor.java:284)
	at com.kms.katalon.core.common.CommonExecutor.accessTestCaseMainPhase(CommonExecutor.java:65)
	at com.kms.katalon.core.main.TestSuiteExecutor.accessTestSuiteMainPhase(TestSuiteExecutor.java:144)
	at com.kms.katalon.core.main.TestSuiteExecutor.execute(TestSuiteExecutor.java:106)
	at com.kms.katalon.core.main.TestCaseMain.startTestSuite(TestCaseMain.java:185)
	at com.kms.katalon.core.main.TestCaseMain$startTestSuite$0.call(Unknown Source)
	at TempTestSuite1658292400137.run(TempTestSuite1658292400137.groovy:36)
Caused by: com.kms.katalon.core.webui.exception.WebElementNotFoundException: Web element with id: 'Object Repository/tc38/Page_soca-ai-proctoring-dashboard/svg_(Selected time)_bi-chevron-up b-icon bi' located by '(.//*[normalize-space(text()) and normalize-space(.)='(Selected time)'])[1]/following::*[name()='svg'][5]' not found
	at com.kms.katalon.core.webui.common.WebUiCommonHelper.findWebElement(WebUiCommonHelper.java:1370)
	at com.kms.katalon.core.webui.keyword.internal.WebUIAbstractKeyword.findWebElement(WebUIAbstractKeyword.groovy:27)
	at com.kms.katalon.core.webui.keyword.builtin.ClickKeyword$_click_closure1.doCall(ClickKeyword.groovy:65)
	at com.kms.katalon.core.webui.keyword.builtin.ClickKeyword$_click_closure1.call(ClickKeyword.groovy)
	at com.kms.katalon.core.webui.keyword.internal.WebUIKeywordMain.runKeyword(WebUIKeywordMain.groovy:20)
	... 19 more]]></system-out>
      <system-err><![CDATA[2022-07-20 11:46:42 - [TEST_SUITE][FAILED] - FR_06: Test Cases/TC_38 FAILED.
Reason:
com.kms.katalon.core.exception.StepFailedException: Unable to click on object 'Object Repository/tc38/Page_soca-ai-proctoring-dashboard/svg_(Selected time)_bi-chevron-up b-icon bi'
	at com.kms.katalon.core.webui.keyword.internal.WebUIKeywordMain.stepFailed(WebUIKeywordMain.groovy:64)
	at com.kms.katalon.core.webui.keyword.internal.WebUIKeywordMain.runKeyword(WebUIKeywordMain.groovy:26)
	at com.kms.katalon.core.webui.keyword.builtin.ClickKeyword.click(ClickKeyword.groovy:74)
	at com.kms.katalon.core.webui.keyword.builtin.ClickKeyword.execute(ClickKeyword.groovy:40)
	at com.kms.katalon.core.keyword.internal.KeywordExecutor.executeKeywordForPlatform(KeywordExecutor.groovy:74)
	at com.kms.katalon.core.webui.keyword.WebUiBuiltInKeywords.click(WebUiBuiltInKeywords.groovy:620)
	at com.kms.katalon.core.webui.keyword.WebUiBuiltInKeywords$click$1.call(Unknown Source)
	at TC_38.run(TC_38:73)
	at com.kms.katalon.core.main.ScriptEngine.run(ScriptEngine.java:194)
	at com.kms.katalon.core.main.ScriptEngine.runScriptAsRawText(ScriptEngine.java:119)
	at com.kms.katalon.core.main.TestCaseExecutor.runScript(TestCaseExecutor.java:445)
	at com.kms.katalon.core.main.TestCaseExecutor.doExecute(TestCaseExecutor.java:436)
	at com.kms.katalon.core.main.TestCaseExecutor.processExecutionPhase(TestCaseExecutor.java:415)
	at com.kms.katalon.core.main.TestCaseExecutor.accessMainPhase(TestCaseExecutor.java:407)
	at com.kms.katalon.core.main.TestCaseExecutor.execute(TestCaseExecutor.java:284)
	at com.kms.katalon.core.common.CommonExecutor.accessTestCaseMainPhase(CommonExecutor.java:65)
	at com.kms.katalon.core.main.TestSuiteExecutor.accessTestSuiteMainPhase(TestSuiteExecutor.java:144)
	at com.kms.katalon.core.main.TestSuiteExecutor.execute(TestSuiteExecutor.java:106)
	at com.kms.katalon.core.main.TestCaseMain.startTestSuite(TestCaseMain.java:185)
	at com.kms.katalon.core.main.TestCaseMain$startTestSuite$0.call(Unknown Source)
	at TempTestSuite1658292400137.run(TempTestSuite1658292400137.groovy:36)
Caused by: com.kms.katalon.core.webui.exception.WebElementNotFoundException: Web element with id: 'Object Repository/tc38/Page_soca-ai-proctoring-dashboard/svg_(Selected time)_bi-chevron-up b-icon bi' located by '(.//*[normalize-space(text()) and normalize-space(.)='(Selected time)'])[1]/following::*[name()='svg'][5]' not found
	at com.kms.katalon.core.webui.common.WebUiCommonHelper.findWebElement(WebUiCommonHelper.java:1370)
	at com.kms.katalon.core.webui.keyword.internal.WebUIAbstractKeyword.findWebElement(WebUIAbstractKeyword.groovy:27)
	at com.kms.katalon.core.webui.keyword.builtin.ClickKeyword$_click_closure1.doCall(ClickKeyword.groovy:65)
	at com.kms.katalon.core.webui.keyword.builtin.ClickKeyword$_click_closure1.call(ClickKeyword.groovy)
	at com.kms.katalon.core.webui.keyword.internal.WebUIKeywordMain.runKeyword(WebUIKeywordMain.groovy:20)
	... 19 more]]></system-err>
   </testsuite>
</testsuites>
